<?xml version="1.0" encoding="UTF-8"?>
<testsuites name="Search Hasil Pemilu" time="19.71" tests="1" failures="0" errors="0">
   <testsuite name="Search Hasil Pemilu" tests="1" failures="0" errors="0" time="19.71" skipped="0" timestamp="03-04-2024T12:09:57" hostname="1901 - LAPTOP-LLV8UN8R.mshome.net" id="Test Suites/Search Hasil Pemilu">
      <properties>
         <property name="deviceName" value=""/>
         <property name="devicePlatform" value=""/>
         <property name="logFolder" value="C:\\Users\\1901\\git\\Schedule-test-katalon\\Reports\\20240403_120752\\Search Hasil Pemilu\\20240403_120803"/>
         <property name="logFiles" value="C:\\Users\\1901\\git\\Schedule-test-katalon\\Reports\\20240403_120752\\Search Hasil Pemilu\\20240403_120803\\execution0.log"/>
         <property name="attachments" value="keyes\keyes-1.png"/>
         <property name="hostName" value="1901 - LAPTOP-LLV8UN8R.mshome.net"/>
         <property name="os" value="Windows 11 64bit"/>
         <property name="katalonVersion" value="9.3.2.212"/>
         <property name="browser" value="Chrome 123.0.0.0"/>
         <property name="hostAddress" value="192.168.137.1"/>
         <property name="sessionId" value="bb7fd2930d0387ca498c509deb1fb9b4"/>
         <property name="seleniumVersion" value="3.141.59"/>
         <property name="proxyInformation" value="ProxyInformation { proxyOption=NO_PROXY, proxyServerType=HTTP, username=, password=********, proxyServerAddress=, proxyServerPort=0, executionList=&quot;&quot;, isApplyToDesiredCapabilities=true }"/>
         <property name="platform" value="Windows 11"/>
      </properties>
      <testcase name="Test Cases/Search Hasil Pemilu" time="19.526" classname="Test Cases/Search Hasil Pemilu" status="PASSED">
         <system-out><![CDATA[03-04-2024T12:09:57 - [TEST_CASE][PASSED] - Test Cases/Search Hasil Pemilu: Test Cases/Search Hasil Pemilu

03-04-2024T12:09:58 - [TEST_STEP][PASSED] - openBrowser(""): Browser is opened with url: ''

03-04-2024T12:09:58 - [MESSAGE][INFO] - Starting 'Chrome' driver

03-04-2024T12:09:58 - [MESSAGE][INFO] - Action delay is set to 0 milliseconds

03-04-2024T12:10:00 - [MESSAGE][PASSED] - Browser is opened with url: ''

03-04-2024T12:10:00 - [TEST_STEP][PASSED] - navigateToUrl("https://www.google.com/"): Navigate to 'https://www.google.com/' successfully

03-04-2024T12:10:01 - [MESSAGE][PASSED] - Navigate to 'https://www.google.com/' successfully

03-04-2024T12:10:01 - [TEST_STEP][PASSED] - setText(findTestObject("Object Repository/Search hasil pemilu/Page_Google/textarea_Login_q"), "hasil pemilu"): Text 'hasil pemilu' is set on object 'Object Repository/Search hasil pemilu/Page_Google/textarea_Login_q'

03-04-2024T12:10:02 - [MESSAGE][PASSED] - Text 'hasil pemilu' is set on object 'Object Repository/Search hasil pemilu/Page_Google/textarea_Login_q'

03-04-2024T12:10:02 - [TEST_STEP][PASSED] - click(findTestObject("Object Repository/Search hasil pemilu/Page_Google/span_hasil pemilu 2024")): Object: 'Object Repository/Search hasil pemilu/Page_Google/span_hasil pemilu 2024' is clicked on

03-04-2024T12:10:02 - [MESSAGE][PASSED] - Object: 'Object Repository/Search hasil pemilu/Page_Google/span_hasil pemilu 2024' is clicked on

03-04-2024T12:10:02 - [TEST_STEP][PASSED] - click(findTestObject("Object Repository/Search hasil pemilu/Page_hasil pemilu 2024 - Penelusuran Google/h3_Info Publik Pemilu 2024")): Object: 'Object Repository/Search hasil pemilu/Page_hasil pemilu 2024 - Penelusuran Google/h3_Info Publik Pemilu 2024' is clicked on

03-04-2024T12:10:06 - [MESSAGE][PASSED] - Object: 'Object Repository/Search hasil pemilu/Page_hasil pemilu 2024 - Penelusuran Google/h3_Info Publik Pemilu 2024' is clicked on

03-04-2024T12:10:06 - [TEST_STEP][PASSED] - click(findTestObject("Object Repository/Search hasil pemilu/Page_Info Publik Pemilu 2024/a_BANTEN")): Object: 'Object Repository/Search hasil pemilu/Page_Info Publik Pemilu 2024/a_BANTEN' is clicked on

03-04-2024T12:10:07 - [MESSAGE][PASSED] - Object: 'Object Repository/Search hasil pemilu/Page_Info Publik Pemilu 2024/a_BANTEN' is clicked on

03-04-2024T12:10:07 - [TEST_STEP][PASSED] - click(findTestObject("Object Repository/Search hasil pemilu/Page_Info Publik Pemilu 2024/a_KOTA TANGERANG SELATAN")): Object: 'Object Repository/Search hasil pemilu/Page_Info Publik Pemilu 2024/a_KOTA TANGERANG SELATAN' is clicked on

03-04-2024T12:10:07 - [MESSAGE][PASSED] - Object: 'Object Repository/Search hasil pemilu/Page_Info Publik Pemilu 2024/a_KOTA TANGERANG SELATAN' is clicked on

03-04-2024T12:10:07 - [TEST_STEP][PASSED] - click(findTestObject("Object Repository/Search hasil pemilu/Page_Info Publik Pemilu 2024/a_PAMULANG")): Object: 'Object Repository/Search hasil pemilu/Page_Info Publik Pemilu 2024/a_PAMULANG' is clicked on

03-04-2024T12:10:10 - [MESSAGE][PASSED] - Object: 'Object Repository/Search hasil pemilu/Page_Info Publik Pemilu 2024/a_PAMULANG' is clicked on

03-04-2024T12:10:10 - [TEST_STEP][PASSED] - click(findTestObject("Object Repository/Search hasil pemilu/Page_Info Publik Pemilu 2024/a_KEDAUNG")): Object: 'Object Repository/Search hasil pemilu/Page_Info Publik Pemilu 2024/a_KEDAUNG' is clicked on

03-04-2024T12:10:13 - [MESSAGE][PASSED] - Object: 'Object Repository/Search hasil pemilu/Page_Info Publik Pemilu 2024/a_KEDAUNG' is clicked on

03-04-2024T12:10:13 - [TEST_STEP][PASSED] - click(findTestObject("Object Repository/Search hasil pemilu/Page_Info Publik Pemilu 2024/a_TPS 017")): Object: 'Object Repository/Search hasil pemilu/Page_Info Publik Pemilu 2024/a_TPS 017' is clicked on

03-04-2024T12:10:16 - [MESSAGE][PASSED] - Object: 'Object Repository/Search hasil pemilu/Page_Info Publik Pemilu 2024/a_TPS 017' is clicked on

03-04-2024T12:10:16 - [TEST_STEP][PASSED] - takeScreenshotAsCheckpoint("1"): Taking screenshot successfully

03-04-2024T12:10:16 - [MESSAGE][INFO] - 0 hidden object(s)

03-04-2024T12:10:17 - [MESSAGE][PASSED] - Taking screenshot successfully
[[ATTACHMENT|keyes\keyes-1.png]]

03-04-2024T12:10:17 - [TEST_STEP][PASSED] - closeBrowser(): Browser is closed

03-04-2024T12:10:17 - [MESSAGE][PASSED] - Browser is closed]]></system-out>
         <system-err><![CDATA[]]></system-err>
      </testcase>
      <system-out><![CDATA[03-04-2024T12:09:57 - [TEST_SUITE][PASSED] - Search Hasil Pemilu: Test Cases/Search Hasil Pemilu]]></system-out>
      <system-err><![CDATA[]]></system-err>
   </testsuite>
</testsuites>
