<?xml version="1.0" encoding="UTF-8"?>
<testsuites name="Search Tanjung duren" time="10.857" tests="1" failures="0" errors="0">
   <testsuite name="Search Tanjung duren" tests="1" failures="0" errors="0" time="10.857" skipped="0" timestamp="03-04-2024T09:23:13" hostname="1901 - LAPTOP-LLV8UN8R" id="Test Suites/Search Tanjung duren">
      <properties>
         <property name="deviceName" value=""/>
         <property name="devicePlatform" value=""/>
         <property name="logFolder" value="C:\\Users\\1901\\git\\Schedule-test-katalon\\Reports\\20240403_091149\\Search Tanjung duren\\20240403_091236"/>
         <property name="logFiles" value="C:\\Users\\1901\\git\\Schedule-test-katalon\\Reports\\20240403_091149\\Search Tanjung duren\\20240403_091236\\execution0.log"/>
         <property name="attachments" value="keyes\keyes-3.png"/>
         <property name="hostName" value="1901 - LAPTOP-LLV8UN8R"/>
         <property name="os" value="Windows 11 64bit"/>
         <property name="katalonVersion" value="9.3.2.212"/>
         <property name="browser" value="Chrome 123.0.0.0"/>
         <property name="hostAddress" value="192.168.0.80"/>
         <property name="sessionId" value="c22eef10c75a58464fd6ce097872f976"/>
         <property name="seleniumVersion" value="3.141.59"/>
         <property name="proxyInformation" value="ProxyInformation { proxyOption=NO_PROXY, proxyServerType=HTTP, username=, password=********, proxyServerAddress=, proxyServerPort=0, executionList=&quot;&quot;, isApplyToDesiredCapabilities=true }"/>
         <property name="platform" value="Windows 11"/>
      </properties>
      <testcase name="Test Cases/Search Tanjung Duren" time="10.648" classname="Test Cases/Search Tanjung Duren" status="PASSED">
         <system-out><![CDATA[03-04-2024T09:23:13 - [TEST_CASE][PASSED] - Test Cases/Search Tanjung Duren: Test Cases/Search Tanjung Duren

03-04-2024T09:23:13 - [TEST_STEP][PASSED] - openBrowser(""): Browser is opened with url: ''

03-04-2024T09:23:14 - [MESSAGE][INFO] - Starting 'Chrome' driver

03-04-2024T09:23:14 - [MESSAGE][INFO] - Action delay is set to 0 milliseconds

03-04-2024T09:23:15 - [MESSAGE][PASSED] - Browser is opened with url: ''

03-04-2024T09:23:15 - [TEST_STEP][PASSED] - navigateToUrl("https://www.google.com/"): Navigate to 'https://www.google.com/' successfully

03-04-2024T09:23:17 - [MESSAGE][PASSED] - Navigate to 'https://www.google.com/' successfully

03-04-2024T09:23:17 - [TEST_STEP][PASSED] - setText(findTestObject("Object Repository/Search Tanjung duren/Page_Google/textarea_Login_q"), "tanjung duren"): Text 'tanjung duren' is set on object 'Object Repository/Search Tanjung duren/Page_Google/textarea_Login_q'

03-04-2024T09:23:18 - [MESSAGE][PASSED] - Text 'tanjung duren' is set on object 'Object Repository/Search Tanjung duren/Page_Google/textarea_Login_q'

03-04-2024T09:23:18 - [TEST_STEP][PASSED] - click(findTestObject("Object Repository/Search Tanjung duren/Page_Google/span_Tanjung Duren Utara")): Object: 'Object Repository/Search Tanjung duren/Page_Google/span_Tanjung Duren Utara' is clicked on

03-04-2024T09:23:19 - [MESSAGE][PASSED] - Object: 'Object Repository/Search Tanjung duren/Page_Google/span_Tanjung Duren Utara' is clicked on

03-04-2024T09:23:19 - [TEST_STEP][PASSED] - click(findTestObject("Object Repository/Search Tanjung duren/Page_tanjung duren - Penelusuran Google/h3_Tanjung Duren Utara, Grogol Petamburan, _9c911c")): Object: 'Object Repository/Search Tanjung duren/Page_tanjung duren - Penelusuran Google/h3_Tanjung Duren Utara, Grogol Petamburan, _9c911c' is clicked on

03-04-2024T09:23:22 - [MESSAGE][PASSED] - Object: 'Object Repository/Search Tanjung duren/Page_tanjung duren - Penelusuran Google/h3_Tanjung Duren Utara, Grogol Petamburan, _9c911c' is clicked on

03-04-2024T09:23:22 - [TEST_STEP][PASSED] - takeScreenshotAsCheckpoint("3"): Taking screenshot successfully

03-04-2024T09:23:23 - [MESSAGE][INFO] - 0 hidden object(s)

03-04-2024T09:23:23 - [MESSAGE][PASSED] - Taking screenshot successfully
[[ATTACHMENT|keyes\keyes-3.png]]

03-04-2024T09:23:23 - [TEST_STEP][PASSED] - closeBrowser(): Browser is closed

03-04-2024T09:23:24 - [MESSAGE][PASSED] - Browser is closed]]></system-out>
         <system-err><![CDATA[]]></system-err>
      </testcase>
      <system-out><![CDATA[03-04-2024T09:23:13 - [TEST_SUITE][PASSED] - Search Tanjung duren: Test Cases/Search Tanjung Duren]]></system-out>
      <system-err><![CDATA[]]></system-err>
   </testsuite>
</testsuites>
