<?xml version="1.0" encoding="UTF-8"?>
<testsuites name="youtube" time="15.859" tests="1" failures="0" errors="0">
   <testsuite name="youtube" tests="1" failures="0" errors="0" time="15.859" skipped="0" timestamp="01-04-2024T15:01:14" hostname="1901 - LAPTOP-LLV8UN8R.mshome.net" id="Test Suites/youtube">
      <properties>
         <property name="deviceName" value=""/>
         <property name="devicePlatform" value=""/>
         <property name="logFolder" value="C:\\Users\\1901\\git\\Schedule-test-katalon\\Reports\\20240401_150030\\youtube\\20240401_150034"/>
         <property name="logFiles" value="C:\\Users\\1901\\git\\Schedule-test-katalon\\Reports\\20240401_150030\\youtube\\20240401_150034\\execution0.log"/>
         <property name="attachments" value=""/>
         <property name="hostName" value="1901 - LAPTOP-LLV8UN8R.mshome.net"/>
         <property name="os" value="Windows 11 64bit"/>
         <property name="katalonVersion" value="9.3.2.212"/>
         <property name="browser" value="Chrome 123.0.0.0"/>
         <property name="hostAddress" value="192.168.137.1"/>
         <property name="sessionId" value="36faec763aaddaea1c87ae275458b34c"/>
         <property name="seleniumVersion" value="3.141.59"/>
         <property name="proxyInformation" value="ProxyInformation { proxyOption=NO_PROXY, proxyServerType=HTTP, username=, password=********, proxyServerAddress=, proxyServerPort=0, executionList=&quot;&quot;, isApplyToDesiredCapabilities=true }"/>
         <property name="platform" value="Windows 11"/>
      </properties>
      <testcase name="Test Cases/open youtube" time="15.643" classname="Test Cases/open youtube" status="PASSED">
         <system-out><![CDATA[01-04-2024T15:01:14 - [TEST_CASE][PASSED] - Test Cases/open youtube: Test Cases/open youtube

01-04-2024T15:01:14 - [TEST_STEP][PASSED] - openBrowser(""): Browser is opened with url: ''

01-04-2024T15:01:15 - [MESSAGE][INFO] - Starting 'Chrome' driver

01-04-2024T15:01:15 - [MESSAGE][INFO] - Action delay is set to 0 milliseconds

01-04-2024T15:01:16 - [MESSAGE][PASSED] - Browser is opened with url: ''

01-04-2024T15:01:16 - [TEST_STEP][PASSED] - navigateToUrl("https://www.youtube.com/?themeRefresh=1"): Navigate to 'https://www.youtube.com/?themeRefresh=1' successfully

01-04-2024T15:01:21 - [MESSAGE][PASSED] - Navigate to 'https://www.youtube.com/?themeRefresh=1' successfully

01-04-2024T15:01:22 - [TEST_STEP][PASSED] - setText(findTestObject("Object Repository/search youtube/Page_YouTube/input_Skip navigation_search_query"), "katalon schedule test"): Text 'katalon schedule test' is set on object 'Object Repository/search youtube/Page_YouTube/input_Skip navigation_search_query'

01-04-2024T15:01:26 - [MESSAGE][PASSED] - Text 'katalon schedule test' is set on object 'Object Repository/search youtube/Page_YouTube/input_Skip navigation_search_query'

01-04-2024T15:01:26 - [TEST_STEP][PASSED] - click(findTestObject("Object Repository/search youtube/Page_YouTube/div")): Object: 'Object Repository/search youtube/Page_YouTube/div' is clicked on

01-04-2024T15:01:29 - [MESSAGE][PASSED] - Object: 'Object Repository/search youtube/Page_YouTube/div' is clicked on

01-04-2024T15:01:29 - [TEST_STEP][PASSED] - closeBrowser(): Browser is closed

01-04-2024T15:01:30 - [MESSAGE][PASSED] - Browser is closed]]></system-out>
         <system-err><![CDATA[]]></system-err>
      </testcase>
      <system-out><![CDATA[01-04-2024T15:01:14 - [TEST_SUITE][PASSED] - youtube: Test Cases/open youtube]]></system-out>
      <system-err><![CDATA[]]></system-err>
   </testsuite>
</testsuites>
