<?xml version="1.0" encoding="UTF-8"?>
<testsuites name="web iglo" time="10.461" tests="1" failures="0" errors="0">
   <testsuite name="web iglo" tests="1" failures="0" errors="0" time="10.461" skipped="0" timestamp="28-03-2024T16:17:41" hostname="1901 - LAPTOP-LLV8UN8R" id="Test Suites/web iglo">
      <properties>
         <property name="deviceName" value=""/>
         <property name="devicePlatform" value=""/>
         <property name="logFolder" value="C:\\Users\\1901\\git\\Schedule-test-katalon\\Reports\\20240328_161727\\web iglo\\20240328_161728"/>
         <property name="logFiles" value="C:\\Users\\1901\\git\\Schedule-test-katalon\\Reports\\20240328_161727\\web iglo\\20240328_161728\\execution0.log"/>
         <property name="attachments" value="keyes\keyes-1.png"/>
         <property name="hostName" value="1901 - LAPTOP-LLV8UN8R"/>
         <property name="os" value="Windows 11 64bit"/>
         <property name="katalonVersion" value="9.3.2.212"/>
         <property name="browser" value="Chrome 123.0.0.0"/>
         <property name="hostAddress" value="192.168.241.70"/>
         <property name="sessionId" value="91a0cd9ef1e9cf142a602024cb33155a"/>
         <property name="seleniumVersion" value="3.141.59"/>
         <property name="proxyInformation" value="ProxyInformation { proxyOption=NO_PROXY, proxyServerType=HTTP, username=, password=********, proxyServerAddress=, proxyServerPort=0, executionList=&quot;&quot;, isApplyToDesiredCapabilities=true }"/>
         <property name="platform" value="Windows 11"/>
      </properties>
      <testcase name="Test Cases/Web Iglo" time="10.217" classname="Test Cases/Web Iglo" status="PASSED">
         <system-out><![CDATA[28-03-2024T16:17:41 - [TEST_CASE][PASSED] - Test Cases/Web Iglo: Test Cases/Web Iglo

28-03-2024T16:17:41 - [TEST_STEP][PASSED] - openBrowser(""): Browser is opened with url: ''

28-03-2024T16:17:42 - [MESSAGE][INFO] - Starting 'Chrome' driver

28-03-2024T16:17:42 - [MESSAGE][INFO] - Action delay is set to 0 milliseconds

28-03-2024T16:17:44 - [MESSAGE][PASSED] - Browser is opened with url: ''

28-03-2024T16:17:44 - [TEST_STEP][PASSED] - navigateToUrl("https://www.indocyber.co.id/"): Navigate to 'https://www.indocyber.co.id/' successfully

28-03-2024T16:17:45 - [MESSAGE][PASSED] - Navigate to 'https://www.indocyber.co.id/' successfully

28-03-2024T16:17:45 - [TEST_STEP][PASSED] - click(findTestObject("Object Repository/contact_us/Page_Home  Indocyber/a_Contact Us")): Object: 'Object Repository/contact_us/Page_Home  Indocyber/a_Contact Us' is clicked on

28-03-2024T16:17:47 - [MESSAGE][PASSED] - Object: 'Object Repository/contact_us/Page_Home  Indocyber/a_Contact Us' is clicked on

28-03-2024T16:17:47 - [TEST_STEP][PASSED] - setText(findTestObject("Object Repository/contact_us/Page_Contact Us  Indocyber/input_What can we do for you_name"), "Faraz Septarian"): Text 'Faraz Septarian' is set on object 'Object Repository/contact_us/Page_Contact Us  Indocyber/input_What can we do for you_name'

28-03-2024T16:17:49 - [MESSAGE][PASSED] - Text 'Faraz Septarian' is set on object 'Object Repository/contact_us/Page_Contact Us  Indocyber/input_What can we do for you_name'

28-03-2024T16:17:49 - [TEST_STEP][PASSED] - setText(findTestObject("Object Repository/contact_us/Page_Contact Us  Indocyber/input_What can we do for you_email"), "faraz.nugroho@indocyber.id"): Text 'faraz.nugroho@indocyber.id' is set on object 'Object Repository/contact_us/Page_Contact Us  Indocyber/input_What can we do for you_email'

28-03-2024T16:17:50 - [MESSAGE][PASSED] - Text 'faraz.nugroho@indocyber.id' is set on object 'Object Repository/contact_us/Page_Contact Us  Indocyber/input_What can we do for you_email'

28-03-2024T16:17:50 - [TEST_STEP][PASSED] - takeScreenshotAsCheckpoint("1"): Taking screenshot successfully

28-03-2024T16:17:51 - [MESSAGE][INFO] - 0 hidden object(s)

28-03-2024T16:17:51 - [MESSAGE][PASSED] - Taking screenshot successfully
[[ATTACHMENT|keyes\keyes-1.png]]

28-03-2024T16:17:51 - [TEST_STEP][PASSED] - closeBrowser(): Browser is closed

28-03-2024T16:17:51 - [MESSAGE][PASSED] - Browser is closed]]></system-out>
         <system-err><![CDATA[]]></system-err>
      </testcase>
      <system-out><![CDATA[28-03-2024T16:17:41 - [TEST_SUITE][PASSED] - web iglo: Test Cases/Web Iglo]]></system-out>
      <system-err><![CDATA[]]></system-err>
   </testsuite>
</testsuites>
