<?xml version="1.0" encoding="UTF-8"?>
<testsuites name="Search Tanjung duren" time="10.492" tests="1" failures="0" errors="0">
   <testsuite name="Search Tanjung duren" tests="1" failures="0" errors="0" time="10.492" skipped="0" timestamp="02-04-2024T22:32:24" hostname="1901 - LAPTOP-LLV8UN8R" id="Test Suites/Search Tanjung duren">
      <properties>
         <property name="deviceName" value=""/>
         <property name="devicePlatform" value=""/>
         <property name="logFolder" value="C:\\Users\\1901\\git\\Schedule-test-katalon\\Reports\\20240402_222413\\Search Tanjung duren\\20240402_222450"/>
         <property name="logFiles" value="C:\\Users\\1901\\git\\Schedule-test-katalon\\Reports\\20240402_222413\\Search Tanjung duren\\20240402_222450\\execution0.log"/>
         <property name="attachments" value="keyes\keyes-3.png"/>
         <property name="hostName" value="1901 - LAPTOP-LLV8UN8R"/>
         <property name="os" value="Windows 11 64bit"/>
         <property name="katalonVersion" value="9.3.2.212"/>
         <property name="browser" value="Chrome 123.0.0.0"/>
         <property name="hostAddress" value="192.168.1.10"/>
         <property name="sessionId" value="bd22a60b9c4a57717bb5b9df92fb3e40"/>
         <property name="seleniumVersion" value="3.141.59"/>
         <property name="proxyInformation" value="ProxyInformation { proxyOption=NO_PROXY, proxyServerType=HTTP, username=, password=********, proxyServerAddress=, proxyServerPort=0, executionList=&quot;&quot;, isApplyToDesiredCapabilities=true }"/>
         <property name="platform" value="Windows 11"/>
      </properties>
      <testcase name="Test Cases/Search Tanjung Duren" time="10.268" classname="Test Cases/Search Tanjung Duren" status="PASSED">
         <system-out><![CDATA[02-04-2024T22:32:24 - [TEST_CASE][PASSED] - Test Cases/Search Tanjung Duren: Test Cases/Search Tanjung Duren

02-04-2024T22:32:24 - [TEST_STEP][PASSED] - openBrowser(""): Browser is opened with url: ''

02-04-2024T22:32:25 - [MESSAGE][INFO] - Starting 'Chrome' driver

02-04-2024T22:32:25 - [MESSAGE][INFO] - Action delay is set to 0 milliseconds

02-04-2024T22:32:27 - [MESSAGE][PASSED] - Browser is opened with url: ''

02-04-2024T22:32:27 - [TEST_STEP][PASSED] - navigateToUrl("https://www.google.com/"): Navigate to 'https://www.google.com/' successfully

02-04-2024T22:32:28 - [MESSAGE][PASSED] - Navigate to 'https://www.google.com/' successfully

02-04-2024T22:32:28 - [TEST_STEP][PASSED] - setText(findTestObject("Object Repository/Search Tanjung duren/Page_Google/textarea_Login_q"), "tanjung duren"): Text 'tanjung duren' is set on object 'Object Repository/Search Tanjung duren/Page_Google/textarea_Login_q'

02-04-2024T22:32:29 - [MESSAGE][PASSED] - Text 'tanjung duren' is set on object 'Object Repository/Search Tanjung duren/Page_Google/textarea_Login_q'

02-04-2024T22:32:29 - [TEST_STEP][PASSED] - click(findTestObject("Object Repository/Search Tanjung duren/Page_Google/span_Tanjung Duren Utara")): Object: 'Object Repository/Search Tanjung duren/Page_Google/span_Tanjung Duren Utara' is clicked on

02-04-2024T22:32:30 - [MESSAGE][PASSED] - Object: 'Object Repository/Search Tanjung duren/Page_Google/span_Tanjung Duren Utara' is clicked on

02-04-2024T22:32:30 - [TEST_STEP][PASSED] - click(findTestObject("Object Repository/Search Tanjung duren/Page_tanjung duren - Penelusuran Google/h3_Tanjung Duren Utara, Grogol Petamburan, _9c911c")): Object: 'Object Repository/Search Tanjung duren/Page_tanjung duren - Penelusuran Google/h3_Tanjung Duren Utara, Grogol Petamburan, _9c911c' is clicked on

02-04-2024T22:32:33 - [MESSAGE][PASSED] - Object: 'Object Repository/Search Tanjung duren/Page_tanjung duren - Penelusuran Google/h3_Tanjung Duren Utara, Grogol Petamburan, _9c911c' is clicked on

02-04-2024T22:32:33 - [TEST_STEP][PASSED] - takeScreenshotAsCheckpoint("3"): Taking screenshot successfully

02-04-2024T22:32:34 - [MESSAGE][INFO] - 0 hidden object(s)

02-04-2024T22:32:34 - [MESSAGE][PASSED] - Taking screenshot successfully
[[ATTACHMENT|keyes\keyes-3.png]]

02-04-2024T22:32:34 - [TEST_STEP][PASSED] - closeBrowser(): Browser is closed

02-04-2024T22:32:34 - [MESSAGE][PASSED] - Browser is closed]]></system-out>
         <system-err><![CDATA[]]></system-err>
      </testcase>
      <system-out><![CDATA[02-04-2024T22:32:24 - [TEST_SUITE][PASSED] - Search Tanjung duren: Test Cases/Search Tanjung Duren]]></system-out>
      <system-err><![CDATA[]]></system-err>
   </testsuite>
</testsuites>
