<?xml version="1.0" encoding="UTF-8"?>
<testsuites name="open web" time="571.49" tests="25" failures="0" errors="0">
   <testsuite name="youtube" tests="1" failures="0" errors="0" time="11.705" skipped="0" timestamp="02-04-2024T22:01:20" hostname="1901 - LAPTOP-LLV8UN8R" id="Test Suites/youtube">
      <properties>
         <property name="deviceName" value=""/>
         <property name="devicePlatform" value=""/>
         <property name="logFolder" value="C:\\Users\\1901\\git\\Schedule-test-katalon\\Reports\\20240402_220018\\youtube\\20240402_220020"/>
         <property name="logFiles" value="C:\\Users\\1901\\git\\Schedule-test-katalon\\Reports\\20240402_220018\\youtube\\20240402_220020\\execution0.log"/>
         <property name="attachments" value=""/>
         <property name="hostName" value="1901 - LAPTOP-LLV8UN8R"/>
         <property name="os" value="Windows 11 64bit"/>
         <property name="katalonVersion" value="9.3.2.212"/>
         <property name="browser" value="Chrome 123.0.0.0"/>
         <property name="hostAddress" value="192.168.1.10"/>
         <property name="sessionId" value="13298a928f58845d0334dededc0294c9"/>
         <property name="seleniumVersion" value="3.141.59"/>
         <property name="proxyInformation" value="ProxyInformation { proxyOption=NO_PROXY, proxyServerType=HTTP, username=, password=********, proxyServerAddress=, proxyServerPort=0, executionList=&quot;&quot;, isApplyToDesiredCapabilities=true }"/>
         <property name="platform" value="Windows 11"/>
      </properties>
      <testcase name="Test Cases/open youtube" time="11.447" classname="Test Cases/open youtube" status="PASSED">
         <system-out><![CDATA[02-04-2024T22:01:20 - [TEST_CASE][PASSED] - Test Cases/open youtube: Test Cases/open youtube

02-04-2024T22:01:20 - [TEST_STEP][PASSED] - openBrowser(""): Browser is opened with url: ''

02-04-2024T22:01:21 - [MESSAGE][INFO] - Starting 'Chrome' driver

02-04-2024T22:01:21 - [MESSAGE][INFO] - Action delay is set to 0 milliseconds

02-04-2024T22:01:23 - [MESSAGE][PASSED] - Browser is opened with url: ''

02-04-2024T22:01:23 - [TEST_STEP][PASSED] - navigateToUrl("https://www.youtube.com/?themeRefresh=1"): Navigate to 'https://www.youtube.com/?themeRefresh=1' successfully

02-04-2024T22:01:26 - [MESSAGE][PASSED] - Navigate to 'https://www.youtube.com/?themeRefresh=1' successfully

02-04-2024T22:01:26 - [TEST_STEP][PASSED] - setText(findTestObject("Object Repository/search youtube/Page_YouTube/input_Skip navigation_search_query"), "katalon schedule test"): Text 'katalon schedule test' is set on object 'Object Repository/search youtube/Page_YouTube/input_Skip navigation_search_query'

02-04-2024T22:01:29 - [MESSAGE][PASSED] - Text 'katalon schedule test' is set on object 'Object Repository/search youtube/Page_YouTube/input_Skip navigation_search_query'

02-04-2024T22:01:29 - [TEST_STEP][PASSED] - click(findTestObject("Object Repository/search youtube/Page_YouTube/div")): Object: 'Object Repository/search youtube/Page_YouTube/div' is clicked on

02-04-2024T22:01:31 - [MESSAGE][PASSED] - Object: 'Object Repository/search youtube/Page_YouTube/div' is clicked on

02-04-2024T22:01:31 - [TEST_STEP][PASSED] - closeBrowser(): Browser is closed

02-04-2024T22:01:31 - [MESSAGE][PASSED] - Browser is closed]]></system-out>
         <system-err><![CDATA[]]></system-err>
      </testcase>
      <system-out><![CDATA[02-04-2024T22:01:20 - [TEST_SUITE][PASSED] - youtube: Test Cases/open youtube]]></system-out>
      <system-err><![CDATA[]]></system-err>
   </testsuite>
   <testsuite name="Search Iglo" tests="1" failures="0" errors="0" time="10.712" skipped="0" timestamp="02-04-2024T22:01:44" hostname="1901 - LAPTOP-LLV8UN8R" id="Test Suites/Search Iglo">
      <properties>
         <property name="deviceName" value=""/>
         <property name="devicePlatform" value=""/>
         <property name="logFolder" value="C:\\Users\\1901\\git\\Schedule-test-katalon\\Reports\\20240402_220018\\Search Iglo\\20240402_220022"/>
         <property name="logFiles" value="C:\\Users\\1901\\git\\Schedule-test-katalon\\Reports\\20240402_220018\\Search Iglo\\20240402_220022\\execution0.log"/>
         <property name="attachments" value="keyes\keyes-2.png"/>
         <property name="hostName" value="1901 - LAPTOP-LLV8UN8R"/>
         <property name="os" value="Windows 11 64bit"/>
         <property name="katalonVersion" value="9.3.2.212"/>
         <property name="browser" value="Chrome 123.0.0.0"/>
         <property name="hostAddress" value="192.168.1.10"/>
         <property name="sessionId" value="ac80568711d2426e4adaf3c7a925719f"/>
         <property name="seleniumVersion" value="3.141.59"/>
         <property name="proxyInformation" value="ProxyInformation { proxyOption=NO_PROXY, proxyServerType=HTTP, username=, password=********, proxyServerAddress=, proxyServerPort=0, executionList=&quot;&quot;, isApplyToDesiredCapabilities=true }"/>
         <property name="platform" value="Windows 11"/>
      </properties>
      <testcase name="Test Cases/Search Indocyber" time="10.496" classname="Test Cases/Search Indocyber" status="PASSED">
         <system-out><![CDATA[02-04-2024T22:01:44 - [TEST_CASE][PASSED] - Test Cases/Search Indocyber: Test Cases/Search Indocyber

02-04-2024T22:01:44 - [TEST_STEP][PASSED] - openBrowser(""): Browser is opened with url: ''

02-04-2024T22:01:45 - [MESSAGE][INFO] - Starting 'Chrome' driver

02-04-2024T22:01:45 - [MESSAGE][INFO] - Action delay is set to 0 milliseconds

02-04-2024T22:01:47 - [MESSAGE][PASSED] - Browser is opened with url: ''

02-04-2024T22:01:47 - [TEST_STEP][PASSED] - navigateToUrl("https://www.google.com/"): Navigate to 'https://www.google.com/' successfully

02-04-2024T22:01:48 - [MESSAGE][PASSED] - Navigate to 'https://www.google.com/' successfully

02-04-2024T22:01:48 - [TEST_STEP][PASSED] - setText(findTestObject("Object Repository/Search Iglo/Page_Google/textarea_Login_q"), "indocyber"): Text 'indocyber' is set on object 'Object Repository/Search Iglo/Page_Google/textarea_Login_q'

02-04-2024T22:01:49 - [MESSAGE][PASSED] - Text 'indocyber' is set on object 'Object Repository/Search Iglo/Page_Google/textarea_Login_q'

02-04-2024T22:01:49 - [TEST_STEP][PASSED] - click(findTestObject("Object Repository/Search Iglo/Page_Google/span_Indocyber Global Teknologi")): Object: 'Object Repository/Search Iglo/Page_Google/span_Indocyber Global Teknologi' is clicked on

02-04-2024T22:01:50 - [MESSAGE][PASSED] - Object: 'Object Repository/Search Iglo/Page_Google/span_Indocyber Global Teknologi' is clicked on

02-04-2024T22:01:50 - [TEST_STEP][PASSED] - takeScreenshotAsCheckpoint("2"): Taking screenshot successfully

02-04-2024T22:01:53 - [MESSAGE][INFO] - 0 hidden object(s)

02-04-2024T22:01:53 - [MESSAGE][PASSED] - Taking screenshot successfully
[[ATTACHMENT|keyes\keyes-2.png]]

02-04-2024T22:01:53 - [TEST_STEP][PASSED] - click(findTestObject("Object Repository/Search Iglo/Page_indocyber global teknologi - Penelusur_63e8c8/h3_Indocyber Home")): Object: 'Object Repository/Search Iglo/Page_indocyber global teknologi - Penelusur_63e8c8/h3_Indocyber Home' is clicked on

02-04-2024T22:01:54 - [MESSAGE][PASSED] - Object: 'Object Repository/Search Iglo/Page_indocyber global teknologi - Penelusur_63e8c8/h3_Indocyber Home' is clicked on

02-04-2024T22:01:54 - [TEST_STEP][PASSED] - closeBrowser(): Browser is closed

02-04-2024T22:01:55 - [MESSAGE][PASSED] - Browser is closed]]></system-out>
         <system-err><![CDATA[]]></system-err>
      </testcase>
      <system-out><![CDATA[02-04-2024T22:01:44 - [TEST_SUITE][PASSED] - Search Iglo: Test Cases/Search Indocyber]]></system-out>
      <system-err><![CDATA[]]></system-err>
   </testsuite>
   <testsuite name="web iglo" tests="1" failures="0" errors="0" time="9.599" skipped="0" timestamp="02-04-2024T22:02:09" hostname="1901 - LAPTOP-LLV8UN8R" id="Test Suites/web iglo">
      <properties>
         <property name="deviceName" value=""/>
         <property name="devicePlatform" value=""/>
         <property name="logFolder" value="C:\\Users\\1901\\git\\Schedule-test-katalon\\Reports\\20240402_220018\\web iglo\\20240402_220024"/>
         <property name="logFiles" value="C:\\Users\\1901\\git\\Schedule-test-katalon\\Reports\\20240402_220018\\web iglo\\20240402_220024\\execution0.log"/>
         <property name="attachments" value="keyes\keyes-1.png"/>
         <property name="hostName" value="1901 - LAPTOP-LLV8UN8R"/>
         <property name="os" value="Windows 11 64bit"/>
         <property name="katalonVersion" value="9.3.2.212"/>
         <property name="browser" value="Chrome 123.0.0.0"/>
         <property name="hostAddress" value="192.168.1.10"/>
         <property name="sessionId" value="66c4442faafcb6feebc1a08861c4e938"/>
         <property name="seleniumVersion" value="3.141.59"/>
         <property name="proxyInformation" value="ProxyInformation { proxyOption=NO_PROXY, proxyServerType=HTTP, username=, password=********, proxyServerAddress=, proxyServerPort=0, executionList=&quot;&quot;, isApplyToDesiredCapabilities=true }"/>
         <property name="platform" value="Windows 11"/>
      </properties>
      <testcase name="Test Cases/Web Iglo" time="9.349" classname="Test Cases/Web Iglo" status="PASSED">
         <system-out><![CDATA[02-04-2024T22:02:09 - [TEST_CASE][PASSED] - Test Cases/Web Iglo: Test Cases/Web Iglo

02-04-2024T22:02:09 - [TEST_STEP][PASSED] - openBrowser(""): Browser is opened with url: ''

02-04-2024T22:02:10 - [MESSAGE][INFO] - Starting 'Chrome' driver

02-04-2024T22:02:10 - [MESSAGE][INFO] - Action delay is set to 0 milliseconds

02-04-2024T22:02:11 - [MESSAGE][PASSED] - Browser is opened with url: ''

02-04-2024T22:02:11 - [TEST_STEP][PASSED] - navigateToUrl("https://www.indocyber.co.id/"): Navigate to 'https://www.indocyber.co.id/' successfully

02-04-2024T22:02:12 - [MESSAGE][PASSED] - Navigate to 'https://www.indocyber.co.id/' successfully

02-04-2024T22:02:12 - [TEST_STEP][PASSED] - click(findTestObject("Object Repository/contact_us/Page_Home  Indocyber/a_Contact Us")): Object: 'Object Repository/contact_us/Page_Home  Indocyber/a_Contact Us' is clicked on

02-04-2024T22:02:14 - [MESSAGE][PASSED] - Object: 'Object Repository/contact_us/Page_Home  Indocyber/a_Contact Us' is clicked on

02-04-2024T22:02:14 - [TEST_STEP][PASSED] - setText(findTestObject("Object Repository/contact_us/Page_Contact Us  Indocyber/input_What can we do for you_name"), "Faraz Septarian"): Text 'Faraz Septarian' is set on object 'Object Repository/contact_us/Page_Contact Us  Indocyber/input_What can we do for you_name'

02-04-2024T22:02:17 - [MESSAGE][PASSED] - Text 'Faraz Septarian' is set on object 'Object Repository/contact_us/Page_Contact Us  Indocyber/input_What can we do for you_name'

02-04-2024T22:02:17 - [TEST_STEP][PASSED] - setText(findTestObject("Object Repository/contact_us/Page_Contact Us  Indocyber/input_What can we do for you_email"), "faraz.nugroho@indocyber.id"): Text 'faraz.nugroho@indocyber.id' is set on object 'Object Repository/contact_us/Page_Contact Us  Indocyber/input_What can we do for you_email'

02-04-2024T22:02:17 - [MESSAGE][PASSED] - Text 'faraz.nugroho@indocyber.id' is set on object 'Object Repository/contact_us/Page_Contact Us  Indocyber/input_What can we do for you_email'

02-04-2024T22:02:17 - [TEST_STEP][PASSED] - takeScreenshotAsCheckpoint("1"): Taking screenshot successfully

02-04-2024T22:02:18 - [MESSAGE][INFO] - 0 hidden object(s)

02-04-2024T22:02:18 - [MESSAGE][PASSED] - Taking screenshot successfully
[[ATTACHMENT|keyes\keyes-1.png]]

02-04-2024T22:02:18 - [TEST_STEP][PASSED] - closeBrowser(): Browser is closed

02-04-2024T22:02:18 - [MESSAGE][PASSED] - Browser is closed]]></system-out>
         <system-err><![CDATA[]]></system-err>
      </testcase>
      <system-out><![CDATA[02-04-2024T22:02:09 - [TEST_SUITE][PASSED] - web iglo: Test Cases/Web Iglo]]></system-out>
      <system-err><![CDATA[]]></system-err>
   </testsuite>
   <testsuite name="BC Iglo" tests="1" failures="0" errors="0" time="9.996" skipped="0" timestamp="02-04-2024T22:02:33" hostname="1901 - LAPTOP-LLV8UN8R" id="Test Suites/BC Iglo">
      <properties>
         <property name="deviceName" value=""/>
         <property name="devicePlatform" value=""/>
         <property name="logFolder" value="C:\\Users\\1901\\git\\Schedule-test-katalon\\Reports\\20240402_220018\\BC Iglo\\20240402_220026"/>
         <property name="logFiles" value="C:\\Users\\1901\\git\\Schedule-test-katalon\\Reports\\20240402_220018\\BC Iglo\\20240402_220026\\execution0.log"/>
         <property name="attachments" value=""/>
         <property name="hostName" value="1901 - LAPTOP-LLV8UN8R"/>
         <property name="os" value="Windows 11 64bit"/>
         <property name="katalonVersion" value="9.3.2.212"/>
         <property name="browser" value="Chrome 123.0.0.0"/>
         <property name="hostAddress" value="192.168.1.10"/>
         <property name="sessionId" value="99e115d577c51f33c7f1d9cf8a5dc544"/>
         <property name="seleniumVersion" value="3.141.59"/>
         <property name="proxyInformation" value="ProxyInformation { proxyOption=NO_PROXY, proxyServerType=HTTP, username=, password=********, proxyServerAddress=, proxyServerPort=0, executionList=&quot;&quot;, isApplyToDesiredCapabilities=true }"/>
         <property name="platform" value="Windows 11"/>
      </properties>
      <testcase name="Test Cases/BC Iglo" time="9.761" classname="Test Cases/BC Iglo" status="PASSED">
         <system-out><![CDATA[02-04-2024T22:02:33 - [TEST_CASE][PASSED] - Test Cases/BC Iglo: Test Cases/BC Iglo

02-04-2024T22:02:34 - [TEST_STEP][PASSED] - openBrowser(""): Browser is opened with url: ''

02-04-2024T22:02:34 - [MESSAGE][INFO] - Starting 'Chrome' driver

02-04-2024T22:02:34 - [MESSAGE][INFO] - Action delay is set to 0 milliseconds

02-04-2024T22:02:36 - [MESSAGE][PASSED] - Browser is opened with url: ''

02-04-2024T22:02:36 - [TEST_STEP][PASSED] - navigateToUrl("https://www.indocyber.co.id/"): Navigate to 'https://www.indocyber.co.id/' successfully

02-04-2024T22:02:36 - [MESSAGE][PASSED] - Navigate to 'https://www.indocyber.co.id/' successfully

02-04-2024T22:02:36 - [TEST_STEP][PASSED] - click(findTestObject("Object Repository/BC Iglo/Page_Home  Indocyber/a_Bootcamp")): Object: 'Object Repository/BC Iglo/Page_Home  Indocyber/a_Bootcamp' is clicked on

02-04-2024T22:02:38 - [MESSAGE][PASSED] - Object: 'Object Repository/BC Iglo/Page_Home  Indocyber/a_Bootcamp' is clicked on

02-04-2024T22:02:38 - [TEST_STEP][PASSED] - click(findTestObject("Object Repository/BC Iglo/Page_Join Bootcamp at Indocyber  Indocyber/button_Apply Now")): Object: 'Object Repository/BC Iglo/Page_Join Bootcamp at Indocyber  Indocyber/button_Apply Now' is clicked on

02-04-2024T22:02:40 - [MESSAGE][PASSED] - Object: 'Object Repository/BC Iglo/Page_Join Bootcamp at Indocyber  Indocyber/button_Apply Now' is clicked on

02-04-2024T22:02:40 - [TEST_STEP][PASSED] - setText(findTestObject("Object Repository/BC Iglo/Page_Join Bootcamp at Indocyber  Indocyber/input_JOIN NOW_name"), "Faraz Septarian Adi Nugroho"): Text 'Faraz Septarian Adi Nugroho' is set on object 'Object Repository/BC Iglo/Page_Join Bootcamp at Indocyber  Indocyber/input_JOIN NOW_name'

02-04-2024T22:02:41 - [MESSAGE][PASSED] - Text 'Faraz Septarian Adi Nugroho' is set on object 'Object Repository/BC Iglo/Page_Join Bootcamp at Indocyber  Indocyber/input_JOIN NOW_name'

02-04-2024T22:02:41 - [TEST_STEP][PASSED] - setText(findTestObject("Object Repository/BC Iglo/Page_Join Bootcamp at Indocyber  Indocyber/input_JOIN NOW_email"), "faraz.spt@indocyber.id"): Text 'faraz.spt@indocyber.id' is set on object 'Object Repository/BC Iglo/Page_Join Bootcamp at Indocyber  Indocyber/input_JOIN NOW_email'

02-04-2024T22:02:42 - [MESSAGE][PASSED] - Text 'faraz.spt@indocyber.id' is set on object 'Object Repository/BC Iglo/Page_Join Bootcamp at Indocyber  Indocyber/input_JOIN NOW_email'

02-04-2024T22:02:42 - [TEST_STEP][PASSED] - setText(findTestObject("Object Repository/BC Iglo/Page_Join Bootcamp at Indocyber  Indocyber/input_JOIN NOW_handphone"), "0812345678"): Text '0812345678' is set on object 'Object Repository/BC Iglo/Page_Join Bootcamp at Indocyber  Indocyber/input_JOIN NOW_handphone'

02-04-2024T22:02:42 - [MESSAGE][PASSED] - Text '0812345678' is set on object 'Object Repository/BC Iglo/Page_Join Bootcamp at Indocyber  Indocyber/input_JOIN NOW_handphone'

02-04-2024T22:02:42 - [TEST_STEP][PASSED] - click(findTestObject("Object Repository/BC Iglo/Page_Join Bootcamp at Indocyber  Indocyber/div_OracleSQL Server.NETJavaMagicJOIN NOWRe_425abe")): Object: 'Object Repository/BC Iglo/Page_Join Bootcamp at Indocyber  Indocyber/div_OracleSQL Server.NETJavaMagicJOIN NOWRe_425abe' is clicked on

02-04-2024T22:02:43 - [MESSAGE][PASSED] - Object: 'Object Repository/BC Iglo/Page_Join Bootcamp at Indocyber  Indocyber/div_OracleSQL Server.NETJavaMagicJOIN NOWRe_425abe' is clicked on

02-04-2024T22:02:43 - [TEST_STEP][PASSED] - closeBrowser(): Browser is closed

02-04-2024T22:02:43 - [MESSAGE][PASSED] - Browser is closed]]></system-out>
         <system-err><![CDATA[]]></system-err>
      </testcase>
      <system-out><![CDATA[02-04-2024T22:02:33 - [TEST_SUITE][PASSED] - BC Iglo: Test Cases/BC Iglo]]></system-out>
      <system-err><![CDATA[]]></system-err>
   </testsuite>
   <testsuite name="Search Tanjung duren" tests="1" failures="0" errors="0" time="10.883" skipped="0" timestamp="02-04-2024T22:02:56" hostname="1901 - LAPTOP-LLV8UN8R" id="Test Suites/Search Tanjung duren">
      <properties>
         <property name="deviceName" value=""/>
         <property name="devicePlatform" value=""/>
         <property name="logFolder" value="C:\\Users\\1901\\git\\Schedule-test-katalon\\Reports\\20240402_220018\\Search Tanjung duren\\20240402_220028"/>
         <property name="logFiles" value="C:\\Users\\1901\\git\\Schedule-test-katalon\\Reports\\20240402_220018\\Search Tanjung duren\\20240402_220028\\execution0.log"/>
         <property name="attachments" value="keyes\keyes-3.png"/>
         <property name="hostName" value="1901 - LAPTOP-LLV8UN8R"/>
         <property name="os" value="Windows 11 64bit"/>
         <property name="katalonVersion" value="9.3.2.212"/>
         <property name="browser" value="Chrome 123.0.0.0"/>
         <property name="hostAddress" value="192.168.1.10"/>
         <property name="sessionId" value="feb8dc2be10c9967c1af6f0152c17afd"/>
         <property name="seleniumVersion" value="3.141.59"/>
         <property name="proxyInformation" value="ProxyInformation { proxyOption=NO_PROXY, proxyServerType=HTTP, username=, password=********, proxyServerAddress=, proxyServerPort=0, executionList=&quot;&quot;, isApplyToDesiredCapabilities=true }"/>
         <property name="platform" value="Windows 11"/>
      </properties>
      <testcase name="Test Cases/Search Tanjung Duren" time="10.658" classname="Test Cases/Search Tanjung Duren" status="PASSED">
         <system-out><![CDATA[02-04-2024T22:02:56 - [TEST_CASE][PASSED] - Test Cases/Search Tanjung Duren: Test Cases/Search Tanjung Duren

02-04-2024T22:02:56 - [TEST_STEP][PASSED] - openBrowser(""): Browser is opened with url: ''

02-04-2024T22:02:57 - [MESSAGE][INFO] - Starting 'Chrome' driver

02-04-2024T22:02:57 - [MESSAGE][INFO] - Action delay is set to 0 milliseconds

02-04-2024T22:02:58 - [MESSAGE][PASSED] - Browser is opened with url: ''

02-04-2024T22:02:58 - [TEST_STEP][PASSED] - navigateToUrl("https://www.google.com/"): Navigate to 'https://www.google.com/' successfully

02-04-2024T22:03:00 - [MESSAGE][PASSED] - Navigate to 'https://www.google.com/' successfully

02-04-2024T22:03:00 - [TEST_STEP][PASSED] - setText(findTestObject("Object Repository/Search Tanjung duren/Page_Google/textarea_Login_q"), "tanjung duren"): Text 'tanjung duren' is set on object 'Object Repository/Search Tanjung duren/Page_Google/textarea_Login_q'

02-04-2024T22:03:01 - [MESSAGE][PASSED] - Text 'tanjung duren' is set on object 'Object Repository/Search Tanjung duren/Page_Google/textarea_Login_q'

02-04-2024T22:03:01 - [TEST_STEP][PASSED] - click(findTestObject("Object Repository/Search Tanjung duren/Page_Google/span_Tanjung Duren Utara")): Object: 'Object Repository/Search Tanjung duren/Page_Google/span_Tanjung Duren Utara' is clicked on

02-04-2024T22:03:02 - [MESSAGE][PASSED] - Object: 'Object Repository/Search Tanjung duren/Page_Google/span_Tanjung Duren Utara' is clicked on

02-04-2024T22:03:02 - [TEST_STEP][PASSED] - click(findTestObject("Object Repository/Search Tanjung duren/Page_tanjung duren - Penelusuran Google/h3_Tanjung Duren Utara, Grogol Petamburan, _9c911c")): Object: 'Object Repository/Search Tanjung duren/Page_tanjung duren - Penelusuran Google/h3_Tanjung Duren Utara, Grogol Petamburan, _9c911c' is clicked on

02-04-2024T22:03:05 - [MESSAGE][PASSED] - Object: 'Object Repository/Search Tanjung duren/Page_tanjung duren - Penelusuran Google/h3_Tanjung Duren Utara, Grogol Petamburan, _9c911c' is clicked on

02-04-2024T22:03:05 - [TEST_STEP][PASSED] - takeScreenshotAsCheckpoint("3"): Taking screenshot successfully

02-04-2024T22:03:06 - [MESSAGE][INFO] - 0 hidden object(s)

02-04-2024T22:03:06 - [MESSAGE][PASSED] - Taking screenshot successfully
[[ATTACHMENT|keyes\keyes-3.png]]

02-04-2024T22:03:06 - [TEST_STEP][PASSED] - closeBrowser(): Browser is closed

02-04-2024T22:03:07 - [MESSAGE][PASSED] - Browser is closed]]></system-out>
         <system-err><![CDATA[]]></system-err>
      </testcase>
      <system-out><![CDATA[02-04-2024T22:02:56 - [TEST_SUITE][PASSED] - Search Tanjung duren: Test Cases/Search Tanjung Duren]]></system-out>
      <system-err><![CDATA[]]></system-err>
   </testsuite>
   <testsuite name="BC Iglo" tests="1" failures="0" errors="0" time="10.018" skipped="0" timestamp="02-04-2024T22:03:20" hostname="1901 - LAPTOP-LLV8UN8R" id="Test Suites/BC Iglo">
      <properties>
         <property name="deviceName" value=""/>
         <property name="devicePlatform" value=""/>
         <property name="logFolder" value="C:\\Users\\1901\\git\\Schedule-test-katalon\\Reports\\20240402_220018\\BC Iglo\\20240402_220030"/>
         <property name="logFiles" value="C:\\Users\\1901\\git\\Schedule-test-katalon\\Reports\\20240402_220018\\BC Iglo\\20240402_220030\\execution0.log"/>
         <property name="attachments" value=""/>
         <property name="hostName" value="1901 - LAPTOP-LLV8UN8R"/>
         <property name="os" value="Windows 11 64bit"/>
         <property name="katalonVersion" value="9.3.2.212"/>
         <property name="browser" value="Chrome 123.0.0.0"/>
         <property name="hostAddress" value="192.168.1.10"/>
         <property name="sessionId" value="28619fef0bfcf844b07e54c93f9e5c7f"/>
         <property name="seleniumVersion" value="3.141.59"/>
         <property name="proxyInformation" value="ProxyInformation { proxyOption=NO_PROXY, proxyServerType=HTTP, username=, password=********, proxyServerAddress=, proxyServerPort=0, executionList=&quot;&quot;, isApplyToDesiredCapabilities=true }"/>
         <property name="platform" value="Windows 11"/>
      </properties>
      <testcase name="Test Cases/BC Iglo" time="9.785" classname="Test Cases/BC Iglo" status="PASSED">
         <system-out><![CDATA[02-04-2024T22:03:20 - [TEST_CASE][PASSED] - Test Cases/BC Iglo: Test Cases/BC Iglo

02-04-2024T22:03:20 - [TEST_STEP][PASSED] - openBrowser(""): Browser is opened with url: ''

02-04-2024T22:03:20 - [MESSAGE][INFO] - Starting 'Chrome' driver

02-04-2024T22:03:21 - [MESSAGE][INFO] - Action delay is set to 0 milliseconds

02-04-2024T22:03:22 - [MESSAGE][PASSED] - Browser is opened with url: ''

02-04-2024T22:03:22 - [TEST_STEP][PASSED] - navigateToUrl("https://www.indocyber.co.id/"): Navigate to 'https://www.indocyber.co.id/' successfully

02-04-2024T22:03:23 - [MESSAGE][PASSED] - Navigate to 'https://www.indocyber.co.id/' successfully

02-04-2024T22:03:23 - [TEST_STEP][PASSED] - click(findTestObject("Object Repository/BC Iglo/Page_Home  Indocyber/a_Bootcamp")): Object: 'Object Repository/BC Iglo/Page_Home  Indocyber/a_Bootcamp' is clicked on

02-04-2024T22:03:25 - [MESSAGE][PASSED] - Object: 'Object Repository/BC Iglo/Page_Home  Indocyber/a_Bootcamp' is clicked on

02-04-2024T22:03:25 - [TEST_STEP][PASSED] - click(findTestObject("Object Repository/BC Iglo/Page_Join Bootcamp at Indocyber  Indocyber/button_Apply Now")): Object: 'Object Repository/BC Iglo/Page_Join Bootcamp at Indocyber  Indocyber/button_Apply Now' is clicked on

02-04-2024T22:03:26 - [MESSAGE][PASSED] - Object: 'Object Repository/BC Iglo/Page_Join Bootcamp at Indocyber  Indocyber/button_Apply Now' is clicked on

02-04-2024T22:03:26 - [TEST_STEP][PASSED] - setText(findTestObject("Object Repository/BC Iglo/Page_Join Bootcamp at Indocyber  Indocyber/input_JOIN NOW_name"), "Faraz Septarian Adi Nugroho"): Text 'Faraz Septarian Adi Nugroho' is set on object 'Object Repository/BC Iglo/Page_Join Bootcamp at Indocyber  Indocyber/input_JOIN NOW_name'

02-04-2024T22:03:28 - [MESSAGE][PASSED] - Text 'Faraz Septarian Adi Nugroho' is set on object 'Object Repository/BC Iglo/Page_Join Bootcamp at Indocyber  Indocyber/input_JOIN NOW_name'

02-04-2024T22:03:28 - [TEST_STEP][PASSED] - setText(findTestObject("Object Repository/BC Iglo/Page_Join Bootcamp at Indocyber  Indocyber/input_JOIN NOW_email"), "faraz.spt@indocyber.id"): Text 'faraz.spt@indocyber.id' is set on object 'Object Repository/BC Iglo/Page_Join Bootcamp at Indocyber  Indocyber/input_JOIN NOW_email'

02-04-2024T22:03:28 - [MESSAGE][PASSED] - Text 'faraz.spt@indocyber.id' is set on object 'Object Repository/BC Iglo/Page_Join Bootcamp at Indocyber  Indocyber/input_JOIN NOW_email'

02-04-2024T22:03:28 - [TEST_STEP][PASSED] - setText(findTestObject("Object Repository/BC Iglo/Page_Join Bootcamp at Indocyber  Indocyber/input_JOIN NOW_handphone"), "0812345678"): Text '0812345678' is set on object 'Object Repository/BC Iglo/Page_Join Bootcamp at Indocyber  Indocyber/input_JOIN NOW_handphone'

02-04-2024T22:03:29 - [MESSAGE][PASSED] - Text '0812345678' is set on object 'Object Repository/BC Iglo/Page_Join Bootcamp at Indocyber  Indocyber/input_JOIN NOW_handphone'

02-04-2024T22:03:29 - [TEST_STEP][PASSED] - click(findTestObject("Object Repository/BC Iglo/Page_Join Bootcamp at Indocyber  Indocyber/div_OracleSQL Server.NETJavaMagicJOIN NOWRe_425abe")): Object: 'Object Repository/BC Iglo/Page_Join Bootcamp at Indocyber  Indocyber/div_OracleSQL Server.NETJavaMagicJOIN NOWRe_425abe' is clicked on

02-04-2024T22:03:29 - [MESSAGE][PASSED] - Object: 'Object Repository/BC Iglo/Page_Join Bootcamp at Indocyber  Indocyber/div_OracleSQL Server.NETJavaMagicJOIN NOWRe_425abe' is clicked on

02-04-2024T22:03:29 - [TEST_STEP][PASSED] - closeBrowser(): Browser is closed

02-04-2024T22:03:30 - [MESSAGE][PASSED] - Browser is closed]]></system-out>
         <system-err><![CDATA[]]></system-err>
      </testcase>
      <system-out><![CDATA[02-04-2024T22:03:20 - [TEST_SUITE][PASSED] - BC Iglo: Test Cases/BC Iglo]]></system-out>
      <system-err><![CDATA[]]></system-err>
   </testsuite>
   <testsuite name="Search Iglo" tests="1" failures="0" errors="0" time="10.042" skipped="0" timestamp="02-04-2024T22:03:44" hostname="1901 - LAPTOP-LLV8UN8R" id="Test Suites/Search Iglo">
      <properties>
         <property name="deviceName" value=""/>
         <property name="devicePlatform" value=""/>
         <property name="logFolder" value="C:\\Users\\1901\\git\\Schedule-test-katalon\\Reports\\20240402_220018\\Search Iglo\\20240402_220032"/>
         <property name="logFiles" value="C:\\Users\\1901\\git\\Schedule-test-katalon\\Reports\\20240402_220018\\Search Iglo\\20240402_220032\\execution0.log"/>
         <property name="attachments" value="keyes\keyes-2.png"/>
         <property name="hostName" value="1901 - LAPTOP-LLV8UN8R"/>
         <property name="os" value="Windows 11 64bit"/>
         <property name="katalonVersion" value="9.3.2.212"/>
         <property name="browser" value="Chrome 123.0.0.0"/>
         <property name="hostAddress" value="192.168.1.10"/>
         <property name="sessionId" value="e7db21006677dadfc9ed4051aff1b658"/>
         <property name="seleniumVersion" value="3.141.59"/>
         <property name="proxyInformation" value="ProxyInformation { proxyOption=NO_PROXY, proxyServerType=HTTP, username=, password=********, proxyServerAddress=, proxyServerPort=0, executionList=&quot;&quot;, isApplyToDesiredCapabilities=true }"/>
         <property name="platform" value="Windows 11"/>
      </properties>
      <testcase name="Test Cases/Search Indocyber" time="9.823" classname="Test Cases/Search Indocyber" status="PASSED">
         <system-out><![CDATA[02-04-2024T22:03:44 - [TEST_CASE][PASSED] - Test Cases/Search Indocyber: Test Cases/Search Indocyber

02-04-2024T22:03:44 - [TEST_STEP][PASSED] - openBrowser(""): Browser is opened with url: ''

02-04-2024T22:03:44 - [MESSAGE][INFO] - Starting 'Chrome' driver

02-04-2024T22:03:45 - [MESSAGE][INFO] - Action delay is set to 0 milliseconds

02-04-2024T22:03:46 - [MESSAGE][PASSED] - Browser is opened with url: ''

02-04-2024T22:03:46 - [TEST_STEP][PASSED] - navigateToUrl("https://www.google.com/"): Navigate to 'https://www.google.com/' successfully

02-04-2024T22:03:48 - [MESSAGE][PASSED] - Navigate to 'https://www.google.com/' successfully

02-04-2024T22:03:48 - [TEST_STEP][PASSED] - setText(findTestObject("Object Repository/Search Iglo/Page_Google/textarea_Login_q"), "indocyber"): Text 'indocyber' is set on object 'Object Repository/Search Iglo/Page_Google/textarea_Login_q'

02-04-2024T22:03:49 - [MESSAGE][PASSED] - Text 'indocyber' is set on object 'Object Repository/Search Iglo/Page_Google/textarea_Login_q'

02-04-2024T22:03:49 - [TEST_STEP][PASSED] - click(findTestObject("Object Repository/Search Iglo/Page_Google/span_Indocyber Global Teknologi")): Object: 'Object Repository/Search Iglo/Page_Google/span_Indocyber Global Teknologi' is clicked on

02-04-2024T22:03:50 - [MESSAGE][PASSED] - Object: 'Object Repository/Search Iglo/Page_Google/span_Indocyber Global Teknologi' is clicked on

02-04-2024T22:03:50 - [TEST_STEP][PASSED] - takeScreenshotAsCheckpoint("2"): Taking screenshot successfully

02-04-2024T22:03:52 - [MESSAGE][INFO] - 0 hidden object(s)

02-04-2024T22:03:53 - [MESSAGE][PASSED] - Taking screenshot successfully
[[ATTACHMENT|keyes\keyes-2.png]]

02-04-2024T22:03:53 - [TEST_STEP][PASSED] - click(findTestObject("Object Repository/Search Iglo/Page_indocyber global teknologi - Penelusur_63e8c8/h3_Indocyber Home")): Object: 'Object Repository/Search Iglo/Page_indocyber global teknologi - Penelusur_63e8c8/h3_Indocyber Home' is clicked on

02-04-2024T22:03:53 - [MESSAGE][PASSED] - Object: 'Object Repository/Search Iglo/Page_indocyber global teknologi - Penelusur_63e8c8/h3_Indocyber Home' is clicked on

02-04-2024T22:03:53 - [TEST_STEP][PASSED] - closeBrowser(): Browser is closed

02-04-2024T22:03:54 - [MESSAGE][PASSED] - Browser is closed]]></system-out>
         <system-err><![CDATA[]]></system-err>
      </testcase>
      <system-out><![CDATA[02-04-2024T22:03:44 - [TEST_SUITE][PASSED] - Search Iglo: Test Cases/Search Indocyber]]></system-out>
      <system-err><![CDATA[]]></system-err>
   </testsuite>
   <testsuite name="Search Tanjung duren" tests="1" failures="0" errors="0" time="12.353" skipped="0" timestamp="02-04-2024T22:04:07" hostname="1901 - LAPTOP-LLV8UN8R" id="Test Suites/Search Tanjung duren">
      <properties>
         <property name="deviceName" value=""/>
         <property name="devicePlatform" value=""/>
         <property name="logFolder" value="C:\\Users\\1901\\git\\Schedule-test-katalon\\Reports\\20240402_220018\\Search Tanjung duren\\20240402_220034"/>
         <property name="logFiles" value="C:\\Users\\1901\\git\\Schedule-test-katalon\\Reports\\20240402_220018\\Search Tanjung duren\\20240402_220034\\execution0.log"/>
         <property name="attachments" value="keyes\keyes-3.png"/>
         <property name="hostName" value="1901 - LAPTOP-LLV8UN8R"/>
         <property name="os" value="Windows 11 64bit"/>
         <property name="katalonVersion" value="9.3.2.212"/>
         <property name="browser" value="Chrome 123.0.0.0"/>
         <property name="hostAddress" value="192.168.1.10"/>
         <property name="sessionId" value="0c78a4731a2a6021be883ec420d21c13"/>
         <property name="seleniumVersion" value="3.141.59"/>
         <property name="proxyInformation" value="ProxyInformation { proxyOption=NO_PROXY, proxyServerType=HTTP, username=, password=********, proxyServerAddress=, proxyServerPort=0, executionList=&quot;&quot;, isApplyToDesiredCapabilities=true }"/>
         <property name="platform" value="Windows 11"/>
      </properties>
      <testcase name="Test Cases/Search Tanjung Duren" time="12.129" classname="Test Cases/Search Tanjung Duren" status="PASSED">
         <system-out><![CDATA[02-04-2024T22:04:08 - [TEST_CASE][PASSED] - Test Cases/Search Tanjung Duren: Test Cases/Search Tanjung Duren

02-04-2024T22:04:08 - [TEST_STEP][PASSED] - openBrowser(""): Browser is opened with url: ''

02-04-2024T22:04:08 - [MESSAGE][INFO] - Starting 'Chrome' driver

02-04-2024T22:04:09 - [MESSAGE][INFO] - Action delay is set to 0 milliseconds

02-04-2024T22:04:10 - [MESSAGE][PASSED] - Browser is opened with url: ''

02-04-2024T22:04:10 - [TEST_STEP][PASSED] - navigateToUrl("https://www.google.com/"): Navigate to 'https://www.google.com/' successfully

02-04-2024T22:04:12 - [MESSAGE][PASSED] - Navigate to 'https://www.google.com/' successfully

02-04-2024T22:04:12 - [TEST_STEP][PASSED] - setText(findTestObject("Object Repository/Search Tanjung duren/Page_Google/textarea_Login_q"), "tanjung duren"): Text 'tanjung duren' is set on object 'Object Repository/Search Tanjung duren/Page_Google/textarea_Login_q'

02-04-2024T22:04:13 - [MESSAGE][PASSED] - Text 'tanjung duren' is set on object 'Object Repository/Search Tanjung duren/Page_Google/textarea_Login_q'

02-04-2024T22:04:13 - [TEST_STEP][PASSED] - click(findTestObject("Object Repository/Search Tanjung duren/Page_Google/span_Tanjung Duren Utara")): Object: 'Object Repository/Search Tanjung duren/Page_Google/span_Tanjung Duren Utara' is clicked on

02-04-2024T22:04:14 - [MESSAGE][PASSED] - Object: 'Object Repository/Search Tanjung duren/Page_Google/span_Tanjung Duren Utara' is clicked on

02-04-2024T22:04:14 - [TEST_STEP][PASSED] - click(findTestObject("Object Repository/Search Tanjung duren/Page_tanjung duren - Penelusuran Google/h3_Tanjung Duren Utara, Grogol Petamburan, _9c911c")): Object: 'Object Repository/Search Tanjung duren/Page_tanjung duren - Penelusuran Google/h3_Tanjung Duren Utara, Grogol Petamburan, _9c911c' is clicked on

02-04-2024T22:04:19 - [MESSAGE][PASSED] - Object: 'Object Repository/Search Tanjung duren/Page_tanjung duren - Penelusuran Google/h3_Tanjung Duren Utara, Grogol Petamburan, _9c911c' is clicked on

02-04-2024T22:04:19 - [TEST_STEP][PASSED] - takeScreenshotAsCheckpoint("3"): Taking screenshot successfully

02-04-2024T22:04:19 - [MESSAGE][INFO] - 0 hidden object(s)

02-04-2024T22:04:20 - [MESSAGE][PASSED] - Taking screenshot successfully
[[ATTACHMENT|keyes\keyes-3.png]]

02-04-2024T22:04:20 - [TEST_STEP][PASSED] - closeBrowser(): Browser is closed

02-04-2024T22:04:20 - [MESSAGE][PASSED] - Browser is closed]]></system-out>
         <system-err><![CDATA[]]></system-err>
      </testcase>
      <system-out><![CDATA[02-04-2024T22:04:07 - [TEST_SUITE][PASSED] - Search Tanjung duren: Test Cases/Search Tanjung Duren]]></system-out>
      <system-err><![CDATA[]]></system-err>
   </testsuite>
   <testsuite name="web iglo" tests="1" failures="0" errors="0" time="9.209" skipped="0" timestamp="02-04-2024T22:04:35" hostname="1901 - LAPTOP-LLV8UN8R" id="Test Suites/web iglo">
      <properties>
         <property name="deviceName" value=""/>
         <property name="devicePlatform" value=""/>
         <property name="logFolder" value="C:\\Users\\1901\\git\\Schedule-test-katalon\\Reports\\20240402_220018\\web iglo\\20240402_220036"/>
         <property name="logFiles" value="C:\\Users\\1901\\git\\Schedule-test-katalon\\Reports\\20240402_220018\\web iglo\\20240402_220036\\execution0.log"/>
         <property name="attachments" value="keyes\keyes-1.png"/>
         <property name="hostName" value="1901 - LAPTOP-LLV8UN8R"/>
         <property name="os" value="Windows 11 64bit"/>
         <property name="katalonVersion" value="9.3.2.212"/>
         <property name="browser" value="Chrome 123.0.0.0"/>
         <property name="hostAddress" value="192.168.1.10"/>
         <property name="sessionId" value="131fa09b826286ba474b1473f030e92a"/>
         <property name="seleniumVersion" value="3.141.59"/>
         <property name="proxyInformation" value="ProxyInformation { proxyOption=NO_PROXY, proxyServerType=HTTP, username=, password=********, proxyServerAddress=, proxyServerPort=0, executionList=&quot;&quot;, isApplyToDesiredCapabilities=true }"/>
         <property name="platform" value="Windows 11"/>
      </properties>
      <testcase name="Test Cases/Web Iglo" time="8.976" classname="Test Cases/Web Iglo" status="PASSED">
         <system-out><![CDATA[02-04-2024T22:04:35 - [TEST_CASE][PASSED] - Test Cases/Web Iglo: Test Cases/Web Iglo

02-04-2024T22:04:35 - [TEST_STEP][PASSED] - openBrowser(""): Browser is opened with url: ''

02-04-2024T22:04:36 - [MESSAGE][INFO] - Starting 'Chrome' driver

02-04-2024T22:04:36 - [MESSAGE][INFO] - Action delay is set to 0 milliseconds

02-04-2024T22:04:37 - [MESSAGE][PASSED] - Browser is opened with url: ''

02-04-2024T22:04:37 - [TEST_STEP][PASSED] - navigateToUrl("https://www.indocyber.co.id/"): Navigate to 'https://www.indocyber.co.id/' successfully

02-04-2024T22:04:38 - [MESSAGE][PASSED] - Navigate to 'https://www.indocyber.co.id/' successfully

02-04-2024T22:04:38 - [TEST_STEP][PASSED] - click(findTestObject("Object Repository/contact_us/Page_Home  Indocyber/a_Contact Us")): Object: 'Object Repository/contact_us/Page_Home  Indocyber/a_Contact Us' is clicked on

02-04-2024T22:04:40 - [MESSAGE][PASSED] - Object: 'Object Repository/contact_us/Page_Home  Indocyber/a_Contact Us' is clicked on

02-04-2024T22:04:40 - [TEST_STEP][PASSED] - setText(findTestObject("Object Repository/contact_us/Page_Contact Us  Indocyber/input_What can we do for you_name"), "Faraz Septarian"): Text 'Faraz Septarian' is set on object 'Object Repository/contact_us/Page_Contact Us  Indocyber/input_What can we do for you_name'

02-04-2024T22:04:42 - [MESSAGE][PASSED] - Text 'Faraz Septarian' is set on object 'Object Repository/contact_us/Page_Contact Us  Indocyber/input_What can we do for you_name'

02-04-2024T22:04:42 - [TEST_STEP][PASSED] - setText(findTestObject("Object Repository/contact_us/Page_Contact Us  Indocyber/input_What can we do for you_email"), "faraz.nugroho@indocyber.id"): Text 'faraz.nugroho@indocyber.id' is set on object 'Object Repository/contact_us/Page_Contact Us  Indocyber/input_What can we do for you_email'

02-04-2024T22:04:43 - [MESSAGE][PASSED] - Text 'faraz.nugroho@indocyber.id' is set on object 'Object Repository/contact_us/Page_Contact Us  Indocyber/input_What can we do for you_email'

02-04-2024T22:04:43 - [TEST_STEP][PASSED] - takeScreenshotAsCheckpoint("1"): Taking screenshot successfully

02-04-2024T22:04:44 - [MESSAGE][INFO] - 0 hidden object(s)

02-04-2024T22:04:44 - [MESSAGE][PASSED] - Taking screenshot successfully
[[ATTACHMENT|keyes\keyes-1.png]]

02-04-2024T22:04:44 - [TEST_STEP][PASSED] - closeBrowser(): Browser is closed

02-04-2024T22:04:44 - [MESSAGE][PASSED] - Browser is closed]]></system-out>
         <system-err><![CDATA[]]></system-err>
      </testcase>
      <system-out><![CDATA[02-04-2024T22:04:35 - [TEST_SUITE][PASSED] - web iglo: Test Cases/Web Iglo]]></system-out>
      <system-err><![CDATA[]]></system-err>
   </testsuite>
   <testsuite name="youtube" tests="1" failures="0" errors="0" time="11.73" skipped="0" timestamp="02-04-2024T22:04:57" hostname="1901 - LAPTOP-LLV8UN8R" id="Test Suites/youtube">
      <properties>
         <property name="deviceName" value=""/>
         <property name="devicePlatform" value=""/>
         <property name="logFolder" value="C:\\Users\\1901\\git\\Schedule-test-katalon\\Reports\\20240402_220018\\youtube\\20240402_220038"/>
         <property name="logFiles" value="C:\\Users\\1901\\git\\Schedule-test-katalon\\Reports\\20240402_220018\\youtube\\20240402_220038\\execution0.log"/>
         <property name="attachments" value=""/>
         <property name="hostName" value="1901 - LAPTOP-LLV8UN8R"/>
         <property name="os" value="Windows 11 64bit"/>
         <property name="katalonVersion" value="9.3.2.212"/>
         <property name="browser" value="Chrome 123.0.0.0"/>
         <property name="hostAddress" value="192.168.1.10"/>
         <property name="sessionId" value="aaeb9a1950160f3dcd3e1e3dab4bf105"/>
         <property name="seleniumVersion" value="3.141.59"/>
         <property name="proxyInformation" value="ProxyInformation { proxyOption=NO_PROXY, proxyServerType=HTTP, username=, password=********, proxyServerAddress=, proxyServerPort=0, executionList=&quot;&quot;, isApplyToDesiredCapabilities=true }"/>
         <property name="platform" value="Windows 11"/>
      </properties>
      <testcase name="Test Cases/open youtube" time="11.47" classname="Test Cases/open youtube" status="PASSED">
         <system-out><![CDATA[02-04-2024T22:04:57 - [TEST_CASE][PASSED] - Test Cases/open youtube: Test Cases/open youtube

02-04-2024T22:04:58 - [TEST_STEP][PASSED] - openBrowser(""): Browser is opened with url: ''

02-04-2024T22:04:58 - [MESSAGE][INFO] - Starting 'Chrome' driver

02-04-2024T22:04:58 - [MESSAGE][INFO] - Action delay is set to 0 milliseconds

02-04-2024T22:05:00 - [MESSAGE][PASSED] - Browser is opened with url: ''

02-04-2024T22:05:00 - [TEST_STEP][PASSED] - navigateToUrl("https://www.youtube.com/?themeRefresh=1"): Navigate to 'https://www.youtube.com/?themeRefresh=1' successfully

02-04-2024T22:05:03 - [MESSAGE][PASSED] - Navigate to 'https://www.youtube.com/?themeRefresh=1' successfully

02-04-2024T22:05:03 - [TEST_STEP][PASSED] - setText(findTestObject("Object Repository/search youtube/Page_YouTube/input_Skip navigation_search_query"), "katalon schedule test"): Text 'katalon schedule test' is set on object 'Object Repository/search youtube/Page_YouTube/input_Skip navigation_search_query'

02-04-2024T22:05:06 - [MESSAGE][PASSED] - Text 'katalon schedule test' is set on object 'Object Repository/search youtube/Page_YouTube/input_Skip navigation_search_query'

02-04-2024T22:05:06 - [TEST_STEP][PASSED] - click(findTestObject("Object Repository/search youtube/Page_YouTube/div")): Object: 'Object Repository/search youtube/Page_YouTube/div' is clicked on

02-04-2024T22:05:08 - [MESSAGE][PASSED] - Object: 'Object Repository/search youtube/Page_YouTube/div' is clicked on

02-04-2024T22:05:08 - [TEST_STEP][PASSED] - closeBrowser(): Browser is closed

02-04-2024T22:05:09 - [MESSAGE][PASSED] - Browser is closed]]></system-out>
         <system-err><![CDATA[]]></system-err>
      </testcase>
      <system-out><![CDATA[02-04-2024T22:04:57 - [TEST_SUITE][PASSED] - youtube: Test Cases/open youtube]]></system-out>
      <system-err><![CDATA[]]></system-err>
   </testsuite>
   <testsuite name="BC Iglo" tests="1" failures="0" errors="0" time="9.843" skipped="0" timestamp="02-04-2024T22:05:23" hostname="1901 - LAPTOP-LLV8UN8R" id="Test Suites/BC Iglo">
      <properties>
         <property name="deviceName" value=""/>
         <property name="devicePlatform" value=""/>
         <property name="logFolder" value="C:\\Users\\1901\\git\\Schedule-test-katalon\\Reports\\20240402_220018\\BC Iglo\\20240402_220040"/>
         <property name="logFiles" value="C:\\Users\\1901\\git\\Schedule-test-katalon\\Reports\\20240402_220018\\BC Iglo\\20240402_220040\\execution0.log"/>
         <property name="attachments" value=""/>
         <property name="hostName" value="1901 - LAPTOP-LLV8UN8R"/>
         <property name="os" value="Windows 11 64bit"/>
         <property name="katalonVersion" value="9.3.2.212"/>
         <property name="browser" value="Chrome 123.0.0.0"/>
         <property name="hostAddress" value="192.168.1.10"/>
         <property name="sessionId" value="13aa5479ee4c3a09ce990de330f66bc6"/>
         <property name="seleniumVersion" value="3.141.59"/>
         <property name="proxyInformation" value="ProxyInformation { proxyOption=NO_PROXY, proxyServerType=HTTP, username=, password=********, proxyServerAddress=, proxyServerPort=0, executionList=&quot;&quot;, isApplyToDesiredCapabilities=true }"/>
         <property name="platform" value="Windows 11"/>
      </properties>
      <testcase name="Test Cases/BC Iglo" time="9.617" classname="Test Cases/BC Iglo" status="PASSED">
         <system-out><![CDATA[02-04-2024T22:05:23 - [TEST_CASE][PASSED] - Test Cases/BC Iglo: Test Cases/BC Iglo

02-04-2024T22:05:23 - [TEST_STEP][PASSED] - openBrowser(""): Browser is opened with url: ''

02-04-2024T22:05:24 - [MESSAGE][INFO] - Starting 'Chrome' driver

02-04-2024T22:05:24 - [MESSAGE][INFO] - Action delay is set to 0 milliseconds

02-04-2024T22:05:25 - [MESSAGE][PASSED] - Browser is opened with url: ''

02-04-2024T22:05:25 - [TEST_STEP][PASSED] - navigateToUrl("https://www.indocyber.co.id/"): Navigate to 'https://www.indocyber.co.id/' successfully

02-04-2024T22:05:26 - [MESSAGE][PASSED] - Navigate to 'https://www.indocyber.co.id/' successfully

02-04-2024T22:05:26 - [TEST_STEP][PASSED] - click(findTestObject("Object Repository/BC Iglo/Page_Home  Indocyber/a_Bootcamp")): Object: 'Object Repository/BC Iglo/Page_Home  Indocyber/a_Bootcamp' is clicked on

02-04-2024T22:05:28 - [MESSAGE][PASSED] - Object: 'Object Repository/BC Iglo/Page_Home  Indocyber/a_Bootcamp' is clicked on

02-04-2024T22:05:28 - [TEST_STEP][PASSED] - click(findTestObject("Object Repository/BC Iglo/Page_Join Bootcamp at Indocyber  Indocyber/button_Apply Now")): Object: 'Object Repository/BC Iglo/Page_Join Bootcamp at Indocyber  Indocyber/button_Apply Now' is clicked on

02-04-2024T22:05:30 - [MESSAGE][PASSED] - Object: 'Object Repository/BC Iglo/Page_Join Bootcamp at Indocyber  Indocyber/button_Apply Now' is clicked on

02-04-2024T22:05:30 - [TEST_STEP][PASSED] - setText(findTestObject("Object Repository/BC Iglo/Page_Join Bootcamp at Indocyber  Indocyber/input_JOIN NOW_name"), "Faraz Septarian Adi Nugroho"): Text 'Faraz Septarian Adi Nugroho' is set on object 'Object Repository/BC Iglo/Page_Join Bootcamp at Indocyber  Indocyber/input_JOIN NOW_name'

02-04-2024T22:05:31 - [MESSAGE][PASSED] - Text 'Faraz Septarian Adi Nugroho' is set on object 'Object Repository/BC Iglo/Page_Join Bootcamp at Indocyber  Indocyber/input_JOIN NOW_name'

02-04-2024T22:05:31 - [TEST_STEP][PASSED] - setText(findTestObject("Object Repository/BC Iglo/Page_Join Bootcamp at Indocyber  Indocyber/input_JOIN NOW_email"), "faraz.spt@indocyber.id"): Text 'faraz.spt@indocyber.id' is set on object 'Object Repository/BC Iglo/Page_Join Bootcamp at Indocyber  Indocyber/input_JOIN NOW_email'

02-04-2024T22:05:31 - [MESSAGE][PASSED] - Text 'faraz.spt@indocyber.id' is set on object 'Object Repository/BC Iglo/Page_Join Bootcamp at Indocyber  Indocyber/input_JOIN NOW_email'

02-04-2024T22:05:31 - [TEST_STEP][PASSED] - setText(findTestObject("Object Repository/BC Iglo/Page_Join Bootcamp at Indocyber  Indocyber/input_JOIN NOW_handphone"), "0812345678"): Text '0812345678' is set on object 'Object Repository/BC Iglo/Page_Join Bootcamp at Indocyber  Indocyber/input_JOIN NOW_handphone'

02-04-2024T22:05:32 - [MESSAGE][PASSED] - Text '0812345678' is set on object 'Object Repository/BC Iglo/Page_Join Bootcamp at Indocyber  Indocyber/input_JOIN NOW_handphone'

02-04-2024T22:05:32 - [TEST_STEP][PASSED] - click(findTestObject("Object Repository/BC Iglo/Page_Join Bootcamp at Indocyber  Indocyber/div_OracleSQL Server.NETJavaMagicJOIN NOWRe_425abe")): Object: 'Object Repository/BC Iglo/Page_Join Bootcamp at Indocyber  Indocyber/div_OracleSQL Server.NETJavaMagicJOIN NOWRe_425abe' is clicked on

02-04-2024T22:05:32 - [MESSAGE][PASSED] - Object: 'Object Repository/BC Iglo/Page_Join Bootcamp at Indocyber  Indocyber/div_OracleSQL Server.NETJavaMagicJOIN NOWRe_425abe' is clicked on

02-04-2024T22:05:32 - [TEST_STEP][PASSED] - closeBrowser(): Browser is closed

02-04-2024T22:05:33 - [MESSAGE][PASSED] - Browser is closed]]></system-out>
         <system-err><![CDATA[]]></system-err>
      </testcase>
      <system-out><![CDATA[02-04-2024T22:05:23 - [TEST_SUITE][PASSED] - BC Iglo: Test Cases/BC Iglo]]></system-out>
      <system-err><![CDATA[]]></system-err>
   </testsuite>
   <testsuite name="Search Iglo" tests="1" failures="0" errors="0" time="10.157" skipped="0" timestamp="02-04-2024T22:05:45" hostname="1901 - LAPTOP-LLV8UN8R" id="Test Suites/Search Iglo">
      <properties>
         <property name="deviceName" value=""/>
         <property name="devicePlatform" value=""/>
         <property name="logFolder" value="C:\\Users\\1901\\git\\Schedule-test-katalon\\Reports\\20240402_220018\\Search Iglo\\20240402_220042"/>
         <property name="logFiles" value="C:\\Users\\1901\\git\\Schedule-test-katalon\\Reports\\20240402_220018\\Search Iglo\\20240402_220042\\execution0.log"/>
         <property name="attachments" value="keyes\keyes-2.png"/>
         <property name="hostName" value="1901 - LAPTOP-LLV8UN8R"/>
         <property name="os" value="Windows 11 64bit"/>
         <property name="katalonVersion" value="9.3.2.212"/>
         <property name="browser" value="Chrome 123.0.0.0"/>
         <property name="hostAddress" value="192.168.1.10"/>
         <property name="sessionId" value="f18937b6dd41422be67e0bb7ecaca68f"/>
         <property name="seleniumVersion" value="3.141.59"/>
         <property name="proxyInformation" value="ProxyInformation { proxyOption=NO_PROXY, proxyServerType=HTTP, username=, password=********, proxyServerAddress=, proxyServerPort=0, executionList=&quot;&quot;, isApplyToDesiredCapabilities=true }"/>
         <property name="platform" value="Windows 11"/>
      </properties>
      <testcase name="Test Cases/Search Indocyber" time="9.948" classname="Test Cases/Search Indocyber" status="PASSED">
         <system-out><![CDATA[02-04-2024T22:05:45 - [TEST_CASE][PASSED] - Test Cases/Search Indocyber: Test Cases/Search Indocyber

02-04-2024T22:05:45 - [TEST_STEP][PASSED] - openBrowser(""): Browser is opened with url: ''

02-04-2024T22:05:46 - [MESSAGE][INFO] - Starting 'Chrome' driver

02-04-2024T22:05:46 - [MESSAGE][INFO] - Action delay is set to 0 milliseconds

02-04-2024T22:05:48 - [MESSAGE][PASSED] - Browser is opened with url: ''

02-04-2024T22:05:48 - [TEST_STEP][PASSED] - navigateToUrl("https://www.google.com/"): Navigate to 'https://www.google.com/' successfully

02-04-2024T22:05:49 - [MESSAGE][PASSED] - Navigate to 'https://www.google.com/' successfully

02-04-2024T22:05:49 - [TEST_STEP][PASSED] - setText(findTestObject("Object Repository/Search Iglo/Page_Google/textarea_Login_q"), "indocyber"): Text 'indocyber' is set on object 'Object Repository/Search Iglo/Page_Google/textarea_Login_q'

02-04-2024T22:05:50 - [MESSAGE][PASSED] - Text 'indocyber' is set on object 'Object Repository/Search Iglo/Page_Google/textarea_Login_q'

02-04-2024T22:05:50 - [TEST_STEP][PASSED] - click(findTestObject("Object Repository/Search Iglo/Page_Google/span_Indocyber Global Teknologi")): Object: 'Object Repository/Search Iglo/Page_Google/span_Indocyber Global Teknologi' is clicked on

02-04-2024T22:05:51 - [MESSAGE][PASSED] - Object: 'Object Repository/Search Iglo/Page_Google/span_Indocyber Global Teknologi' is clicked on

02-04-2024T22:05:51 - [TEST_STEP][PASSED] - takeScreenshotAsCheckpoint("2"): Taking screenshot successfully

02-04-2024T22:05:54 - [MESSAGE][INFO] - 0 hidden object(s)

02-04-2024T22:05:54 - [MESSAGE][PASSED] - Taking screenshot successfully
[[ATTACHMENT|keyes\keyes-2.png]]

02-04-2024T22:05:54 - [TEST_STEP][PASSED] - click(findTestObject("Object Repository/Search Iglo/Page_indocyber global teknologi - Penelusur_63e8c8/h3_Indocyber Home")): Object: 'Object Repository/Search Iglo/Page_indocyber global teknologi - Penelusur_63e8c8/h3_Indocyber Home' is clicked on

02-04-2024T22:05:55 - [MESSAGE][PASSED] - Object: 'Object Repository/Search Iglo/Page_indocyber global teknologi - Penelusur_63e8c8/h3_Indocyber Home' is clicked on

02-04-2024T22:05:55 - [TEST_STEP][PASSED] - closeBrowser(): Browser is closed

02-04-2024T22:05:55 - [MESSAGE][PASSED] - Browser is closed]]></system-out>
         <system-err><![CDATA[]]></system-err>
      </testcase>
      <system-out><![CDATA[02-04-2024T22:05:45 - [TEST_SUITE][PASSED] - Search Iglo: Test Cases/Search Indocyber]]></system-out>
      <system-err><![CDATA[]]></system-err>
   </testsuite>
   <testsuite name="Search Tanjung duren" tests="1" failures="0" errors="0" time="12.009" skipped="0" timestamp="02-04-2024T22:06:08" hostname="1901 - LAPTOP-LLV8UN8R" id="Test Suites/Search Tanjung duren">
      <properties>
         <property name="deviceName" value=""/>
         <property name="devicePlatform" value=""/>
         <property name="logFolder" value="C:\\Users\\1901\\git\\Schedule-test-katalon\\Reports\\20240402_220018\\Search Tanjung duren\\20240402_220044"/>
         <property name="logFiles" value="C:\\Users\\1901\\git\\Schedule-test-katalon\\Reports\\20240402_220018\\Search Tanjung duren\\20240402_220044\\execution0.log"/>
         <property name="attachments" value="keyes\keyes-3.png"/>
         <property name="hostName" value="1901 - LAPTOP-LLV8UN8R"/>
         <property name="os" value="Windows 11 64bit"/>
         <property name="katalonVersion" value="9.3.2.212"/>
         <property name="browser" value="Chrome 123.0.0.0"/>
         <property name="hostAddress" value="192.168.1.10"/>
         <property name="sessionId" value="6b9cdf1172894e0c50f8f08b00edef68"/>
         <property name="seleniumVersion" value="3.141.59"/>
         <property name="proxyInformation" value="ProxyInformation { proxyOption=NO_PROXY, proxyServerType=HTTP, username=, password=********, proxyServerAddress=, proxyServerPort=0, executionList=&quot;&quot;, isApplyToDesiredCapabilities=true }"/>
         <property name="platform" value="Windows 11"/>
      </properties>
      <testcase name="Test Cases/Search Tanjung Duren" time="11.793" classname="Test Cases/Search Tanjung Duren" status="PASSED">
         <system-out><![CDATA[02-04-2024T22:06:08 - [TEST_CASE][PASSED] - Test Cases/Search Tanjung Duren: Test Cases/Search Tanjung Duren

02-04-2024T22:06:09 - [TEST_STEP][PASSED] - openBrowser(""): Browser is opened with url: ''

02-04-2024T22:06:09 - [MESSAGE][INFO] - Starting 'Chrome' driver

02-04-2024T22:06:09 - [MESSAGE][INFO] - Action delay is set to 0 milliseconds

02-04-2024T22:06:11 - [MESSAGE][PASSED] - Browser is opened with url: ''

02-04-2024T22:06:11 - [TEST_STEP][PASSED] - navigateToUrl("https://www.google.com/"): Navigate to 'https://www.google.com/' successfully

02-04-2024T22:06:13 - [MESSAGE][PASSED] - Navigate to 'https://www.google.com/' successfully

02-04-2024T22:06:13 - [TEST_STEP][PASSED] - setText(findTestObject("Object Repository/Search Tanjung duren/Page_Google/textarea_Login_q"), "tanjung duren"): Text 'tanjung duren' is set on object 'Object Repository/Search Tanjung duren/Page_Google/textarea_Login_q'

02-04-2024T22:06:14 - [MESSAGE][PASSED] - Text 'tanjung duren' is set on object 'Object Repository/Search Tanjung duren/Page_Google/textarea_Login_q'

02-04-2024T22:06:14 - [TEST_STEP][PASSED] - click(findTestObject("Object Repository/Search Tanjung duren/Page_Google/span_Tanjung Duren Utara")): Object: 'Object Repository/Search Tanjung duren/Page_Google/span_Tanjung Duren Utara' is clicked on

02-04-2024T22:06:15 - [MESSAGE][PASSED] - Object: 'Object Repository/Search Tanjung duren/Page_Google/span_Tanjung Duren Utara' is clicked on

02-04-2024T22:06:15 - [TEST_STEP][PASSED] - click(findTestObject("Object Repository/Search Tanjung duren/Page_tanjung duren - Penelusuran Google/h3_Tanjung Duren Utara, Grogol Petamburan, _9c911c")): Object: 'Object Repository/Search Tanjung duren/Page_tanjung duren - Penelusuran Google/h3_Tanjung Duren Utara, Grogol Petamburan, _9c911c' is clicked on

02-04-2024T22:06:19 - [MESSAGE][PASSED] - Object: 'Object Repository/Search Tanjung duren/Page_tanjung duren - Penelusuran Google/h3_Tanjung Duren Utara, Grogol Petamburan, _9c911c' is clicked on

02-04-2024T22:06:19 - [TEST_STEP][PASSED] - takeScreenshotAsCheckpoint("3"): Taking screenshot successfully

02-04-2024T22:06:20 - [MESSAGE][INFO] - 0 hidden object(s)

02-04-2024T22:06:20 - [MESSAGE][PASSED] - Taking screenshot successfully
[[ATTACHMENT|keyes\keyes-3.png]]

02-04-2024T22:06:20 - [TEST_STEP][PASSED] - closeBrowser(): Browser is closed

02-04-2024T22:06:20 - [MESSAGE][PASSED] - Browser is closed]]></system-out>
         <system-err><![CDATA[]]></system-err>
      </testcase>
      <system-out><![CDATA[02-04-2024T22:06:08 - [TEST_SUITE][PASSED] - Search Tanjung duren: Test Cases/Search Tanjung Duren]]></system-out>
      <system-err><![CDATA[]]></system-err>
   </testsuite>
   <testsuite name="web iglo" tests="1" failures="0" errors="0" time="8.854" skipped="0" timestamp="02-04-2024T22:06:35" hostname="1901 - LAPTOP-LLV8UN8R" id="Test Suites/web iglo">
      <properties>
         <property name="deviceName" value=""/>
         <property name="devicePlatform" value=""/>
         <property name="logFolder" value="C:\\Users\\1901\\git\\Schedule-test-katalon\\Reports\\20240402_220018\\web iglo\\20240402_220046"/>
         <property name="logFiles" value="C:\\Users\\1901\\git\\Schedule-test-katalon\\Reports\\20240402_220018\\web iglo\\20240402_220046\\execution0.log"/>
         <property name="attachments" value="keyes\keyes-1.png"/>
         <property name="hostName" value="1901 - LAPTOP-LLV8UN8R"/>
         <property name="os" value="Windows 11 64bit"/>
         <property name="katalonVersion" value="9.3.2.212"/>
         <property name="browser" value="Chrome 123.0.0.0"/>
         <property name="hostAddress" value="192.168.1.10"/>
         <property name="sessionId" value="81f4c3e6e2b0546564f49fcc0cb847a7"/>
         <property name="seleniumVersion" value="3.141.59"/>
         <property name="proxyInformation" value="ProxyInformation { proxyOption=NO_PROXY, proxyServerType=HTTP, username=, password=********, proxyServerAddress=, proxyServerPort=0, executionList=&quot;&quot;, isApplyToDesiredCapabilities=true }"/>
         <property name="platform" value="Windows 11"/>
      </properties>
      <testcase name="Test Cases/Web Iglo" time="8.642" classname="Test Cases/Web Iglo" status="PASSED">
         <system-out><![CDATA[02-04-2024T22:06:35 - [TEST_CASE][PASSED] - Test Cases/Web Iglo: Test Cases/Web Iglo

02-04-2024T22:06:35 - [TEST_STEP][PASSED] - openBrowser(""): Browser is opened with url: ''

02-04-2024T22:06:36 - [MESSAGE][INFO] - Starting 'Chrome' driver

02-04-2024T22:06:36 - [MESSAGE][INFO] - Action delay is set to 0 milliseconds

02-04-2024T22:06:37 - [MESSAGE][PASSED] - Browser is opened with url: ''

02-04-2024T22:06:37 - [TEST_STEP][PASSED] - navigateToUrl("https://www.indocyber.co.id/"): Navigate to 'https://www.indocyber.co.id/' successfully

02-04-2024T22:06:38 - [MESSAGE][PASSED] - Navigate to 'https://www.indocyber.co.id/' successfully

02-04-2024T22:06:38 - [TEST_STEP][PASSED] - click(findTestObject("Object Repository/contact_us/Page_Home  Indocyber/a_Contact Us")): Object: 'Object Repository/contact_us/Page_Home  Indocyber/a_Contact Us' is clicked on

02-04-2024T22:06:40 - [MESSAGE][PASSED] - Object: 'Object Repository/contact_us/Page_Home  Indocyber/a_Contact Us' is clicked on

02-04-2024T22:06:40 - [TEST_STEP][PASSED] - setText(findTestObject("Object Repository/contact_us/Page_Contact Us  Indocyber/input_What can we do for you_name"), "Faraz Septarian"): Text 'Faraz Septarian' is set on object 'Object Repository/contact_us/Page_Contact Us  Indocyber/input_What can we do for you_name'

02-04-2024T22:06:42 - [MESSAGE][PASSED] - Text 'Faraz Septarian' is set on object 'Object Repository/contact_us/Page_Contact Us  Indocyber/input_What can we do for you_name'

02-04-2024T22:06:42 - [TEST_STEP][PASSED] - setText(findTestObject("Object Repository/contact_us/Page_Contact Us  Indocyber/input_What can we do for you_email"), "faraz.nugroho@indocyber.id"): Text 'faraz.nugroho@indocyber.id' is set on object 'Object Repository/contact_us/Page_Contact Us  Indocyber/input_What can we do for you_email'

02-04-2024T22:06:43 - [MESSAGE][PASSED] - Text 'faraz.nugroho@indocyber.id' is set on object 'Object Repository/contact_us/Page_Contact Us  Indocyber/input_What can we do for you_email'

02-04-2024T22:06:43 - [TEST_STEP][PASSED] - takeScreenshotAsCheckpoint("1"): Taking screenshot successfully

02-04-2024T22:06:43 - [MESSAGE][INFO] - 0 hidden object(s)

02-04-2024T22:06:43 - [MESSAGE][PASSED] - Taking screenshot successfully
[[ATTACHMENT|keyes\keyes-1.png]]

02-04-2024T22:06:43 - [TEST_STEP][PASSED] - closeBrowser(): Browser is closed

02-04-2024T22:06:44 - [MESSAGE][PASSED] - Browser is closed]]></system-out>
         <system-err><![CDATA[]]></system-err>
      </testcase>
      <system-out><![CDATA[02-04-2024T22:06:35 - [TEST_SUITE][PASSED] - web iglo: Test Cases/Web Iglo]]></system-out>
      <system-err><![CDATA[]]></system-err>
   </testsuite>
   <testsuite name="youtube" tests="1" failures="0" errors="0" time="11.56" skipped="0" timestamp="02-04-2024T22:06:55" hostname="1901 - LAPTOP-LLV8UN8R" id="Test Suites/youtube">
      <properties>
         <property name="deviceName" value=""/>
         <property name="devicePlatform" value=""/>
         <property name="logFolder" value="C:\\Users\\1901\\git\\Schedule-test-katalon\\Reports\\20240402_220018\\youtube\\20240402_220048"/>
         <property name="logFiles" value="C:\\Users\\1901\\git\\Schedule-test-katalon\\Reports\\20240402_220018\\youtube\\20240402_220048\\execution0.log"/>
         <property name="attachments" value=""/>
         <property name="hostName" value="1901 - LAPTOP-LLV8UN8R"/>
         <property name="os" value="Windows 11 64bit"/>
         <property name="katalonVersion" value="9.3.2.212"/>
         <property name="browser" value="Chrome 123.0.0.0"/>
         <property name="hostAddress" value="192.168.1.10"/>
         <property name="sessionId" value="7e5e1111b81904128dfbf6ef6ca517da"/>
         <property name="seleniumVersion" value="3.141.59"/>
         <property name="proxyInformation" value="ProxyInformation { proxyOption=NO_PROXY, proxyServerType=HTTP, username=, password=********, proxyServerAddress=, proxyServerPort=0, executionList=&quot;&quot;, isApplyToDesiredCapabilities=true }"/>
         <property name="platform" value="Windows 11"/>
      </properties>
      <testcase name="Test Cases/open youtube" time="11.346" classname="Test Cases/open youtube" status="PASSED">
         <system-out><![CDATA[02-04-2024T22:06:55 - [TEST_CASE][PASSED] - Test Cases/open youtube: Test Cases/open youtube

02-04-2024T22:06:56 - [TEST_STEP][PASSED] - openBrowser(""): Browser is opened with url: ''

02-04-2024T22:06:56 - [MESSAGE][INFO] - Starting 'Chrome' driver

02-04-2024T22:06:56 - [MESSAGE][INFO] - Action delay is set to 0 milliseconds

02-04-2024T22:06:58 - [MESSAGE][PASSED] - Browser is opened with url: ''

02-04-2024T22:06:58 - [TEST_STEP][PASSED] - navigateToUrl("https://www.youtube.com/?themeRefresh=1"): Navigate to 'https://www.youtube.com/?themeRefresh=1' successfully

02-04-2024T22:07:00 - [MESSAGE][PASSED] - Navigate to 'https://www.youtube.com/?themeRefresh=1' successfully

02-04-2024T22:07:00 - [TEST_STEP][PASSED] - setText(findTestObject("Object Repository/search youtube/Page_YouTube/input_Skip navigation_search_query"), "katalon schedule test"): Text 'katalon schedule test' is set on object 'Object Repository/search youtube/Page_YouTube/input_Skip navigation_search_query'

02-04-2024T22:07:04 - [MESSAGE][PASSED] - Text 'katalon schedule test' is set on object 'Object Repository/search youtube/Page_YouTube/input_Skip navigation_search_query'

02-04-2024T22:07:04 - [TEST_STEP][PASSED] - click(findTestObject("Object Repository/search youtube/Page_YouTube/div")): Object: 'Object Repository/search youtube/Page_YouTube/div' is clicked on

02-04-2024T22:07:06 - [MESSAGE][PASSED] - Object: 'Object Repository/search youtube/Page_YouTube/div' is clicked on

02-04-2024T22:07:06 - [TEST_STEP][PASSED] - closeBrowser(): Browser is closed

02-04-2024T22:07:07 - [MESSAGE][PASSED] - Browser is closed]]></system-out>
         <system-err><![CDATA[]]></system-err>
      </testcase>
      <system-out><![CDATA[02-04-2024T22:06:55 - [TEST_SUITE][PASSED] - youtube: Test Cases/open youtube]]></system-out>
      <system-err><![CDATA[]]></system-err>
   </testsuite>
   <testsuite name="BC Iglo" tests="1" failures="0" errors="0" time="9.911" skipped="0" timestamp="02-04-2024T22:07:22" hostname="1901 - LAPTOP-LLV8UN8R" id="Test Suites/BC Iglo">
      <properties>
         <property name="deviceName" value=""/>
         <property name="devicePlatform" value=""/>
         <property name="logFolder" value="C:\\Users\\1901\\git\\Schedule-test-katalon\\Reports\\20240402_220018\\BC Iglo\\20240402_220050"/>
         <property name="logFiles" value="C:\\Users\\1901\\git\\Schedule-test-katalon\\Reports\\20240402_220018\\BC Iglo\\20240402_220050\\execution0.log"/>
         <property name="attachments" value=""/>
         <property name="hostName" value="1901 - LAPTOP-LLV8UN8R"/>
         <property name="os" value="Windows 11 64bit"/>
         <property name="katalonVersion" value="9.3.2.212"/>
         <property name="browser" value="Chrome 123.0.0.0"/>
         <property name="hostAddress" value="192.168.1.10"/>
         <property name="sessionId" value="12627bf9d0b7951325730a0c0b1c12a6"/>
         <property name="seleniumVersion" value="3.141.59"/>
         <property name="proxyInformation" value="ProxyInformation { proxyOption=NO_PROXY, proxyServerType=HTTP, username=, password=********, proxyServerAddress=, proxyServerPort=0, executionList=&quot;&quot;, isApplyToDesiredCapabilities=true }"/>
         <property name="platform" value="Windows 11"/>
      </properties>
      <testcase name="Test Cases/BC Iglo" time="9.682" classname="Test Cases/BC Iglo" status="PASSED">
         <system-out><![CDATA[02-04-2024T22:07:22 - [TEST_CASE][PASSED] - Test Cases/BC Iglo: Test Cases/BC Iglo

02-04-2024T22:07:22 - [TEST_STEP][PASSED] - openBrowser(""): Browser is opened with url: ''

02-04-2024T22:07:23 - [MESSAGE][INFO] - Starting 'Chrome' driver

02-04-2024T22:07:23 - [MESSAGE][INFO] - Action delay is set to 0 milliseconds

02-04-2024T22:07:24 - [MESSAGE][PASSED] - Browser is opened with url: ''

02-04-2024T22:07:24 - [TEST_STEP][PASSED] - navigateToUrl("https://www.indocyber.co.id/"): Navigate to 'https://www.indocyber.co.id/' successfully

02-04-2024T22:07:25 - [MESSAGE][PASSED] - Navigate to 'https://www.indocyber.co.id/' successfully

02-04-2024T22:07:25 - [TEST_STEP][PASSED] - click(findTestObject("Object Repository/BC Iglo/Page_Home  Indocyber/a_Bootcamp")): Object: 'Object Repository/BC Iglo/Page_Home  Indocyber/a_Bootcamp' is clicked on

02-04-2024T22:07:27 - [MESSAGE][PASSED] - Object: 'Object Repository/BC Iglo/Page_Home  Indocyber/a_Bootcamp' is clicked on

02-04-2024T22:07:27 - [TEST_STEP][PASSED] - click(findTestObject("Object Repository/BC Iglo/Page_Join Bootcamp at Indocyber  Indocyber/button_Apply Now")): Object: 'Object Repository/BC Iglo/Page_Join Bootcamp at Indocyber  Indocyber/button_Apply Now' is clicked on

02-04-2024T22:07:29 - [MESSAGE][PASSED] - Object: 'Object Repository/BC Iglo/Page_Join Bootcamp at Indocyber  Indocyber/button_Apply Now' is clicked on

02-04-2024T22:07:29 - [TEST_STEP][PASSED] - setText(findTestObject("Object Repository/BC Iglo/Page_Join Bootcamp at Indocyber  Indocyber/input_JOIN NOW_name"), "Faraz Septarian Adi Nugroho"): Text 'Faraz Septarian Adi Nugroho' is set on object 'Object Repository/BC Iglo/Page_Join Bootcamp at Indocyber  Indocyber/input_JOIN NOW_name'

02-04-2024T22:07:29 - [MESSAGE][PASSED] - Text 'Faraz Septarian Adi Nugroho' is set on object 'Object Repository/BC Iglo/Page_Join Bootcamp at Indocyber  Indocyber/input_JOIN NOW_name'

02-04-2024T22:07:29 - [TEST_STEP][PASSED] - setText(findTestObject("Object Repository/BC Iglo/Page_Join Bootcamp at Indocyber  Indocyber/input_JOIN NOW_email"), "faraz.spt@indocyber.id"): Text 'faraz.spt@indocyber.id' is set on object 'Object Repository/BC Iglo/Page_Join Bootcamp at Indocyber  Indocyber/input_JOIN NOW_email'

02-04-2024T22:07:30 - [MESSAGE][PASSED] - Text 'faraz.spt@indocyber.id' is set on object 'Object Repository/BC Iglo/Page_Join Bootcamp at Indocyber  Indocyber/input_JOIN NOW_email'

02-04-2024T22:07:30 - [TEST_STEP][PASSED] - setText(findTestObject("Object Repository/BC Iglo/Page_Join Bootcamp at Indocyber  Indocyber/input_JOIN NOW_handphone"), "0812345678"): Text '0812345678' is set on object 'Object Repository/BC Iglo/Page_Join Bootcamp at Indocyber  Indocyber/input_JOIN NOW_handphone'

02-04-2024T22:07:31 - [MESSAGE][PASSED] - Text '0812345678' is set on object 'Object Repository/BC Iglo/Page_Join Bootcamp at Indocyber  Indocyber/input_JOIN NOW_handphone'

02-04-2024T22:07:31 - [TEST_STEP][PASSED] - click(findTestObject("Object Repository/BC Iglo/Page_Join Bootcamp at Indocyber  Indocyber/div_OracleSQL Server.NETJavaMagicJOIN NOWRe_425abe")): Object: 'Object Repository/BC Iglo/Page_Join Bootcamp at Indocyber  Indocyber/div_OracleSQL Server.NETJavaMagicJOIN NOWRe_425abe' is clicked on

02-04-2024T22:07:31 - [MESSAGE][PASSED] - Object: 'Object Repository/BC Iglo/Page_Join Bootcamp at Indocyber  Indocyber/div_OracleSQL Server.NETJavaMagicJOIN NOWRe_425abe' is clicked on

02-04-2024T22:07:31 - [TEST_STEP][PASSED] - closeBrowser(): Browser is closed

02-04-2024T22:07:32 - [MESSAGE][PASSED] - Browser is closed]]></system-out>
         <system-err><![CDATA[]]></system-err>
      </testcase>
      <system-out><![CDATA[02-04-2024T22:07:22 - [TEST_SUITE][PASSED] - BC Iglo: Test Cases/BC Iglo]]></system-out>
      <system-err><![CDATA[]]></system-err>
   </testsuite>
   <testsuite name="Search Iglo" tests="1" failures="0" errors="0" time="10.439" skipped="0" timestamp="02-04-2024T22:07:45" hostname="1901 - LAPTOP-LLV8UN8R" id="Test Suites/Search Iglo">
      <properties>
         <property name="deviceName" value=""/>
         <property name="devicePlatform" value=""/>
         <property name="logFolder" value="C:\\Users\\1901\\git\\Schedule-test-katalon\\Reports\\20240402_220018\\Search Iglo\\20240402_220052"/>
         <property name="logFiles" value="C:\\Users\\1901\\git\\Schedule-test-katalon\\Reports\\20240402_220018\\Search Iglo\\20240402_220052\\execution0.log"/>
         <property name="attachments" value="keyes\keyes-2.png"/>
         <property name="hostName" value="1901 - LAPTOP-LLV8UN8R"/>
         <property name="os" value="Windows 11 64bit"/>
         <property name="katalonVersion" value="9.3.2.212"/>
         <property name="browser" value="Chrome 123.0.0.0"/>
         <property name="hostAddress" value="192.168.1.10"/>
         <property name="sessionId" value="243d353fc0e4b5e1b544e0e016bbf6e6"/>
         <property name="seleniumVersion" value="3.141.59"/>
         <property name="proxyInformation" value="ProxyInformation { proxyOption=NO_PROXY, proxyServerType=HTTP, username=, password=********, proxyServerAddress=, proxyServerPort=0, executionList=&quot;&quot;, isApplyToDesiredCapabilities=true }"/>
         <property name="platform" value="Windows 11"/>
      </properties>
      <testcase name="Test Cases/Search Indocyber" time="10.201" classname="Test Cases/Search Indocyber" status="PASSED">
         <system-out><![CDATA[02-04-2024T22:07:46 - [TEST_CASE][PASSED] - Test Cases/Search Indocyber: Test Cases/Search Indocyber

02-04-2024T22:07:46 - [TEST_STEP][PASSED] - openBrowser(""): Browser is opened with url: ''

02-04-2024T22:07:46 - [MESSAGE][INFO] - Starting 'Chrome' driver

02-04-2024T22:07:46 - [MESSAGE][INFO] - Action delay is set to 0 milliseconds

02-04-2024T22:07:48 - [MESSAGE][PASSED] - Browser is opened with url: ''

02-04-2024T22:07:48 - [TEST_STEP][PASSED] - navigateToUrl("https://www.google.com/"): Navigate to 'https://www.google.com/' successfully

02-04-2024T22:07:50 - [MESSAGE][PASSED] - Navigate to 'https://www.google.com/' successfully

02-04-2024T22:07:50 - [TEST_STEP][PASSED] - setText(findTestObject("Object Repository/Search Iglo/Page_Google/textarea_Login_q"), "indocyber"): Text 'indocyber' is set on object 'Object Repository/Search Iglo/Page_Google/textarea_Login_q'

02-04-2024T22:07:51 - [MESSAGE][PASSED] - Text 'indocyber' is set on object 'Object Repository/Search Iglo/Page_Google/textarea_Login_q'

02-04-2024T22:07:51 - [TEST_STEP][PASSED] - click(findTestObject("Object Repository/Search Iglo/Page_Google/span_Indocyber Global Teknologi")): Object: 'Object Repository/Search Iglo/Page_Google/span_Indocyber Global Teknologi' is clicked on

02-04-2024T22:07:51 - [MESSAGE][PASSED] - Object: 'Object Repository/Search Iglo/Page_Google/span_Indocyber Global Teknologi' is clicked on

02-04-2024T22:07:51 - [TEST_STEP][PASSED] - takeScreenshotAsCheckpoint("2"): Taking screenshot successfully

02-04-2024T22:07:54 - [MESSAGE][INFO] - 0 hidden object(s)

02-04-2024T22:07:55 - [MESSAGE][PASSED] - Taking screenshot successfully
[[ATTACHMENT|keyes\keyes-2.png]]

02-04-2024T22:07:55 - [TEST_STEP][PASSED] - click(findTestObject("Object Repository/Search Iglo/Page_indocyber global teknologi - Penelusur_63e8c8/h3_Indocyber Home")): Object: 'Object Repository/Search Iglo/Page_indocyber global teknologi - Penelusur_63e8c8/h3_Indocyber Home' is clicked on

02-04-2024T22:07:56 - [MESSAGE][PASSED] - Object: 'Object Repository/Search Iglo/Page_indocyber global teknologi - Penelusur_63e8c8/h3_Indocyber Home' is clicked on

02-04-2024T22:07:56 - [TEST_STEP][PASSED] - closeBrowser(): Browser is closed

02-04-2024T22:07:56 - [MESSAGE][PASSED] - Browser is closed]]></system-out>
         <system-err><![CDATA[]]></system-err>
      </testcase>
      <system-out><![CDATA[02-04-2024T22:07:45 - [TEST_SUITE][PASSED] - Search Iglo: Test Cases/Search Indocyber]]></system-out>
      <system-err><![CDATA[]]></system-err>
   </testsuite>
   <testsuite name="web iglo" tests="1" failures="0" errors="0" time="9.337" skipped="0" timestamp="02-04-2024T22:08:07" hostname="1901 - LAPTOP-LLV8UN8R" id="Test Suites/web iglo">
      <properties>
         <property name="deviceName" value=""/>
         <property name="devicePlatform" value=""/>
         <property name="logFolder" value="C:\\Users\\1901\\git\\Schedule-test-katalon\\Reports\\20240402_220018\\web iglo\\20240402_220054"/>
         <property name="logFiles" value="C:\\Users\\1901\\git\\Schedule-test-katalon\\Reports\\20240402_220018\\web iglo\\20240402_220054\\execution0.log"/>
         <property name="attachments" value="keyes\keyes-1.png"/>
         <property name="hostName" value="1901 - LAPTOP-LLV8UN8R"/>
         <property name="os" value="Windows 11 64bit"/>
         <property name="katalonVersion" value="9.3.2.212"/>
         <property name="browser" value="Chrome 123.0.0.0"/>
         <property name="hostAddress" value="192.168.1.10"/>
         <property name="sessionId" value="90267e8ab35dbbce0fae91fc97c81e6c"/>
         <property name="seleniumVersion" value="3.141.59"/>
         <property name="proxyInformation" value="ProxyInformation { proxyOption=NO_PROXY, proxyServerType=HTTP, username=, password=********, proxyServerAddress=, proxyServerPort=0, executionList=&quot;&quot;, isApplyToDesiredCapabilities=true }"/>
         <property name="platform" value="Windows 11"/>
      </properties>
      <testcase name="Test Cases/Web Iglo" time="9.095" classname="Test Cases/Web Iglo" status="PASSED">
         <system-out><![CDATA[02-04-2024T22:08:07 - [TEST_CASE][PASSED] - Test Cases/Web Iglo: Test Cases/Web Iglo

02-04-2024T22:08:08 - [TEST_STEP][PASSED] - openBrowser(""): Browser is opened with url: ''

02-04-2024T22:08:08 - [MESSAGE][INFO] - Starting 'Chrome' driver

02-04-2024T22:08:08 - [MESSAGE][INFO] - Action delay is set to 0 milliseconds

02-04-2024T22:08:10 - [MESSAGE][PASSED] - Browser is opened with url: ''

02-04-2024T22:08:10 - [TEST_STEP][PASSED] - navigateToUrl("https://www.indocyber.co.id/"): Navigate to 'https://www.indocyber.co.id/' successfully

02-04-2024T22:08:10 - [MESSAGE][PASSED] - Navigate to 'https://www.indocyber.co.id/' successfully

02-04-2024T22:08:10 - [TEST_STEP][PASSED] - click(findTestObject("Object Repository/contact_us/Page_Home  Indocyber/a_Contact Us")): Object: 'Object Repository/contact_us/Page_Home  Indocyber/a_Contact Us' is clicked on

02-04-2024T22:08:12 - [MESSAGE][PASSED] - Object: 'Object Repository/contact_us/Page_Home  Indocyber/a_Contact Us' is clicked on

02-04-2024T22:08:12 - [TEST_STEP][PASSED] - setText(findTestObject("Object Repository/contact_us/Page_Contact Us  Indocyber/input_What can we do for you_name"), "Faraz Septarian"): Text 'Faraz Septarian' is set on object 'Object Repository/contact_us/Page_Contact Us  Indocyber/input_What can we do for you_name'

02-04-2024T22:08:15 - [MESSAGE][PASSED] - Text 'Faraz Septarian' is set on object 'Object Repository/contact_us/Page_Contact Us  Indocyber/input_What can we do for you_name'

02-04-2024T22:08:15 - [TEST_STEP][PASSED] - setText(findTestObject("Object Repository/contact_us/Page_Contact Us  Indocyber/input_What can we do for you_email"), "faraz.nugroho@indocyber.id"): Text 'faraz.nugroho@indocyber.id' is set on object 'Object Repository/contact_us/Page_Contact Us  Indocyber/input_What can we do for you_email'

02-04-2024T22:08:15 - [MESSAGE][PASSED] - Text 'faraz.nugroho@indocyber.id' is set on object 'Object Repository/contact_us/Page_Contact Us  Indocyber/input_What can we do for you_email'

02-04-2024T22:08:15 - [TEST_STEP][PASSED] - takeScreenshotAsCheckpoint("1"): Taking screenshot successfully

02-04-2024T22:08:16 - [MESSAGE][INFO] - 0 hidden object(s)

02-04-2024T22:08:16 - [MESSAGE][PASSED] - Taking screenshot successfully
[[ATTACHMENT|keyes\keyes-1.png]]

02-04-2024T22:08:16 - [TEST_STEP][PASSED] - closeBrowser(): Browser is closed

02-04-2024T22:08:16 - [MESSAGE][PASSED] - Browser is closed]]></system-out>
         <system-err><![CDATA[]]></system-err>
      </testcase>
      <system-out><![CDATA[02-04-2024T22:08:07 - [TEST_SUITE][PASSED] - web iglo: Test Cases/Web Iglo]]></system-out>
      <system-err><![CDATA[]]></system-err>
   </testsuite>
   <testsuite name="Search Tanjung duren" tests="1" failures="0" errors="0" time="10.93" skipped="0" timestamp="02-04-2024T22:08:30" hostname="1901 - LAPTOP-LLV8UN8R" id="Test Suites/Search Tanjung duren">
      <properties>
         <property name="deviceName" value=""/>
         <property name="devicePlatform" value=""/>
         <property name="logFolder" value="C:\\Users\\1901\\git\\Schedule-test-katalon\\Reports\\20240402_220018\\Search Tanjung duren\\20240402_220056"/>
         <property name="logFiles" value="C:\\Users\\1901\\git\\Schedule-test-katalon\\Reports\\20240402_220018\\Search Tanjung duren\\20240402_220056\\execution0.log"/>
         <property name="attachments" value="keyes\keyes-3.png"/>
         <property name="hostName" value="1901 - LAPTOP-LLV8UN8R"/>
         <property name="os" value="Windows 11 64bit"/>
         <property name="katalonVersion" value="9.3.2.212"/>
         <property name="browser" value="Chrome 123.0.0.0"/>
         <property name="hostAddress" value="192.168.1.10"/>
         <property name="sessionId" value="cbd806ae87a6c1dbde5c298b160634a7"/>
         <property name="seleniumVersion" value="3.141.59"/>
         <property name="proxyInformation" value="ProxyInformation { proxyOption=NO_PROXY, proxyServerType=HTTP, username=, password=********, proxyServerAddress=, proxyServerPort=0, executionList=&quot;&quot;, isApplyToDesiredCapabilities=true }"/>
         <property name="platform" value="Windows 11"/>
      </properties>
      <testcase name="Test Cases/Search Tanjung Duren" time="10.718" classname="Test Cases/Search Tanjung Duren" status="PASSED">
         <system-out><![CDATA[02-04-2024T22:08:30 - [TEST_CASE][PASSED] - Test Cases/Search Tanjung Duren: Test Cases/Search Tanjung Duren

02-04-2024T22:08:30 - [TEST_STEP][PASSED] - openBrowser(""): Browser is opened with url: ''

02-04-2024T22:08:31 - [MESSAGE][INFO] - Starting 'Chrome' driver

02-04-2024T22:08:31 - [MESSAGE][INFO] - Action delay is set to 0 milliseconds

02-04-2024T22:08:32 - [MESSAGE][PASSED] - Browser is opened with url: ''

02-04-2024T22:08:32 - [TEST_STEP][PASSED] - navigateToUrl("https://www.google.com/"): Navigate to 'https://www.google.com/' successfully

02-04-2024T22:08:34 - [MESSAGE][PASSED] - Navigate to 'https://www.google.com/' successfully

02-04-2024T22:08:34 - [TEST_STEP][PASSED] - setText(findTestObject("Object Repository/Search Tanjung duren/Page_Google/textarea_Login_q"), "tanjung duren"): Text 'tanjung duren' is set on object 'Object Repository/Search Tanjung duren/Page_Google/textarea_Login_q'

02-04-2024T22:08:35 - [MESSAGE][PASSED] - Text 'tanjung duren' is set on object 'Object Repository/Search Tanjung duren/Page_Google/textarea_Login_q'

02-04-2024T22:08:35 - [TEST_STEP][PASSED] - click(findTestObject("Object Repository/Search Tanjung duren/Page_Google/span_Tanjung Duren Utara")): Object: 'Object Repository/Search Tanjung duren/Page_Google/span_Tanjung Duren Utara' is clicked on

02-04-2024T22:08:36 - [MESSAGE][PASSED] - Object: 'Object Repository/Search Tanjung duren/Page_Google/span_Tanjung Duren Utara' is clicked on

02-04-2024T22:08:36 - [TEST_STEP][PASSED] - click(findTestObject("Object Repository/Search Tanjung duren/Page_tanjung duren - Penelusuran Google/h3_Tanjung Duren Utara, Grogol Petamburan, _9c911c")): Object: 'Object Repository/Search Tanjung duren/Page_tanjung duren - Penelusuran Google/h3_Tanjung Duren Utara, Grogol Petamburan, _9c911c' is clicked on

02-04-2024T22:08:39 - [MESSAGE][PASSED] - Object: 'Object Repository/Search Tanjung duren/Page_tanjung duren - Penelusuran Google/h3_Tanjung Duren Utara, Grogol Petamburan, _9c911c' is clicked on

02-04-2024T22:08:39 - [TEST_STEP][PASSED] - takeScreenshotAsCheckpoint("3"): Taking screenshot successfully

02-04-2024T22:08:40 - [MESSAGE][INFO] - 0 hidden object(s)

02-04-2024T22:08:40 - [MESSAGE][PASSED] - Taking screenshot successfully
[[ATTACHMENT|keyes\keyes-3.png]]

02-04-2024T22:08:40 - [TEST_STEP][PASSED] - closeBrowser(): Browser is closed

02-04-2024T22:08:41 - [MESSAGE][PASSED] - Browser is closed]]></system-out>
         <system-err><![CDATA[]]></system-err>
      </testcase>
      <system-out><![CDATA[02-04-2024T22:08:30 - [TEST_SUITE][PASSED] - Search Tanjung duren: Test Cases/Search Tanjung Duren]]></system-out>
      <system-err><![CDATA[]]></system-err>
   </testsuite>
   <testsuite name="youtube" tests="1" failures="0" errors="0" time="8.923" skipped="0" timestamp="02-04-2024T22:08:55" hostname="1901 - LAPTOP-LLV8UN8R" id="Test Suites/youtube">
      <properties>
         <property name="deviceName" value=""/>
         <property name="devicePlatform" value=""/>
         <property name="logFolder" value="C:\\Users\\1901\\git\\Schedule-test-katalon\\Reports\\20240402_220018\\youtube\\20240402_220058"/>
         <property name="logFiles" value="C:\\Users\\1901\\git\\Schedule-test-katalon\\Reports\\20240402_220018\\youtube\\20240402_220058\\execution0.log"/>
         <property name="attachments" value=""/>
         <property name="hostName" value="1901 - LAPTOP-LLV8UN8R"/>
         <property name="os" value="Windows 11 64bit"/>
         <property name="katalonVersion" value="9.3.2.212"/>
         <property name="browser" value="Chrome 123.0.0.0"/>
         <property name="hostAddress" value="192.168.1.10"/>
         <property name="sessionId" value="84a92f373cecf5e584e96c3bdc221775"/>
         <property name="seleniumVersion" value="3.141.59"/>
         <property name="proxyInformation" value="ProxyInformation { proxyOption=NO_PROXY, proxyServerType=HTTP, username=, password=********, proxyServerAddress=, proxyServerPort=0, executionList=&quot;&quot;, isApplyToDesiredCapabilities=true }"/>
         <property name="platform" value="Windows 11"/>
      </properties>
      <testcase name="Test Cases/open youtube" time="8.712" classname="Test Cases/open youtube" status="PASSED">
         <system-out><![CDATA[02-04-2024T22:08:55 - [TEST_CASE][PASSED] - Test Cases/open youtube: Test Cases/open youtube

02-04-2024T22:08:55 - [TEST_STEP][PASSED] - openBrowser(""): Browser is opened with url: ''

02-04-2024T22:08:56 - [MESSAGE][INFO] - Starting 'Chrome' driver

02-04-2024T22:08:56 - [MESSAGE][INFO] - Action delay is set to 0 milliseconds

02-04-2024T22:08:57 - [MESSAGE][PASSED] - Browser is opened with url: ''

02-04-2024T22:08:57 - [TEST_STEP][PASSED] - navigateToUrl("https://www.youtube.com/?themeRefresh=1"): Navigate to 'https://www.youtube.com/?themeRefresh=1' successfully

02-04-2024T22:08:59 - [MESSAGE][PASSED] - Navigate to 'https://www.youtube.com/?themeRefresh=1' successfully

02-04-2024T22:08:59 - [TEST_STEP][PASSED] - setText(findTestObject("Object Repository/search youtube/Page_YouTube/input_Skip navigation_search_query"), "katalon schedule test"): Text 'katalon schedule test' is set on object 'Object Repository/search youtube/Page_YouTube/input_Skip navigation_search_query'

02-04-2024T22:09:02 - [MESSAGE][PASSED] - Text 'katalon schedule test' is set on object 'Object Repository/search youtube/Page_YouTube/input_Skip navigation_search_query'

02-04-2024T22:09:02 - [TEST_STEP][PASSED] - click(findTestObject("Object Repository/search youtube/Page_YouTube/div")): Object: 'Object Repository/search youtube/Page_YouTube/div' is clicked on

02-04-2024T22:09:03 - [MESSAGE][PASSED] - Object: 'Object Repository/search youtube/Page_YouTube/div' is clicked on

02-04-2024T22:09:03 - [TEST_STEP][PASSED] - closeBrowser(): Browser is closed

02-04-2024T22:09:04 - [MESSAGE][PASSED] - Browser is closed]]></system-out>
         <system-err><![CDATA[]]></system-err>
      </testcase>
      <system-out><![CDATA[02-04-2024T22:08:55 - [TEST_SUITE][PASSED] - youtube: Test Cases/open youtube]]></system-out>
      <system-err><![CDATA[]]></system-err>
   </testsuite>
   <testsuite name="BC Iglo" tests="1" failures="0" errors="0" time="10.094" skipped="0" timestamp="02-04-2024T22:09:18" hostname="1901 - LAPTOP-LLV8UN8R" id="Test Suites/BC Iglo">
      <properties>
         <property name="deviceName" value=""/>
         <property name="devicePlatform" value=""/>
         <property name="logFolder" value="C:\\Users\\1901\\git\\Schedule-test-katalon\\Reports\\20240402_220018\\BC Iglo\\20240402_220100"/>
         <property name="logFiles" value="C:\\Users\\1901\\git\\Schedule-test-katalon\\Reports\\20240402_220018\\BC Iglo\\20240402_220100\\execution0.log"/>
         <property name="attachments" value=""/>
         <property name="hostName" value="1901 - LAPTOP-LLV8UN8R"/>
         <property name="os" value="Windows 11 64bit"/>
         <property name="katalonVersion" value="9.3.2.212"/>
         <property name="browser" value="Chrome 123.0.0.0"/>
         <property name="hostAddress" value="192.168.1.10"/>
         <property name="sessionId" value="d36266df202f5ed4430b88ea8f108a1e"/>
         <property name="seleniumVersion" value="3.141.59"/>
         <property name="proxyInformation" value="ProxyInformation { proxyOption=NO_PROXY, proxyServerType=HTTP, username=, password=********, proxyServerAddress=, proxyServerPort=0, executionList=&quot;&quot;, isApplyToDesiredCapabilities=true }"/>
         <property name="platform" value="Windows 11"/>
      </properties>
      <testcase name="Test Cases/BC Iglo" time="9.888" classname="Test Cases/BC Iglo" status="PASSED">
         <system-out><![CDATA[02-04-2024T22:09:18 - [TEST_CASE][PASSED] - Test Cases/BC Iglo: Test Cases/BC Iglo

02-04-2024T22:09:18 - [TEST_STEP][PASSED] - openBrowser(""): Browser is opened with url: ''

02-04-2024T22:09:19 - [MESSAGE][INFO] - Starting 'Chrome' driver

02-04-2024T22:09:19 - [MESSAGE][INFO] - Action delay is set to 0 milliseconds

02-04-2024T22:09:21 - [MESSAGE][PASSED] - Browser is opened with url: ''

02-04-2024T22:09:21 - [TEST_STEP][PASSED] - navigateToUrl("https://www.indocyber.co.id/"): Navigate to 'https://www.indocyber.co.id/' successfully

02-04-2024T22:09:21 - [MESSAGE][PASSED] - Navigate to 'https://www.indocyber.co.id/' successfully

02-04-2024T22:09:21 - [TEST_STEP][PASSED] - click(findTestObject("Object Repository/BC Iglo/Page_Home  Indocyber/a_Bootcamp")): Object: 'Object Repository/BC Iglo/Page_Home  Indocyber/a_Bootcamp' is clicked on

02-04-2024T22:09:23 - [MESSAGE][PASSED] - Object: 'Object Repository/BC Iglo/Page_Home  Indocyber/a_Bootcamp' is clicked on

02-04-2024T22:09:23 - [TEST_STEP][PASSED] - click(findTestObject("Object Repository/BC Iglo/Page_Join Bootcamp at Indocyber  Indocyber/button_Apply Now")): Object: 'Object Repository/BC Iglo/Page_Join Bootcamp at Indocyber  Indocyber/button_Apply Now' is clicked on

02-04-2024T22:09:25 - [MESSAGE][PASSED] - Object: 'Object Repository/BC Iglo/Page_Join Bootcamp at Indocyber  Indocyber/button_Apply Now' is clicked on

02-04-2024T22:09:25 - [TEST_STEP][PASSED] - setText(findTestObject("Object Repository/BC Iglo/Page_Join Bootcamp at Indocyber  Indocyber/input_JOIN NOW_name"), "Faraz Septarian Adi Nugroho"): Text 'Faraz Septarian Adi Nugroho' is set on object 'Object Repository/BC Iglo/Page_Join Bootcamp at Indocyber  Indocyber/input_JOIN NOW_name'

02-04-2024T22:09:26 - [MESSAGE][PASSED] - Text 'Faraz Septarian Adi Nugroho' is set on object 'Object Repository/BC Iglo/Page_Join Bootcamp at Indocyber  Indocyber/input_JOIN NOW_name'

02-04-2024T22:09:26 - [TEST_STEP][PASSED] - setText(findTestObject("Object Repository/BC Iglo/Page_Join Bootcamp at Indocyber  Indocyber/input_JOIN NOW_email"), "faraz.spt@indocyber.id"): Text 'faraz.spt@indocyber.id' is set on object 'Object Repository/BC Iglo/Page_Join Bootcamp at Indocyber  Indocyber/input_JOIN NOW_email'

02-04-2024T22:09:27 - [MESSAGE][PASSED] - Text 'faraz.spt@indocyber.id' is set on object 'Object Repository/BC Iglo/Page_Join Bootcamp at Indocyber  Indocyber/input_JOIN NOW_email'

02-04-2024T22:09:27 - [TEST_STEP][PASSED] - setText(findTestObject("Object Repository/BC Iglo/Page_Join Bootcamp at Indocyber  Indocyber/input_JOIN NOW_handphone"), "0812345678"): Text '0812345678' is set on object 'Object Repository/BC Iglo/Page_Join Bootcamp at Indocyber  Indocyber/input_JOIN NOW_handphone'

02-04-2024T22:09:27 - [MESSAGE][PASSED] - Text '0812345678' is set on object 'Object Repository/BC Iglo/Page_Join Bootcamp at Indocyber  Indocyber/input_JOIN NOW_handphone'

02-04-2024T22:09:27 - [TEST_STEP][PASSED] - click(findTestObject("Object Repository/BC Iglo/Page_Join Bootcamp at Indocyber  Indocyber/div_OracleSQL Server.NETJavaMagicJOIN NOWRe_425abe")): Object: 'Object Repository/BC Iglo/Page_Join Bootcamp at Indocyber  Indocyber/div_OracleSQL Server.NETJavaMagicJOIN NOWRe_425abe' is clicked on

02-04-2024T22:09:28 - [MESSAGE][PASSED] - Object: 'Object Repository/BC Iglo/Page_Join Bootcamp at Indocyber  Indocyber/div_OracleSQL Server.NETJavaMagicJOIN NOWRe_425abe' is clicked on

02-04-2024T22:09:28 - [TEST_STEP][PASSED] - closeBrowser(): Browser is closed

02-04-2024T22:09:28 - [MESSAGE][PASSED] - Browser is closed]]></system-out>
         <system-err><![CDATA[]]></system-err>
      </testcase>
      <system-out><![CDATA[02-04-2024T22:09:18 - [TEST_SUITE][PASSED] - BC Iglo: Test Cases/BC Iglo]]></system-out>
      <system-err><![CDATA[]]></system-err>
   </testsuite>
   <testsuite name="Search Iglo" tests="1" failures="0" errors="0" time="10.307" skipped="0" timestamp="02-04-2024T22:09:41" hostname="1901 - LAPTOP-LLV8UN8R" id="Test Suites/Search Iglo">
      <properties>
         <property name="deviceName" value=""/>
         <property name="devicePlatform" value=""/>
         <property name="logFolder" value="C:\\Users\\1901\\git\\Schedule-test-katalon\\Reports\\20240402_220018\\Search Iglo\\20240402_220102"/>
         <property name="logFiles" value="C:\\Users\\1901\\git\\Schedule-test-katalon\\Reports\\20240402_220018\\Search Iglo\\20240402_220102\\execution0.log"/>
         <property name="attachments" value="keyes\keyes-2.png"/>
         <property name="hostName" value="1901 - LAPTOP-LLV8UN8R"/>
         <property name="os" value="Windows 11 64bit"/>
         <property name="katalonVersion" value="9.3.2.212"/>
         <property name="browser" value="Chrome 123.0.0.0"/>
         <property name="hostAddress" value="192.168.1.10"/>
         <property name="sessionId" value="021f687d7109ec6ee4bfdb95b21888cf"/>
         <property name="seleniumVersion" value="3.141.59"/>
         <property name="proxyInformation" value="ProxyInformation { proxyOption=NO_PROXY, proxyServerType=HTTP, username=, password=********, proxyServerAddress=, proxyServerPort=0, executionList=&quot;&quot;, isApplyToDesiredCapabilities=true }"/>
         <property name="platform" value="Windows 11"/>
      </properties>
      <testcase name="Test Cases/Search Indocyber" time="10.094" classname="Test Cases/Search Indocyber" status="PASSED">
         <system-out><![CDATA[02-04-2024T22:09:42 - [TEST_CASE][PASSED] - Test Cases/Search Indocyber: Test Cases/Search Indocyber

02-04-2024T22:09:42 - [TEST_STEP][PASSED] - openBrowser(""): Browser is opened with url: ''

02-04-2024T22:09:42 - [MESSAGE][INFO] - Starting 'Chrome' driver

02-04-2024T22:09:42 - [MESSAGE][INFO] - Action delay is set to 0 milliseconds

02-04-2024T22:09:44 - [MESSAGE][PASSED] - Browser is opened with url: ''

02-04-2024T22:09:44 - [TEST_STEP][PASSED] - navigateToUrl("https://www.google.com/"): Navigate to 'https://www.google.com/' successfully

02-04-2024T22:09:46 - [MESSAGE][PASSED] - Navigate to 'https://www.google.com/' successfully

02-04-2024T22:09:46 - [TEST_STEP][PASSED] - setText(findTestObject("Object Repository/Search Iglo/Page_Google/textarea_Login_q"), "indocyber"): Text 'indocyber' is set on object 'Object Repository/Search Iglo/Page_Google/textarea_Login_q'

02-04-2024T22:09:47 - [MESSAGE][PASSED] - Text 'indocyber' is set on object 'Object Repository/Search Iglo/Page_Google/textarea_Login_q'

02-04-2024T22:09:47 - [TEST_STEP][PASSED] - click(findTestObject("Object Repository/Search Iglo/Page_Google/span_Indocyber Global Teknologi")): Object: 'Object Repository/Search Iglo/Page_Google/span_Indocyber Global Teknologi' is clicked on

02-04-2024T22:09:48 - [MESSAGE][PASSED] - Object: 'Object Repository/Search Iglo/Page_Google/span_Indocyber Global Teknologi' is clicked on

02-04-2024T22:09:48 - [TEST_STEP][PASSED] - takeScreenshotAsCheckpoint("2"): Taking screenshot successfully

02-04-2024T22:09:50 - [MESSAGE][INFO] - 0 hidden object(s)

02-04-2024T22:09:51 - [MESSAGE][PASSED] - Taking screenshot successfully
[[ATTACHMENT|keyes\keyes-2.png]]

02-04-2024T22:09:51 - [TEST_STEP][PASSED] - click(findTestObject("Object Repository/Search Iglo/Page_indocyber global teknologi - Penelusur_63e8c8/h3_Indocyber Home")): Object: 'Object Repository/Search Iglo/Page_indocyber global teknologi - Penelusur_63e8c8/h3_Indocyber Home' is clicked on

02-04-2024T22:09:51 - [MESSAGE][PASSED] - Object: 'Object Repository/Search Iglo/Page_indocyber global teknologi - Penelusur_63e8c8/h3_Indocyber Home' is clicked on

02-04-2024T22:09:51 - [TEST_STEP][PASSED] - closeBrowser(): Browser is closed

02-04-2024T22:09:52 - [MESSAGE][PASSED] - Browser is closed]]></system-out>
         <system-err><![CDATA[]]></system-err>
      </testcase>
      <system-out><![CDATA[02-04-2024T22:09:41 - [TEST_SUITE][PASSED] - Search Iglo: Test Cases/Search Indocyber]]></system-out>
      <system-err><![CDATA[]]></system-err>
   </testsuite>
   <testsuite name="web iglo" tests="1" failures="0" errors="0" time="9.434" skipped="0" timestamp="02-04-2024T22:10:04" hostname="1901 - LAPTOP-LLV8UN8R" id="Test Suites/web iglo">
      <properties>
         <property name="deviceName" value=""/>
         <property name="devicePlatform" value=""/>
         <property name="logFolder" value="C:\\Users\\1901\\git\\Schedule-test-katalon\\Reports\\20240402_220018\\web iglo\\20240402_220104"/>
         <property name="logFiles" value="C:\\Users\\1901\\git\\Schedule-test-katalon\\Reports\\20240402_220018\\web iglo\\20240402_220104\\execution0.log"/>
         <property name="attachments" value="keyes\keyes-1.png"/>
         <property name="hostName" value="1901 - LAPTOP-LLV8UN8R"/>
         <property name="os" value="Windows 11 64bit"/>
         <property name="katalonVersion" value="9.3.2.212"/>
         <property name="browser" value="Chrome 123.0.0.0"/>
         <property name="hostAddress" value="192.168.1.10"/>
         <property name="sessionId" value="7188ec656b385268ee32dd708346da69"/>
         <property name="seleniumVersion" value="3.141.59"/>
         <property name="proxyInformation" value="ProxyInformation { proxyOption=NO_PROXY, proxyServerType=HTTP, username=, password=********, proxyServerAddress=, proxyServerPort=0, executionList=&quot;&quot;, isApplyToDesiredCapabilities=true }"/>
         <property name="platform" value="Windows 11"/>
      </properties>
      <testcase name="Test Cases/Web Iglo" time="9.207" classname="Test Cases/Web Iglo" status="PASSED">
         <system-out><![CDATA[02-04-2024T22:10:04 - [TEST_CASE][PASSED] - Test Cases/Web Iglo: Test Cases/Web Iglo

02-04-2024T22:10:04 - [TEST_STEP][PASSED] - openBrowser(""): Browser is opened with url: ''

02-04-2024T22:10:05 - [MESSAGE][INFO] - Starting 'Chrome' driver

02-04-2024T22:10:05 - [MESSAGE][INFO] - Action delay is set to 0 milliseconds

02-04-2024T22:10:06 - [MESSAGE][PASSED] - Browser is opened with url: ''

02-04-2024T22:10:06 - [TEST_STEP][PASSED] - navigateToUrl("https://www.indocyber.co.id/"): Navigate to 'https://www.indocyber.co.id/' successfully

02-04-2024T22:10:07 - [MESSAGE][PASSED] - Navigate to 'https://www.indocyber.co.id/' successfully

02-04-2024T22:10:07 - [TEST_STEP][PASSED] - click(findTestObject("Object Repository/contact_us/Page_Home  Indocyber/a_Contact Us")): Object: 'Object Repository/contact_us/Page_Home  Indocyber/a_Contact Us' is clicked on

02-04-2024T22:10:09 - [MESSAGE][PASSED] - Object: 'Object Repository/contact_us/Page_Home  Indocyber/a_Contact Us' is clicked on

02-04-2024T22:10:09 - [TEST_STEP][PASSED] - setText(findTestObject("Object Repository/contact_us/Page_Contact Us  Indocyber/input_What can we do for you_name"), "Faraz Septarian"): Text 'Faraz Septarian' is set on object 'Object Repository/contact_us/Page_Contact Us  Indocyber/input_What can we do for you_name'

02-04-2024T22:10:11 - [MESSAGE][PASSED] - Text 'Faraz Septarian' is set on object 'Object Repository/contact_us/Page_Contact Us  Indocyber/input_What can we do for you_name'

02-04-2024T22:10:11 - [TEST_STEP][PASSED] - setText(findTestObject("Object Repository/contact_us/Page_Contact Us  Indocyber/input_What can we do for you_email"), "faraz.nugroho@indocyber.id"): Text 'faraz.nugroho@indocyber.id' is set on object 'Object Repository/contact_us/Page_Contact Us  Indocyber/input_What can we do for you_email'

02-04-2024T22:10:12 - [MESSAGE][PASSED] - Text 'faraz.nugroho@indocyber.id' is set on object 'Object Repository/contact_us/Page_Contact Us  Indocyber/input_What can we do for you_email'

02-04-2024T22:10:12 - [TEST_STEP][PASSED] - takeScreenshotAsCheckpoint("1"): Taking screenshot successfully

02-04-2024T22:10:13 - [MESSAGE][INFO] - 0 hidden object(s)

02-04-2024T22:10:13 - [MESSAGE][PASSED] - Taking screenshot successfully
[[ATTACHMENT|keyes\keyes-1.png]]

02-04-2024T22:10:13 - [TEST_STEP][PASSED] - closeBrowser(): Browser is closed

02-04-2024T22:10:13 - [MESSAGE][PASSED] - Browser is closed]]></system-out>
         <system-err><![CDATA[]]></system-err>
      </testcase>
      <system-out><![CDATA[02-04-2024T22:10:04 - [TEST_SUITE][PASSED] - web iglo: Test Cases/Web Iglo]]></system-out>
      <system-err><![CDATA[]]></system-err>
   </testsuite>
   <testsuite name="Search Tanjung duren" tests="1" failures="0" errors="0" time="10.725" skipped="0" timestamp="02-04-2024T22:10:26" hostname="1901 - LAPTOP-LLV8UN8R" id="Test Suites/Search Tanjung duren">
      <properties>
         <property name="deviceName" value=""/>
         <property name="devicePlatform" value=""/>
         <property name="logFolder" value="C:\\Users\\1901\\git\\Schedule-test-katalon\\Reports\\20240402_220018\\Search Tanjung duren\\20240402_220106"/>
         <property name="logFiles" value="C:\\Users\\1901\\git\\Schedule-test-katalon\\Reports\\20240402_220018\\Search Tanjung duren\\20240402_220106\\execution0.log"/>
         <property name="attachments" value="keyes\keyes-3.png"/>
         <property name="hostName" value="1901 - LAPTOP-LLV8UN8R"/>
         <property name="os" value="Windows 11 64bit"/>
         <property name="katalonVersion" value="9.3.2.212"/>
         <property name="browser" value="Chrome 123.0.0.0"/>
         <property name="hostAddress" value="192.168.1.10"/>
         <property name="sessionId" value="daa04d267620b724247d51928fba3e10"/>
         <property name="seleniumVersion" value="3.141.59"/>
         <property name="proxyInformation" value="ProxyInformation { proxyOption=NO_PROXY, proxyServerType=HTTP, username=, password=********, proxyServerAddress=, proxyServerPort=0, executionList=&quot;&quot;, isApplyToDesiredCapabilities=true }"/>
         <property name="platform" value="Windows 11"/>
      </properties>
      <testcase name="Test Cases/Search Tanjung Duren" time="10.512" classname="Test Cases/Search Tanjung Duren" status="PASSED">
         <system-out><![CDATA[02-04-2024T22:10:26 - [TEST_CASE][PASSED] - Test Cases/Search Tanjung Duren: Test Cases/Search Tanjung Duren

02-04-2024T22:10:26 - [TEST_STEP][PASSED] - openBrowser(""): Browser is opened with url: ''

02-04-2024T22:10:27 - [MESSAGE][INFO] - Starting 'Chrome' driver

02-04-2024T22:10:27 - [MESSAGE][INFO] - Action delay is set to 0 milliseconds

02-04-2024T22:10:28 - [MESSAGE][PASSED] - Browser is opened with url: ''

02-04-2024T22:10:28 - [TEST_STEP][PASSED] - navigateToUrl("https://www.google.com/"): Navigate to 'https://www.google.com/' successfully

02-04-2024T22:10:30 - [MESSAGE][PASSED] - Navigate to 'https://www.google.com/' successfully

02-04-2024T22:10:30 - [TEST_STEP][PASSED] - setText(findTestObject("Object Repository/Search Tanjung duren/Page_Google/textarea_Login_q"), "tanjung duren"): Text 'tanjung duren' is set on object 'Object Repository/Search Tanjung duren/Page_Google/textarea_Login_q'

02-04-2024T22:10:31 - [MESSAGE][PASSED] - Text 'tanjung duren' is set on object 'Object Repository/Search Tanjung duren/Page_Google/textarea_Login_q'

02-04-2024T22:10:31 - [TEST_STEP][PASSED] - click(findTestObject("Object Repository/Search Tanjung duren/Page_Google/span_Tanjung Duren Utara")): Object: 'Object Repository/Search Tanjung duren/Page_Google/span_Tanjung Duren Utara' is clicked on

02-04-2024T22:10:32 - [MESSAGE][PASSED] - Object: 'Object Repository/Search Tanjung duren/Page_Google/span_Tanjung Duren Utara' is clicked on

02-04-2024T22:10:32 - [TEST_STEP][PASSED] - click(findTestObject("Object Repository/Search Tanjung duren/Page_tanjung duren - Penelusuran Google/h3_Tanjung Duren Utara, Grogol Petamburan, _9c911c")): Object: 'Object Repository/Search Tanjung duren/Page_tanjung duren - Penelusuran Google/h3_Tanjung Duren Utara, Grogol Petamburan, _9c911c' is clicked on

02-04-2024T22:10:35 - [MESSAGE][PASSED] - Object: 'Object Repository/Search Tanjung duren/Page_tanjung duren - Penelusuran Google/h3_Tanjung Duren Utara, Grogol Petamburan, _9c911c' is clicked on

02-04-2024T22:10:35 - [TEST_STEP][PASSED] - takeScreenshotAsCheckpoint("3"): Taking screenshot successfully

02-04-2024T22:10:36 - [MESSAGE][INFO] - 0 hidden object(s)

02-04-2024T22:10:36 - [MESSAGE][PASSED] - Taking screenshot successfully
[[ATTACHMENT|keyes\keyes-3.png]]

02-04-2024T22:10:36 - [TEST_STEP][PASSED] - closeBrowser(): Browser is closed

02-04-2024T22:10:36 - [MESSAGE][PASSED] - Browser is closed]]></system-out>
         <system-err><![CDATA[]]></system-err>
      </testcase>
      <system-out><![CDATA[02-04-2024T22:10:26 - [TEST_SUITE][PASSED] - Search Tanjung duren: Test Cases/Search Tanjung Duren]]></system-out>
      <system-err><![CDATA[]]></system-err>
   </testsuite>
   <testsuite name="youtube" tests="1" failures="0" errors="0" time="13.368" skipped="0" timestamp="02-04-2024T22:10:52" hostname="1901 - LAPTOP-LLV8UN8R" id="Test Suites/youtube">
      <properties>
         <property name="deviceName" value=""/>
         <property name="devicePlatform" value=""/>
         <property name="logFolder" value="C:\\Users\\1901\\git\\Schedule-test-katalon\\Reports\\20240402_220018\\youtube\\20240402_220108"/>
         <property name="logFiles" value="C:\\Users\\1901\\git\\Schedule-test-katalon\\Reports\\20240402_220018\\youtube\\20240402_220108\\execution0.log"/>
         <property name="attachments" value=""/>
         <property name="hostName" value="1901 - LAPTOP-LLV8UN8R"/>
         <property name="os" value="Windows 11 64bit"/>
         <property name="katalonVersion" value="9.3.2.212"/>
         <property name="browser" value="Chrome 123.0.0.0"/>
         <property name="hostAddress" value="192.168.1.10"/>
         <property name="sessionId" value="ec17c23dd5fe443b574b7f84c4e265e0"/>
         <property name="seleniumVersion" value="3.141.59"/>
         <property name="proxyInformation" value="ProxyInformation { proxyOption=NO_PROXY, proxyServerType=HTTP, username=, password=********, proxyServerAddress=, proxyServerPort=0, executionList=&quot;&quot;, isApplyToDesiredCapabilities=true }"/>
         <property name="platform" value="Windows 11"/>
      </properties>
      <testcase name="Test Cases/open youtube" time="13.143" classname="Test Cases/open youtube" status="PASSED">
         <system-out><![CDATA[02-04-2024T22:10:52 - [TEST_CASE][PASSED] - Test Cases/open youtube: Test Cases/open youtube

02-04-2024T22:10:52 - [TEST_STEP][PASSED] - openBrowser(""): Browser is opened with url: ''

02-04-2024T22:10:53 - [MESSAGE][INFO] - Starting 'Chrome' driver

02-04-2024T22:10:53 - [MESSAGE][INFO] - Action delay is set to 0 milliseconds

02-04-2024T22:10:55 - [MESSAGE][PASSED] - Browser is opened with url: ''

02-04-2024T22:10:55 - [TEST_STEP][PASSED] - navigateToUrl("https://www.youtube.com/?themeRefresh=1"): Navigate to 'https://www.youtube.com/?themeRefresh=1' successfully

02-04-2024T22:10:57 - [MESSAGE][PASSED] - Navigate to 'https://www.youtube.com/?themeRefresh=1' successfully

02-04-2024T22:10:57 - [TEST_STEP][PASSED] - setText(findTestObject("Object Repository/search youtube/Page_YouTube/input_Skip navigation_search_query"), "katalon schedule test"): Text 'katalon schedule test' is set on object 'Object Repository/search youtube/Page_YouTube/input_Skip navigation_search_query'

02-04-2024T22:11:00 - [MESSAGE][PASSED] - Text 'katalon schedule test' is set on object 'Object Repository/search youtube/Page_YouTube/input_Skip navigation_search_query'

02-04-2024T22:11:00 - [TEST_STEP][PASSED] - click(findTestObject("Object Repository/search youtube/Page_YouTube/div")): Object: 'Object Repository/search youtube/Page_YouTube/div' is clicked on

02-04-2024T22:11:05 - [MESSAGE][PASSED] - Object: 'Object Repository/search youtube/Page_YouTube/div' is clicked on

02-04-2024T22:11:05 - [TEST_STEP][PASSED] - closeBrowser(): Browser is closed

02-04-2024T22:11:05 - [MESSAGE][PASSED] - Browser is closed]]></system-out>
         <system-err><![CDATA[]]></system-err>
      </testcase>
      <system-out><![CDATA[02-04-2024T22:10:52 - [TEST_SUITE][PASSED] - youtube: Test Cases/open youtube]]></system-out>
      <system-err><![CDATA[]]></system-err>
   </testsuite>
</testsuites>
