<?xml version="1.0" encoding="UTF-8"?>
<testsuites name="open web" time="122.759" tests="5" failures="0" errors="0">
   <testsuite name="youtube" tests="1" failures="0" errors="0" time="14.211" skipped="0" timestamp="02-04-2024T15:12:11" hostname="1901 - LAPTOP-LLV8UN8R.mshome.net" id="Test Suites/youtube">
      <properties>
         <property name="deviceName" value=""/>
         <property name="devicePlatform" value=""/>
         <property name="logFolder" value="C:\\Users\\1901\\git\\Schedule-test-katalon\\Reports\\20240402_151149\\youtube\\20240402_151152"/>
         <property name="logFiles" value="C:\\Users\\1901\\git\\Schedule-test-katalon\\Reports\\20240402_151149\\youtube\\20240402_151152\\execution0.log"/>
         <property name="attachments" value=""/>
         <property name="hostName" value="1901 - LAPTOP-LLV8UN8R.mshome.net"/>
         <property name="os" value="Windows 11 64bit"/>
         <property name="katalonVersion" value="9.3.2.212"/>
         <property name="browser" value="Chrome 123.0.0.0"/>
         <property name="hostAddress" value="192.168.137.1"/>
         <property name="sessionId" value="b473dd4430963cb3044c14a7acdc5c5e"/>
         <property name="seleniumVersion" value="3.141.59"/>
         <property name="proxyInformation" value="ProxyInformation { proxyOption=NO_PROXY, proxyServerType=HTTP, username=, password=********, proxyServerAddress=, proxyServerPort=0, executionList=&quot;&quot;, isApplyToDesiredCapabilities=true }"/>
         <property name="platform" value="Windows 11"/>
      </properties>
      <testcase name="Test Cases/open youtube" time="13.899" classname="Test Cases/open youtube" status="PASSED">
         <system-out><![CDATA[02-04-2024T15:12:11 - [TEST_CASE][PASSED] - Test Cases/open youtube: Test Cases/open youtube

02-04-2024T15:12:11 - [TEST_STEP][PASSED] - openBrowser(""): Browser is opened with url: ''

02-04-2024T15:12:12 - [MESSAGE][INFO] - Starting 'Chrome' driver

02-04-2024T15:12:12 - [MESSAGE][INFO] - Action delay is set to 0 milliseconds

02-04-2024T15:12:14 - [MESSAGE][PASSED] - Browser is opened with url: ''

02-04-2024T15:12:14 - [TEST_STEP][PASSED] - navigateToUrl("https://www.youtube.com/?themeRefresh=1"): Navigate to 'https://www.youtube.com/?themeRefresh=1' successfully

02-04-2024T15:12:20 - [MESSAGE][PASSED] - Navigate to 'https://www.youtube.com/?themeRefresh=1' successfully

02-04-2024T15:12:20 - [TEST_STEP][PASSED] - setText(findTestObject("Object Repository/search youtube/Page_YouTube/input_Skip navigation_search_query"), "katalon schedule test"): Text 'katalon schedule test' is set on object 'Object Repository/search youtube/Page_YouTube/input_Skip navigation_search_query'

02-04-2024T15:12:23 - [MESSAGE][PASSED] - Text 'katalon schedule test' is set on object 'Object Repository/search youtube/Page_YouTube/input_Skip navigation_search_query'

02-04-2024T15:12:23 - [TEST_STEP][PASSED] - click(findTestObject("Object Repository/search youtube/Page_YouTube/div")): Object: 'Object Repository/search youtube/Page_YouTube/div' is clicked on

02-04-2024T15:12:24 - [MESSAGE][PASSED] - Object: 'Object Repository/search youtube/Page_YouTube/div' is clicked on

02-04-2024T15:12:24 - [TEST_STEP][PASSED] - closeBrowser(): Browser is closed

02-04-2024T15:12:25 - [MESSAGE][PASSED] - Browser is closed]]></system-out>
         <system-err><![CDATA[]]></system-err>
      </testcase>
      <system-out><![CDATA[02-04-2024T15:12:11 - [TEST_SUITE][PASSED] - youtube: Test Cases/open youtube]]></system-out>
      <system-err><![CDATA[]]></system-err>
   </testsuite>
   <testsuite name="Search Iglo" tests="1" failures="0" errors="0" time="13.137" skipped="0" timestamp="02-04-2024T15:12:38" hostname="1901 - LAPTOP-LLV8UN8R.mshome.net" id="Test Suites/Search Iglo">
      <properties>
         <property name="deviceName" value=""/>
         <property name="devicePlatform" value=""/>
         <property name="logFolder" value="C:\\Users\\1901\\git\\Schedule-test-katalon\\Reports\\20240402_151149\\Search Iglo\\20240402_151154"/>
         <property name="logFiles" value="C:\\Users\\1901\\git\\Schedule-test-katalon\\Reports\\20240402_151149\\Search Iglo\\20240402_151154\\execution0.log"/>
         <property name="attachments" value="keyes\keyes-2.png"/>
         <property name="hostName" value="1901 - LAPTOP-LLV8UN8R.mshome.net"/>
         <property name="os" value="Windows 11 64bit"/>
         <property name="katalonVersion" value="9.3.2.212"/>
         <property name="browser" value="Chrome 123.0.0.0"/>
         <property name="hostAddress" value="192.168.137.1"/>
         <property name="sessionId" value="1d74f78f49c3c7d590dcda79424a35b5"/>
         <property name="seleniumVersion" value="3.141.59"/>
         <property name="proxyInformation" value="ProxyInformation { proxyOption=NO_PROXY, proxyServerType=HTTP, username=, password=********, proxyServerAddress=, proxyServerPort=0, executionList=&quot;&quot;, isApplyToDesiredCapabilities=true }"/>
         <property name="platform" value="Windows 11"/>
      </properties>
      <testcase name="Test Cases/Search Indocyber" time="12.919" classname="Test Cases/Search Indocyber" status="PASSED">
         <system-out><![CDATA[02-04-2024T15:12:38 - [TEST_CASE][PASSED] - Test Cases/Search Indocyber: Test Cases/Search Indocyber

02-04-2024T15:12:38 - [TEST_STEP][PASSED] - openBrowser(""): Browser is opened with url: ''

02-04-2024T15:12:39 - [MESSAGE][INFO] - Starting 'Chrome' driver

02-04-2024T15:12:39 - [MESSAGE][INFO] - Action delay is set to 0 milliseconds

02-04-2024T15:12:41 - [MESSAGE][PASSED] - Browser is opened with url: ''

02-04-2024T15:12:41 - [TEST_STEP][PASSED] - navigateToUrl("https://www.google.com/"): Navigate to 'https://www.google.com/' successfully

02-04-2024T15:12:43 - [MESSAGE][PASSED] - Navigate to 'https://www.google.com/' successfully

02-04-2024T15:12:43 - [TEST_STEP][PASSED] - setText(findTestObject("Object Repository/Search Iglo/Page_Google/textarea_Login_q"), "indocyber"): Text 'indocyber' is set on object 'Object Repository/Search Iglo/Page_Google/textarea_Login_q'

02-04-2024T15:12:44 - [MESSAGE][PASSED] - Text 'indocyber' is set on object 'Object Repository/Search Iglo/Page_Google/textarea_Login_q'

02-04-2024T15:12:44 - [TEST_STEP][PASSED] - click(findTestObject("Object Repository/Search Iglo/Page_Google/span_Indocyber Global Teknologi")): Object: 'Object Repository/Search Iglo/Page_Google/span_Indocyber Global Teknologi' is clicked on

02-04-2024T15:12:45 - [MESSAGE][PASSED] - Object: 'Object Repository/Search Iglo/Page_Google/span_Indocyber Global Teknologi' is clicked on

02-04-2024T15:12:45 - [TEST_STEP][PASSED] - takeScreenshotAsCheckpoint("2"): Taking screenshot successfully

02-04-2024T15:12:49 - [MESSAGE][INFO] - 0 hidden object(s)

02-04-2024T15:12:49 - [MESSAGE][PASSED] - Taking screenshot successfully
[[ATTACHMENT|keyes\keyes-2.png]]

02-04-2024T15:12:49 - [TEST_STEP][PASSED] - click(findTestObject("Object Repository/Search Iglo/Page_indocyber global teknologi - Penelusur_63e8c8/h3_Indocyber Home")): Object: 'Object Repository/Search Iglo/Page_indocyber global teknologi - Penelusur_63e8c8/h3_Indocyber Home' is clicked on

02-04-2024T15:12:51 - [MESSAGE][PASSED] - Object: 'Object Repository/Search Iglo/Page_indocyber global teknologi - Penelusur_63e8c8/h3_Indocyber Home' is clicked on

02-04-2024T15:12:51 - [TEST_STEP][PASSED] - closeBrowser(): Browser is closed

02-04-2024T15:12:51 - [MESSAGE][PASSED] - Browser is closed]]></system-out>
         <system-err><![CDATA[]]></system-err>
      </testcase>
      <system-out><![CDATA[02-04-2024T15:12:38 - [TEST_SUITE][PASSED] - Search Iglo: Test Cases/Search Indocyber]]></system-out>
      <system-err><![CDATA[]]></system-err>
   </testsuite>
   <testsuite name="web iglo" tests="1" failures="0" errors="0" time="10.961" skipped="0" timestamp="02-04-2024T15:13:04" hostname="1901 - LAPTOP-LLV8UN8R.mshome.net" id="Test Suites/web iglo">
      <properties>
         <property name="deviceName" value=""/>
         <property name="devicePlatform" value=""/>
         <property name="logFolder" value="C:\\Users\\1901\\git\\Schedule-test-katalon\\Reports\\20240402_151149\\web iglo\\20240402_151156"/>
         <property name="logFiles" value="C:\\Users\\1901\\git\\Schedule-test-katalon\\Reports\\20240402_151149\\web iglo\\20240402_151156\\execution0.log"/>
         <property name="attachments" value="keyes\keyes-1.png"/>
         <property name="hostName" value="1901 - LAPTOP-LLV8UN8R.mshome.net"/>
         <property name="os" value="Windows 11 64bit"/>
         <property name="katalonVersion" value="9.3.2.212"/>
         <property name="browser" value="Chrome 123.0.0.0"/>
         <property name="hostAddress" value="192.168.137.1"/>
         <property name="sessionId" value="5189ecc8bb43546b3a79652ef298b074"/>
         <property name="seleniumVersion" value="3.141.59"/>
         <property name="proxyInformation" value="ProxyInformation { proxyOption=NO_PROXY, proxyServerType=HTTP, username=, password=********, proxyServerAddress=, proxyServerPort=0, executionList=&quot;&quot;, isApplyToDesiredCapabilities=true }"/>
         <property name="platform" value="Windows 11"/>
      </properties>
      <testcase name="Test Cases/Web Iglo" time="10.69" classname="Test Cases/Web Iglo" status="PASSED">
         <system-out><![CDATA[02-04-2024T15:13:05 - [TEST_CASE][PASSED] - Test Cases/Web Iglo: Test Cases/Web Iglo

02-04-2024T15:13:05 - [TEST_STEP][PASSED] - openBrowser(""): Browser is opened with url: ''

02-04-2024T15:13:05 - [MESSAGE][INFO] - Starting 'Chrome' driver

02-04-2024T15:13:06 - [MESSAGE][INFO] - Action delay is set to 0 milliseconds

02-04-2024T15:13:07 - [MESSAGE][PASSED] - Browser is opened with url: ''

02-04-2024T15:13:07 - [TEST_STEP][PASSED] - navigateToUrl("https://www.indocyber.co.id/"): Navigate to 'https://www.indocyber.co.id/' successfully

02-04-2024T15:13:08 - [MESSAGE][PASSED] - Navigate to 'https://www.indocyber.co.id/' successfully

02-04-2024T15:13:08 - [TEST_STEP][PASSED] - click(findTestObject("Object Repository/contact_us/Page_Home  Indocyber/a_Contact Us")): Object: 'Object Repository/contact_us/Page_Home  Indocyber/a_Contact Us' is clicked on

02-04-2024T15:13:11 - [MESSAGE][PASSED] - Object: 'Object Repository/contact_us/Page_Home  Indocyber/a_Contact Us' is clicked on

02-04-2024T15:13:11 - [TEST_STEP][PASSED] - setText(findTestObject("Object Repository/contact_us/Page_Contact Us  Indocyber/input_What can we do for you_name"), "Faraz Septarian"): Text 'Faraz Septarian' is set on object 'Object Repository/contact_us/Page_Contact Us  Indocyber/input_What can we do for you_name'

02-04-2024T15:13:13 - [MESSAGE][PASSED] - Text 'Faraz Septarian' is set on object 'Object Repository/contact_us/Page_Contact Us  Indocyber/input_What can we do for you_name'

02-04-2024T15:13:13 - [TEST_STEP][PASSED] - setText(findTestObject("Object Repository/contact_us/Page_Contact Us  Indocyber/input_What can we do for you_email"), "faraz.nugroho@indocyber.id"): Text 'faraz.nugroho@indocyber.id' is set on object 'Object Repository/contact_us/Page_Contact Us  Indocyber/input_What can we do for you_email'

02-04-2024T15:13:14 - [MESSAGE][PASSED] - Text 'faraz.nugroho@indocyber.id' is set on object 'Object Repository/contact_us/Page_Contact Us  Indocyber/input_What can we do for you_email'

02-04-2024T15:13:14 - [TEST_STEP][PASSED] - takeScreenshotAsCheckpoint("1"): Taking screenshot successfully

02-04-2024T15:13:15 - [MESSAGE][INFO] - 0 hidden object(s)

02-04-2024T15:13:15 - [MESSAGE][PASSED] - Taking screenshot successfully
[[ATTACHMENT|keyes\keyes-1.png]]

02-04-2024T15:13:15 - [TEST_STEP][PASSED] - closeBrowser(): Browser is closed

02-04-2024T15:13:15 - [MESSAGE][PASSED] - Browser is closed]]></system-out>
         <system-err><![CDATA[]]></system-err>
      </testcase>
      <system-out><![CDATA[02-04-2024T15:13:04 - [TEST_SUITE][PASSED] - web iglo: Test Cases/Web Iglo]]></system-out>
      <system-err><![CDATA[]]></system-err>
   </testsuite>
   <testsuite name="BC Iglo" tests="1" failures="0" errors="0" time="11.812" skipped="0" timestamp="02-04-2024T15:13:28" hostname="1901 - LAPTOP-LLV8UN8R.mshome.net" id="Test Suites/BC Iglo">
      <properties>
         <property name="deviceName" value=""/>
         <property name="devicePlatform" value=""/>
         <property name="logFolder" value="C:\\Users\\1901\\git\\Schedule-test-katalon\\Reports\\20240402_151149\\BC Iglo\\20240402_151158"/>
         <property name="logFiles" value="C:\\Users\\1901\\git\\Schedule-test-katalon\\Reports\\20240402_151149\\BC Iglo\\20240402_151158\\execution0.log"/>
         <property name="attachments" value=""/>
         <property name="hostName" value="1901 - LAPTOP-LLV8UN8R.mshome.net"/>
         <property name="os" value="Windows 11 64bit"/>
         <property name="katalonVersion" value="9.3.2.212"/>
         <property name="browser" value="Chrome 123.0.0.0"/>
         <property name="hostAddress" value="192.168.137.1"/>
         <property name="sessionId" value="97d609cb452e3f04a7a43746280f421f"/>
         <property name="seleniumVersion" value="3.141.59"/>
         <property name="proxyInformation" value="ProxyInformation { proxyOption=NO_PROXY, proxyServerType=HTTP, username=, password=********, proxyServerAddress=, proxyServerPort=0, executionList=&quot;&quot;, isApplyToDesiredCapabilities=true }"/>
         <property name="platform" value="Windows 11"/>
      </properties>
      <testcase name="Test Cases/BC Iglo" time="11.602" classname="Test Cases/BC Iglo" status="PASSED">
         <system-out><![CDATA[02-04-2024T15:13:28 - [TEST_CASE][PASSED] - Test Cases/BC Iglo: Test Cases/BC Iglo

02-04-2024T15:13:28 - [TEST_STEP][PASSED] - openBrowser(""): Browser is opened with url: ''

02-04-2024T15:13:29 - [MESSAGE][INFO] - Starting 'Chrome' driver

02-04-2024T15:13:29 - [MESSAGE][INFO] - Action delay is set to 0 milliseconds

02-04-2024T15:13:31 - [MESSAGE][PASSED] - Browser is opened with url: ''

02-04-2024T15:13:31 - [TEST_STEP][PASSED] - navigateToUrl("https://www.indocyber.co.id/"): Navigate to 'https://www.indocyber.co.id/' successfully

02-04-2024T15:13:31 - [MESSAGE][PASSED] - Navigate to 'https://www.indocyber.co.id/' successfully

02-04-2024T15:13:31 - [TEST_STEP][PASSED] - click(findTestObject("Object Repository/BC Iglo/Page_Home  Indocyber/a_Bootcamp")): Object: 'Object Repository/BC Iglo/Page_Home  Indocyber/a_Bootcamp' is clicked on

02-04-2024T15:13:34 - [MESSAGE][PASSED] - Object: 'Object Repository/BC Iglo/Page_Home  Indocyber/a_Bootcamp' is clicked on

02-04-2024T15:13:34 - [TEST_STEP][PASSED] - click(findTestObject("Object Repository/BC Iglo/Page_Join Bootcamp at Indocyber  Indocyber/button_Apply Now")): Object: 'Object Repository/BC Iglo/Page_Join Bootcamp at Indocyber  Indocyber/button_Apply Now' is clicked on

02-04-2024T15:13:36 - [MESSAGE][PASSED] - Object: 'Object Repository/BC Iglo/Page_Join Bootcamp at Indocyber  Indocyber/button_Apply Now' is clicked on

02-04-2024T15:13:36 - [TEST_STEP][PASSED] - setText(findTestObject("Object Repository/BC Iglo/Page_Join Bootcamp at Indocyber  Indocyber/input_JOIN NOW_name"), "Faraz Septarian Adi Nugroho"): Text 'Faraz Septarian Adi Nugroho' is set on object 'Object Repository/BC Iglo/Page_Join Bootcamp at Indocyber  Indocyber/input_JOIN NOW_name'

02-04-2024T15:13:38 - [MESSAGE][PASSED] - Text 'Faraz Septarian Adi Nugroho' is set on object 'Object Repository/BC Iglo/Page_Join Bootcamp at Indocyber  Indocyber/input_JOIN NOW_name'

02-04-2024T15:13:38 - [TEST_STEP][PASSED] - setText(findTestObject("Object Repository/BC Iglo/Page_Join Bootcamp at Indocyber  Indocyber/input_JOIN NOW_email"), "faraz.spt@indocyber.id"): Text 'faraz.spt@indocyber.id' is set on object 'Object Repository/BC Iglo/Page_Join Bootcamp at Indocyber  Indocyber/input_JOIN NOW_email'

02-04-2024T15:13:38 - [MESSAGE][PASSED] - Text 'faraz.spt@indocyber.id' is set on object 'Object Repository/BC Iglo/Page_Join Bootcamp at Indocyber  Indocyber/input_JOIN NOW_email'

02-04-2024T15:13:38 - [TEST_STEP][PASSED] - setText(findTestObject("Object Repository/BC Iglo/Page_Join Bootcamp at Indocyber  Indocyber/input_JOIN NOW_handphone"), "0812345678"): Text '0812345678' is set on object 'Object Repository/BC Iglo/Page_Join Bootcamp at Indocyber  Indocyber/input_JOIN NOW_handphone'

02-04-2024T15:13:39 - [MESSAGE][PASSED] - Text '0812345678' is set on object 'Object Repository/BC Iglo/Page_Join Bootcamp at Indocyber  Indocyber/input_JOIN NOW_handphone'

02-04-2024T15:13:39 - [TEST_STEP][PASSED] - click(findTestObject("Object Repository/BC Iglo/Page_Join Bootcamp at Indocyber  Indocyber/div_OracleSQL Server.NETJavaMagicJOIN NOWRe_425abe")): Object: 'Object Repository/BC Iglo/Page_Join Bootcamp at Indocyber  Indocyber/div_OracleSQL Server.NETJavaMagicJOIN NOWRe_425abe' is clicked on

02-04-2024T15:13:39 - [MESSAGE][PASSED] - Object: 'Object Repository/BC Iglo/Page_Join Bootcamp at Indocyber  Indocyber/div_OracleSQL Server.NETJavaMagicJOIN NOWRe_425abe' is clicked on

02-04-2024T15:13:39 - [TEST_STEP][PASSED] - closeBrowser(): Browser is closed

02-04-2024T15:13:40 - [MESSAGE][PASSED] - Browser is closed]]></system-out>
         <system-err><![CDATA[]]></system-err>
      </testcase>
      <system-out><![CDATA[02-04-2024T15:13:28 - [TEST_SUITE][PASSED] - BC Iglo: Test Cases/BC Iglo]]></system-out>
      <system-err><![CDATA[]]></system-err>
   </testsuite>
   <testsuite name="Search Tanjung duren" tests="1" failures="0" errors="0" time="13.07" skipped="0" timestamp="02-04-2024T15:13:53" hostname="1901 - LAPTOP-LLV8UN8R.mshome.net" id="Test Suites/Search Tanjung duren">
      <properties>
         <property name="deviceName" value=""/>
         <property name="devicePlatform" value=""/>
         <property name="logFolder" value="C:\\Users\\1901\\git\\Schedule-test-katalon\\Reports\\20240402_151149\\Search Tanjung duren\\20240402_151200"/>
         <property name="logFiles" value="C:\\Users\\1901\\git\\Schedule-test-katalon\\Reports\\20240402_151149\\Search Tanjung duren\\20240402_151200\\execution0.log"/>
         <property name="attachments" value="keyes\keyes-3.png"/>
         <property name="hostName" value="1901 - LAPTOP-LLV8UN8R.mshome.net"/>
         <property name="os" value="Windows 11 64bit"/>
         <property name="katalonVersion" value="9.3.2.212"/>
         <property name="browser" value="Chrome 123.0.0.0"/>
         <property name="hostAddress" value="192.168.137.1"/>
         <property name="sessionId" value="1410c8a71218683544e00978dd62a30e"/>
         <property name="seleniumVersion" value="3.141.59"/>
         <property name="proxyInformation" value="ProxyInformation { proxyOption=NO_PROXY, proxyServerType=HTTP, username=, password=********, proxyServerAddress=, proxyServerPort=0, executionList=&quot;&quot;, isApplyToDesiredCapabilities=true }"/>
         <property name="platform" value="Windows 11"/>
      </properties>
      <testcase name="Test Cases/Search Tanjung Duren" time="12.869" classname="Test Cases/Search Tanjung Duren" status="PASSED">
         <system-out><![CDATA[02-04-2024T15:13:53 - [TEST_CASE][PASSED] - Test Cases/Search Tanjung Duren: Test Cases/Search Tanjung Duren

02-04-2024T15:13:53 - [TEST_STEP][PASSED] - openBrowser(""): Browser is opened with url: ''

02-04-2024T15:13:54 - [MESSAGE][INFO] - Starting 'Chrome' driver

02-04-2024T15:13:54 - [MESSAGE][INFO] - Action delay is set to 0 milliseconds

02-04-2024T15:13:56 - [MESSAGE][PASSED] - Browser is opened with url: ''

02-04-2024T15:13:56 - [TEST_STEP][PASSED] - navigateToUrl("https://www.google.com/"): Navigate to 'https://www.google.com/' successfully

02-04-2024T15:13:57 - [MESSAGE][PASSED] - Navigate to 'https://www.google.com/' successfully

02-04-2024T15:13:57 - [TEST_STEP][PASSED] - setText(findTestObject("Object Repository/Search Tanjung duren/Page_Google/textarea_Login_q"), "tanjung duren"): Text 'tanjung duren' is set on object 'Object Repository/Search Tanjung duren/Page_Google/textarea_Login_q'

02-04-2024T15:13:58 - [MESSAGE][PASSED] - Text 'tanjung duren' is set on object 'Object Repository/Search Tanjung duren/Page_Google/textarea_Login_q'

02-04-2024T15:13:58 - [TEST_STEP][PASSED] - click(findTestObject("Object Repository/Search Tanjung duren/Page_Google/span_Tanjung Duren Utara")): Object: 'Object Repository/Search Tanjung duren/Page_Google/span_Tanjung Duren Utara' is clicked on

02-04-2024T15:13:59 - [MESSAGE][PASSED] - Object: 'Object Repository/Search Tanjung duren/Page_Google/span_Tanjung Duren Utara' is clicked on

02-04-2024T15:13:59 - [TEST_STEP][PASSED] - click(findTestObject("Object Repository/Search Tanjung duren/Page_tanjung duren - Penelusuran Google/h3_Tanjung Duren Utara, Grogol Petamburan, _9c911c")): Object: 'Object Repository/Search Tanjung duren/Page_tanjung duren - Penelusuran Google/h3_Tanjung Duren Utara, Grogol Petamburan, _9c911c' is clicked on

02-04-2024T15:14:04 - [MESSAGE][PASSED] - Object: 'Object Repository/Search Tanjung duren/Page_tanjung duren - Penelusuran Google/h3_Tanjung Duren Utara, Grogol Petamburan, _9c911c' is clicked on

02-04-2024T15:14:04 - [TEST_STEP][PASSED] - takeScreenshotAsCheckpoint("3"): Taking screenshot successfully

02-04-2024T15:14:05 - [MESSAGE][INFO] - 0 hidden object(s)

02-04-2024T15:14:06 - [MESSAGE][PASSED] - Taking screenshot successfully
[[ATTACHMENT|keyes\keyes-3.png]]

02-04-2024T15:14:06 - [TEST_STEP][PASSED] - closeBrowser(): Browser is closed

02-04-2024T15:14:06 - [MESSAGE][PASSED] - Browser is closed]]></system-out>
         <system-err><![CDATA[]]></system-err>
      </testcase>
      <system-out><![CDATA[02-04-2024T15:13:53 - [TEST_SUITE][PASSED] - Search Tanjung duren: Test Cases/Search Tanjung Duren]]></system-out>
      <system-err><![CDATA[]]></system-err>
   </testsuite>
</testsuites>
