<?xml version="1.0" encoding="UTF-8"?>
<testsuites name="web iglo" time="9.859" tests="1" failures="0" errors="0">
   <testsuite name="web iglo" tests="1" failures="0" errors="0" time="9.859" skipped="0" timestamp="28-03-2024T13:37:17" hostname="1901 - LAPTOP-LLV8UN8R" id="Test Suites/web iglo">
      <properties>
         <property name="deviceName" value=""/>
         <property name="devicePlatform" value=""/>
         <property name="logFolder" value="C:\\Users\\1901\\git\\Schedule-test-katalon\\Reports\\20240328_133711\\web iglo\\20240328_133711"/>
         <property name="logFiles" value="C:\\Users\\1901\\git\\Schedule-test-katalon\\Reports\\20240328_133711\\web iglo\\20240328_133711\\execution0.log"/>
         <property name="attachments" value=""/>
         <property name="hostName" value="1901 - LAPTOP-LLV8UN8R"/>
         <property name="os" value="Windows 11 64bit"/>
         <property name="katalonVersion" value="9.3.2.212"/>
         <property name="browser" value="Chrome 123.0.0.0"/>
         <property name="hostAddress" value="192.168.10.166"/>
         <property name="sessionId" value="e1a3183ed3b6a37cbe453f880c834d4d"/>
         <property name="seleniumVersion" value="3.141.59"/>
         <property name="proxyInformation" value="ProxyInformation { proxyOption=NO_PROXY, proxyServerType=HTTP, username=, password=********, proxyServerAddress=, proxyServerPort=0, executionList=&quot;&quot;, isApplyToDesiredCapabilities=true }"/>
         <property name="platform" value="Windows 11"/>
      </properties>
      <testcase name="Test Cases/Web Iglo" time="9.52" classname="Test Cases/Web Iglo" status="PASSED">
         <system-out><![CDATA[28-03-2024T13:37:17 - [TEST_CASE][PASSED] - Test Cases/Web Iglo: Test Cases/Web Iglo

28-03-2024T13:37:18 - [TEST_STEP][PASSED] - openBrowser(""): Browser is opened with url: ''

28-03-2024T13:37:18 - [MESSAGE][INFO] - Starting 'Chrome' driver

28-03-2024T13:37:18 - [MESSAGE][INFO] - Action delay is set to 0 milliseconds

28-03-2024T13:37:20 - [MESSAGE][PASSED] - Browser is opened with url: ''

28-03-2024T13:37:20 - [TEST_STEP][PASSED] - navigateToUrl("https://www.indocyber.co.id/"): Navigate to 'https://www.indocyber.co.id/' successfully

28-03-2024T13:37:24 - [MESSAGE][PASSED] - Navigate to 'https://www.indocyber.co.id/' successfully

28-03-2024T13:37:24 - [TEST_STEP][PASSED] - click(findTestObject("Object Repository/web iglo/Page_Home  Indocyber/a_About Us")): Object: 'Object Repository/web iglo/Page_Home  Indocyber/a_About Us' is clicked on

28-03-2024T13:37:26 - [MESSAGE][PASSED] - Object: 'Object Repository/web iglo/Page_Home  Indocyber/a_About Us' is clicked on

28-03-2024T13:37:26 - [TEST_STEP][PASSED] - closeBrowser(): Browser is closed

28-03-2024T13:37:27 - [MESSAGE][PASSED] - Browser is closed]]></system-out>
         <system-err><![CDATA[]]></system-err>
      </testcase>
      <system-out><![CDATA[28-03-2024T13:37:17 - [TEST_SUITE][PASSED] - web iglo: Test Cases/Web Iglo]]></system-out>
      <system-err><![CDATA[]]></system-err>
   </testsuite>
</testsuites>
