<?xml version="1.0" encoding="UTF-8"?>
<testsuites name="open web" time="54.228" tests="2" failures="0" errors="0">
   <testsuite name="web iglo" tests="1" failures="0" errors="0" time="9.814" skipped="0" timestamp="01-04-2024T14:55:40" hostname="1901 - LAPTOP-LLV8UN8R.mshome.net" id="Test Suites/web iglo">
      <properties>
         <property name="deviceName" value=""/>
         <property name="devicePlatform" value=""/>
         <property name="logFolder" value="C:\\Users\\1901\\git\\Schedule-test-katalon\\Reports\\20240401_145526\\web iglo\\20240401_145527"/>
         <property name="logFiles" value="C:\\Users\\1901\\git\\Schedule-test-katalon\\Reports\\20240401_145526\\web iglo\\20240401_145527\\execution0.log"/>
         <property name="attachments" value="keyes\keyes-1.png"/>
         <property name="hostName" value="1901 - LAPTOP-LLV8UN8R.mshome.net"/>
         <property name="os" value="Windows 11 64bit"/>
         <property name="katalonVersion" value="9.3.2.212"/>
         <property name="browser" value="Chrome 123.0.0.0"/>
         <property name="hostAddress" value="192.168.137.1"/>
         <property name="sessionId" value="c1f6ac47c1c04ffc0be740f5563335ed"/>
         <property name="seleniumVersion" value="3.141.59"/>
         <property name="proxyInformation" value="ProxyInformation { proxyOption=NO_PROXY, proxyServerType=HTTP, username=, password=********, proxyServerAddress=, proxyServerPort=0, executionList=&quot;&quot;, isApplyToDesiredCapabilities=true }"/>
         <property name="platform" value="Windows 11"/>
      </properties>
      <testcase name="Test Cases/Web Iglo" time="9.569" classname="Test Cases/Web Iglo" status="PASSED">
         <system-out><![CDATA[01-04-2024T14:55:40 - [TEST_CASE][PASSED] - Test Cases/Web Iglo: Test Cases/Web Iglo

01-04-2024T14:55:41 - [TEST_STEP][PASSED] - openBrowser(""): Browser is opened with url: ''

01-04-2024T14:55:41 - [MESSAGE][INFO] - Starting 'Chrome' driver

01-04-2024T14:55:41 - [MESSAGE][INFO] - Action delay is set to 0 milliseconds

01-04-2024T14:55:43 - [MESSAGE][PASSED] - Browser is opened with url: ''

01-04-2024T14:55:43 - [TEST_STEP][PASSED] - navigateToUrl("https://www.indocyber.co.id/"): Navigate to 'https://www.indocyber.co.id/' successfully

01-04-2024T14:55:44 - [MESSAGE][PASSED] - Navigate to 'https://www.indocyber.co.id/' successfully

01-04-2024T14:55:44 - [TEST_STEP][PASSED] - click(findTestObject("Object Repository/contact_us/Page_Home  Indocyber/a_Contact Us")): Object: 'Object Repository/contact_us/Page_Home  Indocyber/a_Contact Us' is clicked on

01-04-2024T14:55:47 - [MESSAGE][PASSED] - Object: 'Object Repository/contact_us/Page_Home  Indocyber/a_Contact Us' is clicked on

01-04-2024T14:55:47 - [TEST_STEP][PASSED] - setText(findTestObject("Object Repository/contact_us/Page_Contact Us  Indocyber/input_What can we do for you_name"), "Faraz Septarian"): Text 'Faraz Septarian' is set on object 'Object Repository/contact_us/Page_Contact Us  Indocyber/input_What can we do for you_name'

01-04-2024T14:55:48 - [MESSAGE][PASSED] - Text 'Faraz Septarian' is set on object 'Object Repository/contact_us/Page_Contact Us  Indocyber/input_What can we do for you_name'

01-04-2024T14:55:48 - [TEST_STEP][PASSED] - setText(findTestObject("Object Repository/contact_us/Page_Contact Us  Indocyber/input_What can we do for you_email"), "faraz.nugroho@indocyber.id"): Text 'faraz.nugroho@indocyber.id' is set on object 'Object Repository/contact_us/Page_Contact Us  Indocyber/input_What can we do for you_email'

01-04-2024T14:55:49 - [MESSAGE][PASSED] - Text 'faraz.nugroho@indocyber.id' is set on object 'Object Repository/contact_us/Page_Contact Us  Indocyber/input_What can we do for you_email'

01-04-2024T14:55:49 - [TEST_STEP][PASSED] - takeScreenshotAsCheckpoint("1"): Taking screenshot successfully

01-04-2024T14:55:50 - [MESSAGE][INFO] - 0 hidden object(s)

01-04-2024T14:55:50 - [MESSAGE][PASSED] - Taking screenshot successfully
[[ATTACHMENT|keyes\keyes-1.png]]

01-04-2024T14:55:50 - [TEST_STEP][PASSED] - closeBrowser(): Browser is closed

01-04-2024T14:55:50 - [MESSAGE][PASSED] - Browser is closed]]></system-out>
         <system-err><![CDATA[]]></system-err>
      </testcase>
      <system-out><![CDATA[01-04-2024T14:55:40 - [TEST_SUITE][PASSED] - web iglo: Test Cases/Web Iglo]]></system-out>
      <system-err><![CDATA[]]></system-err>
   </testsuite>
   <testsuite name="youtube" tests="1" failures="0" errors="0" time="15.387" skipped="0" timestamp="01-04-2024T14:56:05" hostname="1901 - LAPTOP-LLV8UN8R.mshome.net" id="Test Suites/youtube">
      <properties>
         <property name="deviceName" value=""/>
         <property name="devicePlatform" value=""/>
         <property name="logFolder" value="C:\\Users\\1901\\git\\Schedule-test-katalon\\Reports\\20240401_145526\\youtube\\20240401_145529"/>
         <property name="logFiles" value="C:\\Users\\1901\\git\\Schedule-test-katalon\\Reports\\20240401_145526\\youtube\\20240401_145529\\execution0.log"/>
         <property name="attachments" value=""/>
         <property name="hostName" value="1901 - LAPTOP-LLV8UN8R.mshome.net"/>
         <property name="os" value="Windows 11 64bit"/>
         <property name="katalonVersion" value="9.3.2.212"/>
         <property name="browser" value="Chrome 123.0.0.0"/>
         <property name="hostAddress" value="192.168.137.1"/>
         <property name="sessionId" value="a4cc63b44209c1c045c3fe9465a54204"/>
         <property name="seleniumVersion" value="3.141.59"/>
         <property name="proxyInformation" value="ProxyInformation { proxyOption=NO_PROXY, proxyServerType=HTTP, username=, password=********, proxyServerAddress=, proxyServerPort=0, executionList=&quot;&quot;, isApplyToDesiredCapabilities=true }"/>
         <property name="platform" value="Windows 11"/>
      </properties>
      <testcase name="Test Cases/open youtube" time="15.142" classname="Test Cases/open youtube" status="PASSED">
         <system-out><![CDATA[01-04-2024T14:56:05 - [TEST_CASE][PASSED] - Test Cases/open youtube: Test Cases/open youtube

01-04-2024T14:56:05 - [TEST_STEP][PASSED] - openBrowser(""): Browser is opened with url: ''

01-04-2024T14:56:06 - [MESSAGE][INFO] - Starting 'Chrome' driver

01-04-2024T14:56:06 - [MESSAGE][INFO] - Action delay is set to 0 milliseconds

01-04-2024T14:56:08 - [MESSAGE][PASSED] - Browser is opened with url: ''

01-04-2024T14:56:08 - [TEST_STEP][PASSED] - navigateToUrl("https://www.youtube.com/?themeRefresh=1"): Navigate to 'https://www.youtube.com/?themeRefresh=1' successfully

01-04-2024T14:56:13 - [MESSAGE][PASSED] - Navigate to 'https://www.youtube.com/?themeRefresh=1' successfully

01-04-2024T14:56:13 - [TEST_STEP][PASSED] - setText(findTestObject("Object Repository/search youtube/Page_YouTube/input_Skip navigation_search_query"), "katalon schedule test"): Text 'katalon schedule test' is set on object 'Object Repository/search youtube/Page_YouTube/input_Skip navigation_search_query'

01-04-2024T14:56:16 - [MESSAGE][PASSED] - Text 'katalon schedule test' is set on object 'Object Repository/search youtube/Page_YouTube/input_Skip navigation_search_query'

01-04-2024T14:56:16 - [TEST_STEP][PASSED] - click(findTestObject("Object Repository/search youtube/Page_YouTube/div")): Object: 'Object Repository/search youtube/Page_YouTube/div' is clicked on

01-04-2024T14:56:19 - [MESSAGE][PASSED] - Object: 'Object Repository/search youtube/Page_YouTube/div' is clicked on

01-04-2024T14:56:19 - [TEST_STEP][PASSED] - closeBrowser(): Browser is closed

01-04-2024T14:56:20 - [MESSAGE][PASSED] - Browser is closed]]></system-out>
         <system-err><![CDATA[]]></system-err>
      </testcase>
      <system-out><![CDATA[01-04-2024T14:56:05 - [TEST_SUITE][PASSED] - youtube: Test Cases/open youtube]]></system-out>
      <system-err><![CDATA[]]></system-err>
   </testsuite>
</testsuites>
