<?xml version="1.0" encoding="UTF-8"?>
<testsuites name="youtube" time="11.095" tests="1" failures="0" errors="0">
   <testsuite name="youtube" tests="1" failures="0" errors="0" time="11.095" skipped="0" timestamp="03-04-2024T10:57:43" hostname="1901 - LAPTOP-LLV8UN8R.mshome.net" id="Test Suites/youtube">
      <properties>
         <property name="deviceName" value=""/>
         <property name="devicePlatform" value=""/>
         <property name="logFolder" value="C:\\Users\\1901\\git\\Schedule-test-katalon\\Reports\\20240403_105214\\youtube\\20240403_105234"/>
         <property name="logFiles" value="C:\\Users\\1901\\git\\Schedule-test-katalon\\Reports\\20240403_105214\\youtube\\20240403_105234\\execution0.log"/>
         <property name="attachments" value=""/>
         <property name="hostName" value="1901 - LAPTOP-LLV8UN8R.mshome.net"/>
         <property name="os" value="Windows 11 64bit"/>
         <property name="katalonVersion" value="9.3.2.212"/>
         <property name="browser" value="Chrome 123.0.0.0"/>
         <property name="hostAddress" value="192.168.137.1"/>
         <property name="sessionId" value="0fefb3b432b2f71d69e2950976e7bd0c"/>
         <property name="seleniumVersion" value="3.141.59"/>
         <property name="proxyInformation" value="ProxyInformation { proxyOption=NO_PROXY, proxyServerType=HTTP, username=, password=********, proxyServerAddress=, proxyServerPort=0, executionList=&quot;&quot;, isApplyToDesiredCapabilities=true }"/>
         <property name="platform" value="Windows 11"/>
      </properties>
      <testcase name="Test Cases/open youtube" time="10.885" classname="Test Cases/open youtube" status="PASSED">
         <system-out><![CDATA[03-04-2024T10:57:43 - [TEST_CASE][PASSED] - Test Cases/open youtube: Test Cases/open youtube

03-04-2024T10:57:43 - [TEST_STEP][PASSED] - openBrowser(""): Browser is opened with url: ''

03-04-2024T10:57:44 - [MESSAGE][INFO] - Starting 'Chrome' driver

03-04-2024T10:57:44 - [MESSAGE][INFO] - Action delay is set to 0 milliseconds

03-04-2024T10:57:46 - [MESSAGE][PASSED] - Browser is opened with url: ''

03-04-2024T10:57:46 - [TEST_STEP][PASSED] - navigateToUrl("https://www.youtube.com/?themeRefresh=1"): Navigate to 'https://www.youtube.com/?themeRefresh=1' successfully

03-04-2024T10:57:48 - [MESSAGE][PASSED] - Navigate to 'https://www.youtube.com/?themeRefresh=1' successfully

03-04-2024T10:57:48 - [TEST_STEP][PASSED] - setText(findTestObject("Object Repository/search youtube/Page_YouTube/input_Skip navigation_search_query"), "katalon schedule test"): Text 'katalon schedule test' is set on object 'Object Repository/search youtube/Page_YouTube/input_Skip navigation_search_query'

03-04-2024T10:57:51 - [MESSAGE][PASSED] - Text 'katalon schedule test' is set on object 'Object Repository/search youtube/Page_YouTube/input_Skip navigation_search_query'

03-04-2024T10:57:51 - [TEST_STEP][PASSED] - click(findTestObject("Object Repository/search youtube/Page_YouTube/div")): Object: 'Object Repository/search youtube/Page_YouTube/div' is clicked on

03-04-2024T10:57:53 - [MESSAGE][PASSED] - Object: 'Object Repository/search youtube/Page_YouTube/div' is clicked on

03-04-2024T10:57:53 - [TEST_STEP][PASSED] - closeBrowser(): Browser is closed

03-04-2024T10:57:54 - [MESSAGE][PASSED] - Browser is closed]]></system-out>
         <system-err><![CDATA[]]></system-err>
      </testcase>
      <system-out><![CDATA[03-04-2024T10:57:43 - [TEST_SUITE][PASSED] - youtube: Test Cases/open youtube]]></system-out>
      <system-err><![CDATA[]]></system-err>
   </testsuite>
</testsuites>
