<?xml version="1.0" encoding="UTF-8"?>
<testsuites name="Search Kawal Pemilu" time="41.852" tests="1" failures="0" errors="0">
   <testsuite name="Search Kawal Pemilu" tests="1" failures="0" errors="0" time="41.852" skipped="0" timestamp="03-04-2024T12:10:28" hostname="1901 - LAPTOP-LLV8UN8R.mshome.net" id="Test Suites/Search Kawal Pemilu">
      <properties>
         <property name="deviceName" value=""/>
         <property name="devicePlatform" value=""/>
         <property name="logFolder" value="C:\\Users\\1901\\git\\Schedule-test-katalon\\Reports\\20240403_120752\\Search Kawal Pemilu\\20240403_120805"/>
         <property name="logFiles" value="C:\\Users\\1901\\git\\Schedule-test-katalon\\Reports\\20240403_120752\\Search Kawal Pemilu\\20240403_120805\\execution0.log"/>
         <property name="attachments" value="keyes\keyes-1.png"/>
         <property name="hostName" value="1901 - LAPTOP-LLV8UN8R.mshome.net"/>
         <property name="os" value="Windows 11 64bit"/>
         <property name="katalonVersion" value="9.3.2.212"/>
         <property name="browser" value="Chrome 123.0.0.0"/>
         <property name="hostAddress" value="192.168.137.1"/>
         <property name="sessionId" value="7e449778bd618d4050c552428acdc419"/>
         <property name="seleniumVersion" value="3.141.59"/>
         <property name="proxyInformation" value="ProxyInformation { proxyOption=NO_PROXY, proxyServerType=HTTP, username=, password=********, proxyServerAddress=, proxyServerPort=0, executionList=&quot;&quot;, isApplyToDesiredCapabilities=true }"/>
         <property name="platform" value="Windows 11"/>
      </properties>
      <testcase name="Test Cases/Search Kawal Pemilu" time="41.662" classname="Test Cases/Search Kawal Pemilu" status="PASSED">
         <system-out><![CDATA[03-04-2024T12:10:29 - [TEST_CASE][PASSED] - Test Cases/Search Kawal Pemilu: Test Cases/Search Kawal Pemilu

03-04-2024T12:10:29 - [TEST_STEP][PASSED] - openBrowser(""): Browser is opened with url: ''

03-04-2024T12:10:29 - [MESSAGE][INFO] - Starting 'Chrome' driver

03-04-2024T12:10:29 - [MESSAGE][INFO] - Action delay is set to 0 milliseconds

03-04-2024T12:10:31 - [MESSAGE][PASSED] - Browser is opened with url: ''

03-04-2024T12:10:31 - [TEST_STEP][PASSED] - navigateToUrl("https://www.google.com/"): Navigate to 'https://www.google.com/' successfully

03-04-2024T12:10:32 - [MESSAGE][PASSED] - Navigate to 'https://www.google.com/' successfully

03-04-2024T12:10:32 - [TEST_STEP][PASSED] - setText(findTestObject("Object Repository/Search kawal pemilu/Page_Google/textarea_Login_q"), "kawal pemilu"): Text 'kawal pemilu' is set on object 'Object Repository/Search kawal pemilu/Page_Google/textarea_Login_q'

03-04-2024T12:10:33 - [MESSAGE][PASSED] - Text 'kawal pemilu' is set on object 'Object Repository/Search kawal pemilu/Page_Google/textarea_Login_q'

03-04-2024T12:10:33 - [TEST_STEP][PASSED] - click(findTestObject("Object Repository/Search kawal pemilu/Page_Google/span_kawal pemilu")): Object: 'Object Repository/Search kawal pemilu/Page_Google/span_kawal pemilu' is clicked on

03-04-2024T12:10:33 - [MESSAGE][PASSED] - Object: 'Object Repository/Search kawal pemilu/Page_Google/span_kawal pemilu' is clicked on

03-04-2024T12:10:33 - [TEST_STEP][PASSED] - click(findTestObject("Object Repository/Search kawal pemilu/Page_kawal pemilu - Penelusuran Google/h3_KawalPemilu 2024")): Object: 'Object Repository/Search kawal pemilu/Page_kawal pemilu - Penelusuran Google/h3_KawalPemilu 2024' is clicked on

03-04-2024T12:11:05 - [MESSAGE][INFO] - Unable to find the element located by 'By.xpath: //div[@id='rso']/div/div/div/div/div/div/div/div/div/span/a/h3'. Please recheck the objects properties to make sure the desired element is located. 

03-04-2024T12:11:05 - [MESSAGE][WARNING] - [SELF-HEALING] Failed to find element with id 'Object Repository/Search kawal pemilu/Page_kawal pemilu - Penelusuran Google/h3_KawalPemilu 2024'. Try using Self-healing.

03-04-2024T12:11:05 - [MESSAGE][INFO] - [SELF-HEALING] Failed Locator: '//div[@id='rso']/div/div/div/div/div/div/div/div/div/span/a/h3'.

03-04-2024T12:11:05 - [MESSAGE][INFO] - [SELF-HEALING] Working Locator: '(.//*[normalize-space(text()) and normalize-space(.)='Hasil Web dengan Sitelink'])[1]/following::h3[1]'.

03-04-2024T12:11:05 - [MESSAGE][INFO] - [SELF-HEALING] Screenshot: C:/Users/1901/git/Schedule-test-katalon/Reports/Self-healing/Object Repository/Search kawal pemilu/Page_kawal pemilu - Penelusuran Google/h3_KawalPemilu 2024_neighbor.png

03-04-2024T12:11:05 - [MESSAGE][WARNING] - [SELF-HEALING] The current locator of test object 'Object Repository/Search kawal pemilu/Page_kawal pemilu - Penelusuran Google/h3_KawalPemilu 2024' was broken. Propose an alternative one: '(.//*[normalize-space(text()) and normalize-space(.)='Hasil Web dengan Sitelink'])[1]/following::h3[1]'.

03-04-2024T12:11:06 - [MESSAGE][PASSED] - Object: 'Object Repository/Search kawal pemilu/Page_kawal pemilu - Penelusuran Google/h3_KawalPemilu 2024' is clicked on

03-04-2024T12:11:06 - [TEST_STEP][PASSED] - click(findTestObject("Object Repository/Search kawal pemilu/Page_KawalPemilu 2024/a_BANTEN")): Object: 'Object Repository/Search kawal pemilu/Page_KawalPemilu 2024/a_BANTEN' is clicked on

03-04-2024T12:11:07 - [MESSAGE][PASSED] - Object: 'Object Repository/Search kawal pemilu/Page_KawalPemilu 2024/a_BANTEN' is clicked on

03-04-2024T12:11:07 - [TEST_STEP][PASSED] - click(findTestObject("Object Repository/Search kawal pemilu/Page_KawalPemilu 2024/a_KOTA TANGERANG SELATAN")): Object: 'Object Repository/Search kawal pemilu/Page_KawalPemilu 2024/a_KOTA TANGERANG SELATAN' is clicked on

03-04-2024T12:11:08 - [MESSAGE][PASSED] - Object: 'Object Repository/Search kawal pemilu/Page_KawalPemilu 2024/a_KOTA TANGERANG SELATAN' is clicked on

03-04-2024T12:11:08 - [TEST_STEP][PASSED] - click(findTestObject("Object Repository/Search kawal pemilu/Page_KawalPemilu 2024/a_PAMULANG")): Object: 'Object Repository/Search kawal pemilu/Page_KawalPemilu 2024/a_PAMULANG' is clicked on

03-04-2024T12:11:08 - [MESSAGE][PASSED] - Object: 'Object Repository/Search kawal pemilu/Page_KawalPemilu 2024/a_PAMULANG' is clicked on

03-04-2024T12:11:08 - [TEST_STEP][PASSED] - click(findTestObject("Object Repository/Search kawal pemilu/Page_KawalPemilu 2024/a_KEDAUNG")): Object: 'Object Repository/Search kawal pemilu/Page_KawalPemilu 2024/a_KEDAUNG' is clicked on

03-04-2024T12:11:09 - [MESSAGE][PASSED] - Object: 'Object Repository/Search kawal pemilu/Page_KawalPemilu 2024/a_KEDAUNG' is clicked on

03-04-2024T12:11:09 - [TEST_STEP][PASSED] - takeScreenshotAsCheckpoint("1"): Taking screenshot successfully

03-04-2024T12:11:10 - [MESSAGE][INFO] - 0 hidden object(s)

03-04-2024T12:11:10 - [MESSAGE][PASSED] - Taking screenshot successfully
[[ATTACHMENT|keyes\keyes-1.png]]

03-04-2024T12:11:10 - [TEST_STEP][PASSED] - closeBrowser(): Browser is closed

03-04-2024T12:11:10 - [MESSAGE][PASSED] - Browser is closed]]></system-out>
         <system-err><![CDATA[]]></system-err>
      </testcase>
      <system-out><![CDATA[03-04-2024T12:10:28 - [TEST_SUITE][PASSED] - Search Kawal Pemilu: Test Cases/Search Kawal Pemilu]]></system-out>
      <system-err><![CDATA[]]></system-err>
   </testsuite>
</testsuites>
