<?xml version="1.0" encoding="UTF-8"?>
<testsuites name="open web loop" time="615.099" tests="25" failures="0" errors="0">
   <testsuite name="youtube" tests="1" failures="0" errors="0" time="11.428" skipped="0" timestamp="03-04-2024T10:53:21" hostname="1901 - LAPTOP-LLV8UN8R.mshome.net" id="Test Suites/youtube">
      <properties>
         <property name="deviceName" value=""/>
         <property name="devicePlatform" value=""/>
         <property name="logFolder" value="C:\\Users\\1901\\git\\Schedule-test-katalon\\Reports\\20240403_105214\\youtube\\20240403_105216"/>
         <property name="logFiles" value="C:\\Users\\1901\\git\\Schedule-test-katalon\\Reports\\20240403_105214\\youtube\\20240403_105216\\execution0.log"/>
         <property name="attachments" value=""/>
         <property name="hostName" value="1901 - LAPTOP-LLV8UN8R.mshome.net"/>
         <property name="os" value="Windows 11 64bit"/>
         <property name="katalonVersion" value="9.3.2.212"/>
         <property name="browser" value="Chrome 123.0.0.0"/>
         <property name="hostAddress" value="192.168.137.1"/>
         <property name="sessionId" value="c8fb47d12aa7ff60bc77f7b810cf020f"/>
         <property name="seleniumVersion" value="3.141.59"/>
         <property name="proxyInformation" value="ProxyInformation { proxyOption=NO_PROXY, proxyServerType=HTTP, username=, password=********, proxyServerAddress=, proxyServerPort=0, executionList=&quot;&quot;, isApplyToDesiredCapabilities=true }"/>
         <property name="platform" value="Windows 11"/>
      </properties>
      <testcase name="Test Cases/open youtube" time="11.179" classname="Test Cases/open youtube" status="PASSED">
         <system-out><![CDATA[03-04-2024T10:53:21 - [TEST_CASE][PASSED] - Test Cases/open youtube: Test Cases/open youtube

03-04-2024T10:53:21 - [TEST_STEP][PASSED] - openBrowser(""): Browser is opened with url: ''

03-04-2024T10:53:22 - [MESSAGE][INFO] - Starting 'Chrome' driver

03-04-2024T10:53:22 - [MESSAGE][INFO] - Action delay is set to 0 milliseconds

03-04-2024T10:53:24 - [MESSAGE][PASSED] - Browser is opened with url: ''

03-04-2024T10:53:24 - [TEST_STEP][PASSED] - navigateToUrl("https://www.youtube.com/?themeRefresh=1"): Navigate to 'https://www.youtube.com/?themeRefresh=1' successfully

03-04-2024T10:53:27 - [MESSAGE][PASSED] - Navigate to 'https://www.youtube.com/?themeRefresh=1' successfully

03-04-2024T10:53:27 - [TEST_STEP][PASSED] - setText(findTestObject("Object Repository/search youtube/Page_YouTube/input_Skip navigation_search_query"), "katalon schedule test"): Text 'katalon schedule test' is set on object 'Object Repository/search youtube/Page_YouTube/input_Skip navigation_search_query'

03-04-2024T10:53:30 - [MESSAGE][PASSED] - Text 'katalon schedule test' is set on object 'Object Repository/search youtube/Page_YouTube/input_Skip navigation_search_query'

03-04-2024T10:53:30 - [TEST_STEP][PASSED] - click(findTestObject("Object Repository/search youtube/Page_YouTube/div")): Object: 'Object Repository/search youtube/Page_YouTube/div' is clicked on

03-04-2024T10:53:31 - [MESSAGE][PASSED] - Object: 'Object Repository/search youtube/Page_YouTube/div' is clicked on

03-04-2024T10:53:31 - [TEST_STEP][PASSED] - closeBrowser(): Browser is closed

03-04-2024T10:53:32 - [MESSAGE][PASSED] - Browser is closed]]></system-out>
         <system-err><![CDATA[]]></system-err>
      </testcase>
      <system-out><![CDATA[03-04-2024T10:53:21 - [TEST_SUITE][PASSED] - youtube: Test Cases/open youtube]]></system-out>
      <system-err><![CDATA[]]></system-err>
   </testsuite>
   <testsuite name="Search Iglo" tests="1" failures="0" errors="0" time="9.298" skipped="0" timestamp="03-04-2024T10:53:46" hostname="1901 - LAPTOP-LLV8UN8R.mshome.net" id="Test Suites/Search Iglo">
      <properties>
         <property name="deviceName" value=""/>
         <property name="devicePlatform" value=""/>
         <property name="logFolder" value="C:\\Users\\1901\\git\\Schedule-test-katalon\\Reports\\20240403_105214\\Search Iglo\\20240403_105218"/>
         <property name="logFiles" value="C:\\Users\\1901\\git\\Schedule-test-katalon\\Reports\\20240403_105214\\Search Iglo\\20240403_105218\\execution0.log"/>
         <property name="attachments" value="keyes\keyes-2.png"/>
         <property name="hostName" value="1901 - LAPTOP-LLV8UN8R.mshome.net"/>
         <property name="os" value="Windows 11 64bit"/>
         <property name="katalonVersion" value="9.3.2.212"/>
         <property name="browser" value="Chrome 123.0.0.0"/>
         <property name="hostAddress" value="192.168.137.1"/>
         <property name="sessionId" value="3e584b36068773b4c5f90d0196a938ea"/>
         <property name="seleniumVersion" value="3.141.59"/>
         <property name="proxyInformation" value="ProxyInformation { proxyOption=NO_PROXY, proxyServerType=HTTP, username=, password=********, proxyServerAddress=, proxyServerPort=0, executionList=&quot;&quot;, isApplyToDesiredCapabilities=true }"/>
         <property name="platform" value="Windows 11"/>
      </properties>
      <testcase name="Test Cases/Search Indocyber" time="9.094" classname="Test Cases/Search Indocyber" status="PASSED">
         <system-out><![CDATA[03-04-2024T10:53:46 - [TEST_CASE][PASSED] - Test Cases/Search Indocyber: Test Cases/Search Indocyber

03-04-2024T10:53:46 - [TEST_STEP][PASSED] - openBrowser(""): Browser is opened with url: ''

03-04-2024T10:53:47 - [MESSAGE][INFO] - Starting 'Chrome' driver

03-04-2024T10:53:47 - [MESSAGE][INFO] - Action delay is set to 0 milliseconds

03-04-2024T10:53:48 - [MESSAGE][PASSED] - Browser is opened with url: ''

03-04-2024T10:53:48 - [TEST_STEP][PASSED] - navigateToUrl("https://www.google.com/"): Navigate to 'https://www.google.com/' successfully

03-04-2024T10:53:50 - [MESSAGE][PASSED] - Navigate to 'https://www.google.com/' successfully

03-04-2024T10:53:50 - [TEST_STEP][PASSED] - setText(findTestObject("Object Repository/Search Iglo/Page_Google/textarea_Login_q"), "indocyber"): Text 'indocyber' is set on object 'Object Repository/Search Iglo/Page_Google/textarea_Login_q'

03-04-2024T10:53:51 - [MESSAGE][PASSED] - Text 'indocyber' is set on object 'Object Repository/Search Iglo/Page_Google/textarea_Login_q'

03-04-2024T10:53:51 - [TEST_STEP][PASSED] - click(findTestObject("Object Repository/Search Iglo/Page_Google/span_Indocyber Global Teknologi")): Object: 'Object Repository/Search Iglo/Page_Google/span_Indocyber Global Teknologi' is clicked on

03-04-2024T10:53:51 - [MESSAGE][PASSED] - Object: 'Object Repository/Search Iglo/Page_Google/span_Indocyber Global Teknologi' is clicked on

03-04-2024T10:53:51 - [TEST_STEP][PASSED] - takeScreenshotAsCheckpoint("2"): Taking screenshot successfully

03-04-2024T10:53:54 - [MESSAGE][INFO] - 0 hidden object(s)

03-04-2024T10:53:54 - [MESSAGE][PASSED] - Taking screenshot successfully
[[ATTACHMENT|keyes\keyes-2.png]]

03-04-2024T10:53:54 - [TEST_STEP][PASSED] - click(findTestObject("Object Repository/Search Iglo/Page_indocyber global teknologi - Penelusur_63e8c8/h3_Indocyber Home")): Object: 'Object Repository/Search Iglo/Page_indocyber global teknologi - Penelusur_63e8c8/h3_Indocyber Home' is clicked on

03-04-2024T10:53:55 - [MESSAGE][PASSED] - Object: 'Object Repository/Search Iglo/Page_indocyber global teknologi - Penelusur_63e8c8/h3_Indocyber Home' is clicked on

03-04-2024T10:53:55 - [TEST_STEP][PASSED] - closeBrowser(): Browser is closed

03-04-2024T10:53:55 - [MESSAGE][PASSED] - Browser is closed]]></system-out>
         <system-err><![CDATA[]]></system-err>
      </testcase>
      <system-out><![CDATA[03-04-2024T10:53:46 - [TEST_SUITE][PASSED] - Search Iglo: Test Cases/Search Indocyber]]></system-out>
      <system-err><![CDATA[]]></system-err>
   </testsuite>
   <testsuite name="web iglo" tests="1" failures="0" errors="0" time="9.011" skipped="0" timestamp="03-04-2024T10:54:09" hostname="1901 - LAPTOP-LLV8UN8R.mshome.net" id="Test Suites/web iglo">
      <properties>
         <property name="deviceName" value=""/>
         <property name="devicePlatform" value=""/>
         <property name="logFolder" value="C:\\Users\\1901\\git\\Schedule-test-katalon\\Reports\\20240403_105214\\web iglo\\20240403_105220"/>
         <property name="logFiles" value="C:\\Users\\1901\\git\\Schedule-test-katalon\\Reports\\20240403_105214\\web iglo\\20240403_105220\\execution0.log"/>
         <property name="attachments" value="keyes\keyes-1.png"/>
         <property name="hostName" value="1901 - LAPTOP-LLV8UN8R.mshome.net"/>
         <property name="os" value="Windows 11 64bit"/>
         <property name="katalonVersion" value="9.3.2.212"/>
         <property name="browser" value="Chrome 123.0.0.0"/>
         <property name="hostAddress" value="192.168.137.1"/>
         <property name="sessionId" value="5e383f1c3c7953c36eb46b33b14f1dc5"/>
         <property name="seleniumVersion" value="3.141.59"/>
         <property name="proxyInformation" value="ProxyInformation { proxyOption=NO_PROXY, proxyServerType=HTTP, username=, password=********, proxyServerAddress=, proxyServerPort=0, executionList=&quot;&quot;, isApplyToDesiredCapabilities=true }"/>
         <property name="platform" value="Windows 11"/>
      </properties>
      <testcase name="Test Cases/Web Iglo" time="8.797" classname="Test Cases/Web Iglo" status="PASSED">
         <system-out><![CDATA[03-04-2024T10:54:09 - [TEST_CASE][PASSED] - Test Cases/Web Iglo: Test Cases/Web Iglo

03-04-2024T10:54:10 - [TEST_STEP][PASSED] - openBrowser(""): Browser is opened with url: ''

03-04-2024T10:54:10 - [MESSAGE][INFO] - Starting 'Chrome' driver

03-04-2024T10:54:10 - [MESSAGE][INFO] - Action delay is set to 0 milliseconds

03-04-2024T10:54:12 - [MESSAGE][PASSED] - Browser is opened with url: ''

03-04-2024T10:54:12 - [TEST_STEP][PASSED] - navigateToUrl("https://www.indocyber.co.id/"): Navigate to 'https://www.indocyber.co.id/' successfully

03-04-2024T10:54:12 - [MESSAGE][PASSED] - Navigate to 'https://www.indocyber.co.id/' successfully

03-04-2024T10:54:12 - [TEST_STEP][PASSED] - click(findTestObject("Object Repository/contact_us/Page_Home  Indocyber/a_Contact Us")): Object: 'Object Repository/contact_us/Page_Home  Indocyber/a_Contact Us' is clicked on

03-04-2024T10:54:14 - [MESSAGE][PASSED] - Object: 'Object Repository/contact_us/Page_Home  Indocyber/a_Contact Us' is clicked on

03-04-2024T10:54:14 - [TEST_STEP][PASSED] - setText(findTestObject("Object Repository/contact_us/Page_Contact Us  Indocyber/input_What can we do for you_name"), "Faraz Septarian"): Text 'Faraz Septarian' is set on object 'Object Repository/contact_us/Page_Contact Us  Indocyber/input_What can we do for you_name'

03-04-2024T10:54:16 - [MESSAGE][PASSED] - Text 'Faraz Septarian' is set on object 'Object Repository/contact_us/Page_Contact Us  Indocyber/input_What can we do for you_name'

03-04-2024T10:54:16 - [TEST_STEP][PASSED] - setText(findTestObject("Object Repository/contact_us/Page_Contact Us  Indocyber/input_What can we do for you_email"), "faraz.nugroho@indocyber.id"): Text 'faraz.nugroho@indocyber.id' is set on object 'Object Repository/contact_us/Page_Contact Us  Indocyber/input_What can we do for you_email'

03-04-2024T10:54:17 - [MESSAGE][PASSED] - Text 'faraz.nugroho@indocyber.id' is set on object 'Object Repository/contact_us/Page_Contact Us  Indocyber/input_What can we do for you_email'

03-04-2024T10:54:17 - [TEST_STEP][PASSED] - takeScreenshotAsCheckpoint("1"): Taking screenshot successfully

03-04-2024T10:54:18 - [MESSAGE][INFO] - 0 hidden object(s)

03-04-2024T10:54:18 - [MESSAGE][PASSED] - Taking screenshot successfully
[[ATTACHMENT|keyes\keyes-1.png]]

03-04-2024T10:54:18 - [TEST_STEP][PASSED] - closeBrowser(): Browser is closed

03-04-2024T10:54:18 - [MESSAGE][PASSED] - Browser is closed]]></system-out>
         <system-err><![CDATA[]]></system-err>
      </testcase>
      <system-out><![CDATA[03-04-2024T10:54:09 - [TEST_SUITE][PASSED] - web iglo: Test Cases/Web Iglo]]></system-out>
      <system-err><![CDATA[]]></system-err>
   </testsuite>
   <testsuite name="BC Iglo" tests="1" failures="0" errors="0" time="13.031" skipped="0" timestamp="03-04-2024T10:54:32" hostname="1901 - LAPTOP-LLV8UN8R.mshome.net" id="Test Suites/BC Iglo">
      <properties>
         <property name="deviceName" value=""/>
         <property name="devicePlatform" value=""/>
         <property name="logFolder" value="C:\\Users\\1901\\git\\Schedule-test-katalon\\Reports\\20240403_105214\\BC Iglo\\20240403_105222"/>
         <property name="logFiles" value="C:\\Users\\1901\\git\\Schedule-test-katalon\\Reports\\20240403_105214\\BC Iglo\\20240403_105222\\execution0.log"/>
         <property name="attachments" value=""/>
         <property name="hostName" value="1901 - LAPTOP-LLV8UN8R.mshome.net"/>
         <property name="os" value="Windows 11 64bit"/>
         <property name="katalonVersion" value="9.3.2.212"/>
         <property name="browser" value="Chrome 123.0.0.0"/>
         <property name="hostAddress" value="192.168.137.1"/>
         <property name="sessionId" value="56a71d851fcd6d601d3ee7f6afca41cc"/>
         <property name="seleniumVersion" value="3.141.59"/>
         <property name="proxyInformation" value="ProxyInformation { proxyOption=NO_PROXY, proxyServerType=HTTP, username=, password=********, proxyServerAddress=, proxyServerPort=0, executionList=&quot;&quot;, isApplyToDesiredCapabilities=true }"/>
         <property name="platform" value="Windows 11"/>
      </properties>
      <testcase name="Test Cases/BC Iglo" time="12.813" classname="Test Cases/BC Iglo" status="PASSED">
         <system-out><![CDATA[03-04-2024T10:54:32 - [TEST_CASE][PASSED] - Test Cases/BC Iglo: Test Cases/BC Iglo

03-04-2024T10:54:32 - [TEST_STEP][PASSED] - openBrowser(""): Browser is opened with url: ''

03-04-2024T10:54:32 - [MESSAGE][INFO] - Starting 'Chrome' driver

03-04-2024T10:54:32 - [MESSAGE][INFO] - Action delay is set to 0 milliseconds

03-04-2024T10:54:34 - [MESSAGE][PASSED] - Browser is opened with url: ''

03-04-2024T10:54:34 - [TEST_STEP][PASSED] - navigateToUrl("https://www.indocyber.co.id/"): Navigate to 'https://www.indocyber.co.id/' successfully

03-04-2024T10:54:35 - [MESSAGE][PASSED] - Navigate to 'https://www.indocyber.co.id/' successfully

03-04-2024T10:54:35 - [TEST_STEP][PASSED] - click(findTestObject("Object Repository/BC Iglo/Page_Home  Indocyber/a_Bootcamp")): Object: 'Object Repository/BC Iglo/Page_Home  Indocyber/a_Bootcamp' is clicked on

03-04-2024T10:54:40 - [MESSAGE][PASSED] - Object: 'Object Repository/BC Iglo/Page_Home  Indocyber/a_Bootcamp' is clicked on

03-04-2024T10:54:40 - [TEST_STEP][PASSED] - click(findTestObject("Object Repository/BC Iglo/Page_Join Bootcamp at Indocyber  Indocyber/button_Apply Now")): Object: 'Object Repository/BC Iglo/Page_Join Bootcamp at Indocyber  Indocyber/button_Apply Now' is clicked on

03-04-2024T10:54:42 - [MESSAGE][PASSED] - Object: 'Object Repository/BC Iglo/Page_Join Bootcamp at Indocyber  Indocyber/button_Apply Now' is clicked on

03-04-2024T10:54:42 - [TEST_STEP][PASSED] - setText(findTestObject("Object Repository/BC Iglo/Page_Join Bootcamp at Indocyber  Indocyber/input_JOIN NOW_name"), "Faraz Septarian Adi Nugroho"): Text 'Faraz Septarian Adi Nugroho' is set on object 'Object Repository/BC Iglo/Page_Join Bootcamp at Indocyber  Indocyber/input_JOIN NOW_name'

03-04-2024T10:54:43 - [MESSAGE][PASSED] - Text 'Faraz Septarian Adi Nugroho' is set on object 'Object Repository/BC Iglo/Page_Join Bootcamp at Indocyber  Indocyber/input_JOIN NOW_name'

03-04-2024T10:54:43 - [TEST_STEP][PASSED] - setText(findTestObject("Object Repository/BC Iglo/Page_Join Bootcamp at Indocyber  Indocyber/input_JOIN NOW_email"), "faraz.spt@indocyber.id"): Text 'faraz.spt@indocyber.id' is set on object 'Object Repository/BC Iglo/Page_Join Bootcamp at Indocyber  Indocyber/input_JOIN NOW_email'

03-04-2024T10:54:43 - [MESSAGE][PASSED] - Text 'faraz.spt@indocyber.id' is set on object 'Object Repository/BC Iglo/Page_Join Bootcamp at Indocyber  Indocyber/input_JOIN NOW_email'

03-04-2024T10:54:43 - [TEST_STEP][PASSED] - setText(findTestObject("Object Repository/BC Iglo/Page_Join Bootcamp at Indocyber  Indocyber/input_JOIN NOW_handphone"), "0812345678"): Text '0812345678' is set on object 'Object Repository/BC Iglo/Page_Join Bootcamp at Indocyber  Indocyber/input_JOIN NOW_handphone'

03-04-2024T10:54:44 - [MESSAGE][PASSED] - Text '0812345678' is set on object 'Object Repository/BC Iglo/Page_Join Bootcamp at Indocyber  Indocyber/input_JOIN NOW_handphone'

03-04-2024T10:54:44 - [TEST_STEP][PASSED] - click(findTestObject("Object Repository/BC Iglo/Page_Join Bootcamp at Indocyber  Indocyber/div_OracleSQL Server.NETJavaMagicJOIN NOWRe_425abe")): Object: 'Object Repository/BC Iglo/Page_Join Bootcamp at Indocyber  Indocyber/div_OracleSQL Server.NETJavaMagicJOIN NOWRe_425abe' is clicked on

03-04-2024T10:54:44 - [MESSAGE][PASSED] - Object: 'Object Repository/BC Iglo/Page_Join Bootcamp at Indocyber  Indocyber/div_OracleSQL Server.NETJavaMagicJOIN NOWRe_425abe' is clicked on

03-04-2024T10:54:44 - [TEST_STEP][PASSED] - closeBrowser(): Browser is closed

03-04-2024T10:54:45 - [MESSAGE][PASSED] - Browser is closed]]></system-out>
         <system-err><![CDATA[]]></system-err>
      </testcase>
      <system-out><![CDATA[03-04-2024T10:54:32 - [TEST_SUITE][PASSED] - BC Iglo: Test Cases/BC Iglo]]></system-out>
      <system-err><![CDATA[]]></system-err>
   </testsuite>
   <testsuite name="Search Tanjung duren" tests="1" failures="0" errors="0" time="10.782" skipped="0" timestamp="03-04-2024T10:55:45" hostname="1901 - LAPTOP-LLV8UN8R.mshome.net" id="Test Suites/Search Tanjung duren">
      <properties>
         <property name="deviceName" value=""/>
         <property name="devicePlatform" value=""/>
         <property name="logFolder" value="C:\\Users\\1901\\git\\Schedule-test-katalon\\Reports\\20240403_105214\\Search Tanjung duren\\20240403_105224"/>
         <property name="logFiles" value="C:\\Users\\1901\\git\\Schedule-test-katalon\\Reports\\20240403_105214\\Search Tanjung duren\\20240403_105224\\execution0.log"/>
         <property name="attachments" value="keyes\keyes-3.png"/>
         <property name="hostName" value="1901 - LAPTOP-LLV8UN8R.mshome.net"/>
         <property name="os" value="Windows 11 64bit"/>
         <property name="katalonVersion" value="9.3.2.212"/>
         <property name="browser" value="Chrome 123.0.0.0"/>
         <property name="hostAddress" value="192.168.137.1"/>
         <property name="sessionId" value="59ebbb42729b93c36b2fdca856a7d9e5"/>
         <property name="seleniumVersion" value="3.141.59"/>
         <property name="proxyInformation" value="ProxyInformation { proxyOption=NO_PROXY, proxyServerType=HTTP, username=, password=********, proxyServerAddress=, proxyServerPort=0, executionList=&quot;&quot;, isApplyToDesiredCapabilities=true }"/>
         <property name="platform" value="Windows 11"/>
      </properties>
      <testcase name="Test Cases/Search Tanjung Duren" time="10.557" classname="Test Cases/Search Tanjung Duren" status="PASSED">
         <system-out><![CDATA[03-04-2024T10:55:45 - [TEST_CASE][PASSED] - Test Cases/Search Tanjung Duren: Test Cases/Search Tanjung Duren

03-04-2024T10:55:45 - [TEST_STEP][PASSED] - openBrowser(""): Browser is opened with url: ''

03-04-2024T10:55:46 - [MESSAGE][INFO] - Starting 'Chrome' driver

03-04-2024T10:55:46 - [MESSAGE][INFO] - Action delay is set to 0 milliseconds

03-04-2024T10:55:48 - [MESSAGE][PASSED] - Browser is opened with url: ''

03-04-2024T10:55:48 - [TEST_STEP][PASSED] - navigateToUrl("https://www.google.com/"): Navigate to 'https://www.google.com/' successfully

03-04-2024T10:55:49 - [MESSAGE][PASSED] - Navigate to 'https://www.google.com/' successfully

03-04-2024T10:55:49 - [TEST_STEP][PASSED] - setText(findTestObject("Object Repository/Search Tanjung duren/Page_Google/textarea_Login_q"), "tanjung duren"): Text 'tanjung duren' is set on object 'Object Repository/Search Tanjung duren/Page_Google/textarea_Login_q'

03-04-2024T10:55:50 - [MESSAGE][PASSED] - Text 'tanjung duren' is set on object 'Object Repository/Search Tanjung duren/Page_Google/textarea_Login_q'

03-04-2024T10:55:50 - [TEST_STEP][PASSED] - click(findTestObject("Object Repository/Search Tanjung duren/Page_Google/span_Tanjung Duren Utara")): Object: 'Object Repository/Search Tanjung duren/Page_Google/span_Tanjung Duren Utara' is clicked on

03-04-2024T10:55:50 - [MESSAGE][PASSED] - Object: 'Object Repository/Search Tanjung duren/Page_Google/span_Tanjung Duren Utara' is clicked on

03-04-2024T10:55:50 - [TEST_STEP][PASSED] - click(findTestObject("Object Repository/Search Tanjung duren/Page_tanjung duren - Penelusuran Google/h3_Tanjung Duren Utara, Grogol Petamburan, _9c911c")): Object: 'Object Repository/Search Tanjung duren/Page_tanjung duren - Penelusuran Google/h3_Tanjung Duren Utara, Grogol Petamburan, _9c911c' is clicked on

03-04-2024T10:55:55 - [MESSAGE][PASSED] - Object: 'Object Repository/Search Tanjung duren/Page_tanjung duren - Penelusuran Google/h3_Tanjung Duren Utara, Grogol Petamburan, _9c911c' is clicked on

03-04-2024T10:55:55 - [TEST_STEP][PASSED] - takeScreenshotAsCheckpoint("3"): Taking screenshot successfully

03-04-2024T10:55:55 - [MESSAGE][INFO] - 0 hidden object(s)

03-04-2024T10:55:55 - [MESSAGE][PASSED] - Taking screenshot successfully
[[ATTACHMENT|keyes\keyes-3.png]]

03-04-2024T10:55:55 - [TEST_STEP][PASSED] - closeBrowser(): Browser is closed

03-04-2024T10:55:56 - [MESSAGE][PASSED] - Browser is closed]]></system-out>
         <system-err><![CDATA[]]></system-err>
      </testcase>
      <system-out><![CDATA[03-04-2024T10:55:45 - [TEST_SUITE][PASSED] - Search Tanjung duren: Test Cases/Search Tanjung Duren]]></system-out>
      <system-err><![CDATA[]]></system-err>
   </testsuite>
   <testsuite name="BC Iglo" tests="1" failures="0" errors="0" time="10.46" skipped="0" timestamp="03-04-2024T10:56:09" hostname="1901 - LAPTOP-LLV8UN8R.mshome.net" id="Test Suites/BC Iglo">
      <properties>
         <property name="deviceName" value=""/>
         <property name="devicePlatform" value=""/>
         <property name="logFolder" value="C:\\Users\\1901\\git\\Schedule-test-katalon\\Reports\\20240403_105214\\BC Iglo\\20240403_105226"/>
         <property name="logFiles" value="C:\\Users\\1901\\git\\Schedule-test-katalon\\Reports\\20240403_105214\\BC Iglo\\20240403_105226\\execution0.log"/>
         <property name="attachments" value=""/>
         <property name="hostName" value="1901 - LAPTOP-LLV8UN8R.mshome.net"/>
         <property name="os" value="Windows 11 64bit"/>
         <property name="katalonVersion" value="9.3.2.212"/>
         <property name="browser" value="Chrome 123.0.0.0"/>
         <property name="hostAddress" value="192.168.137.1"/>
         <property name="sessionId" value="2242d88480d5c57eb8cf48c50684d632"/>
         <property name="seleniumVersion" value="3.141.59"/>
         <property name="proxyInformation" value="ProxyInformation { proxyOption=NO_PROXY, proxyServerType=HTTP, username=, password=********, proxyServerAddress=, proxyServerPort=0, executionList=&quot;&quot;, isApplyToDesiredCapabilities=true }"/>
         <property name="platform" value="Windows 11"/>
      </properties>
      <testcase name="Test Cases/BC Iglo" time="10.242" classname="Test Cases/BC Iglo" status="PASSED">
         <system-out><![CDATA[03-04-2024T10:56:09 - [TEST_CASE][PASSED] - Test Cases/BC Iglo: Test Cases/BC Iglo

03-04-2024T10:56:10 - [TEST_STEP][PASSED] - openBrowser(""): Browser is opened with url: ''

03-04-2024T10:56:10 - [MESSAGE][INFO] - Starting 'Chrome' driver

03-04-2024T10:56:10 - [MESSAGE][INFO] - Action delay is set to 0 milliseconds

03-04-2024T10:56:12 - [MESSAGE][PASSED] - Browser is opened with url: ''

03-04-2024T10:56:12 - [TEST_STEP][PASSED] - navigateToUrl("https://www.indocyber.co.id/"): Navigate to 'https://www.indocyber.co.id/' successfully

03-04-2024T10:56:12 - [MESSAGE][PASSED] - Navigate to 'https://www.indocyber.co.id/' successfully

03-04-2024T10:56:12 - [TEST_STEP][PASSED] - click(findTestObject("Object Repository/BC Iglo/Page_Home  Indocyber/a_Bootcamp")): Object: 'Object Repository/BC Iglo/Page_Home  Indocyber/a_Bootcamp' is clicked on

03-04-2024T10:56:15 - [MESSAGE][PASSED] - Object: 'Object Repository/BC Iglo/Page_Home  Indocyber/a_Bootcamp' is clicked on

03-04-2024T10:56:15 - [TEST_STEP][PASSED] - click(findTestObject("Object Repository/BC Iglo/Page_Join Bootcamp at Indocyber  Indocyber/button_Apply Now")): Object: 'Object Repository/BC Iglo/Page_Join Bootcamp at Indocyber  Indocyber/button_Apply Now' is clicked on

03-04-2024T10:56:17 - [MESSAGE][PASSED] - Object: 'Object Repository/BC Iglo/Page_Join Bootcamp at Indocyber  Indocyber/button_Apply Now' is clicked on

03-04-2024T10:56:17 - [TEST_STEP][PASSED] - setText(findTestObject("Object Repository/BC Iglo/Page_Join Bootcamp at Indocyber  Indocyber/input_JOIN NOW_name"), "Faraz Septarian Adi Nugroho"): Text 'Faraz Septarian Adi Nugroho' is set on object 'Object Repository/BC Iglo/Page_Join Bootcamp at Indocyber  Indocyber/input_JOIN NOW_name'

03-04-2024T10:56:18 - [MESSAGE][PASSED] - Text 'Faraz Septarian Adi Nugroho' is set on object 'Object Repository/BC Iglo/Page_Join Bootcamp at Indocyber  Indocyber/input_JOIN NOW_name'

03-04-2024T10:56:18 - [TEST_STEP][PASSED] - setText(findTestObject("Object Repository/BC Iglo/Page_Join Bootcamp at Indocyber  Indocyber/input_JOIN NOW_email"), "faraz.spt@indocyber.id"): Text 'faraz.spt@indocyber.id' is set on object 'Object Repository/BC Iglo/Page_Join Bootcamp at Indocyber  Indocyber/input_JOIN NOW_email'

03-04-2024T10:56:18 - [MESSAGE][PASSED] - Text 'faraz.spt@indocyber.id' is set on object 'Object Repository/BC Iglo/Page_Join Bootcamp at Indocyber  Indocyber/input_JOIN NOW_email'

03-04-2024T10:56:18 - [TEST_STEP][PASSED] - setText(findTestObject("Object Repository/BC Iglo/Page_Join Bootcamp at Indocyber  Indocyber/input_JOIN NOW_handphone"), "0812345678"): Text '0812345678' is set on object 'Object Repository/BC Iglo/Page_Join Bootcamp at Indocyber  Indocyber/input_JOIN NOW_handphone'

03-04-2024T10:56:19 - [MESSAGE][PASSED] - Text '0812345678' is set on object 'Object Repository/BC Iglo/Page_Join Bootcamp at Indocyber  Indocyber/input_JOIN NOW_handphone'

03-04-2024T10:56:19 - [TEST_STEP][PASSED] - click(findTestObject("Object Repository/BC Iglo/Page_Join Bootcamp at Indocyber  Indocyber/div_OracleSQL Server.NETJavaMagicJOIN NOWRe_425abe")): Object: 'Object Repository/BC Iglo/Page_Join Bootcamp at Indocyber  Indocyber/div_OracleSQL Server.NETJavaMagicJOIN NOWRe_425abe' is clicked on

03-04-2024T10:56:19 - [MESSAGE][PASSED] - Object: 'Object Repository/BC Iglo/Page_Join Bootcamp at Indocyber  Indocyber/div_OracleSQL Server.NETJavaMagicJOIN NOWRe_425abe' is clicked on

03-04-2024T10:56:19 - [TEST_STEP][PASSED] - closeBrowser(): Browser is closed

03-04-2024T10:56:20 - [MESSAGE][PASSED] - Browser is closed]]></system-out>
         <system-err><![CDATA[]]></system-err>
      </testcase>
      <system-out><![CDATA[03-04-2024T10:56:09 - [TEST_SUITE][PASSED] - BC Iglo: Test Cases/BC Iglo]]></system-out>
      <system-err><![CDATA[]]></system-err>
   </testsuite>
   <testsuite name="Search Iglo" tests="1" failures="0" errors="0" time="9.818" skipped="0" timestamp="03-04-2024T10:56:37" hostname="1901 - LAPTOP-LLV8UN8R.mshome.net" id="Test Suites/Search Iglo">
      <properties>
         <property name="deviceName" value=""/>
         <property name="devicePlatform" value=""/>
         <property name="logFolder" value="C:\\Users\\1901\\git\\Schedule-test-katalon\\Reports\\20240403_105214\\Search Iglo\\20240403_105228"/>
         <property name="logFiles" value="C:\\Users\\1901\\git\\Schedule-test-katalon\\Reports\\20240403_105214\\Search Iglo\\20240403_105228\\execution0.log"/>
         <property name="attachments" value="keyes\keyes-2.png"/>
         <property name="hostName" value="1901 - LAPTOP-LLV8UN8R.mshome.net"/>
         <property name="os" value="Windows 11 64bit"/>
         <property name="katalonVersion" value="9.3.2.212"/>
         <property name="browser" value="Chrome 123.0.0.0"/>
         <property name="hostAddress" value="192.168.137.1"/>
         <property name="sessionId" value="95e2310f875ef265002f7680354adb29"/>
         <property name="seleniumVersion" value="3.141.59"/>
         <property name="proxyInformation" value="ProxyInformation { proxyOption=NO_PROXY, proxyServerType=HTTP, username=, password=********, proxyServerAddress=, proxyServerPort=0, executionList=&quot;&quot;, isApplyToDesiredCapabilities=true }"/>
         <property name="platform" value="Windows 11"/>
      </properties>
      <testcase name="Test Cases/Search Indocyber" time="9.619" classname="Test Cases/Search Indocyber" status="PASSED">
         <system-out><![CDATA[03-04-2024T10:56:37 - [TEST_CASE][PASSED] - Test Cases/Search Indocyber: Test Cases/Search Indocyber

03-04-2024T10:56:37 - [TEST_STEP][PASSED] - openBrowser(""): Browser is opened with url: ''

03-04-2024T10:56:38 - [MESSAGE][INFO] - Starting 'Chrome' driver

03-04-2024T10:56:38 - [MESSAGE][INFO] - Action delay is set to 0 milliseconds

03-04-2024T10:56:39 - [MESSAGE][PASSED] - Browser is opened with url: ''

03-04-2024T10:56:39 - [TEST_STEP][PASSED] - navigateToUrl("https://www.google.com/"): Navigate to 'https://www.google.com/' successfully

03-04-2024T10:56:41 - [MESSAGE][PASSED] - Navigate to 'https://www.google.com/' successfully

03-04-2024T10:56:41 - [TEST_STEP][PASSED] - setText(findTestObject("Object Repository/Search Iglo/Page_Google/textarea_Login_q"), "indocyber"): Text 'indocyber' is set on object 'Object Repository/Search Iglo/Page_Google/textarea_Login_q'

03-04-2024T10:56:41 - [MESSAGE][PASSED] - Text 'indocyber' is set on object 'Object Repository/Search Iglo/Page_Google/textarea_Login_q'

03-04-2024T10:56:41 - [TEST_STEP][PASSED] - click(findTestObject("Object Repository/Search Iglo/Page_Google/span_Indocyber Global Teknologi")): Object: 'Object Repository/Search Iglo/Page_Google/span_Indocyber Global Teknologi' is clicked on

03-04-2024T10:56:42 - [MESSAGE][PASSED] - Object: 'Object Repository/Search Iglo/Page_Google/span_Indocyber Global Teknologi' is clicked on

03-04-2024T10:56:42 - [TEST_STEP][PASSED] - takeScreenshotAsCheckpoint("2"): Taking screenshot successfully

03-04-2024T10:56:45 - [MESSAGE][INFO] - 0 hidden object(s)

03-04-2024T10:56:45 - [MESSAGE][PASSED] - Taking screenshot successfully
[[ATTACHMENT|keyes\keyes-2.png]]

03-04-2024T10:56:45 - [TEST_STEP][PASSED] - click(findTestObject("Object Repository/Search Iglo/Page_indocyber global teknologi - Penelusur_63e8c8/h3_Indocyber Home")): Object: 'Object Repository/Search Iglo/Page_indocyber global teknologi - Penelusur_63e8c8/h3_Indocyber Home' is clicked on

03-04-2024T10:56:46 - [MESSAGE][PASSED] - Object: 'Object Repository/Search Iglo/Page_indocyber global teknologi - Penelusur_63e8c8/h3_Indocyber Home' is clicked on

03-04-2024T10:56:46 - [TEST_STEP][PASSED] - closeBrowser(): Browser is closed

03-04-2024T10:56:46 - [MESSAGE][PASSED] - Browser is closed]]></system-out>
         <system-err><![CDATA[]]></system-err>
      </testcase>
      <system-out><![CDATA[03-04-2024T10:56:37 - [TEST_SUITE][PASSED] - Search Iglo: Test Cases/Search Indocyber]]></system-out>
      <system-err><![CDATA[]]></system-err>
   </testsuite>
   <testsuite name="Search Tanjung duren" tests="1" failures="0" errors="0" time="11.809" skipped="0" timestamp="03-04-2024T10:56:58" hostname="1901 - LAPTOP-LLV8UN8R.mshome.net" id="Test Suites/Search Tanjung duren">
      <properties>
         <property name="deviceName" value=""/>
         <property name="devicePlatform" value=""/>
         <property name="logFolder" value="C:\\Users\\1901\\git\\Schedule-test-katalon\\Reports\\20240403_105214\\Search Tanjung duren\\20240403_105230"/>
         <property name="logFiles" value="C:\\Users\\1901\\git\\Schedule-test-katalon\\Reports\\20240403_105214\\Search Tanjung duren\\20240403_105230\\execution0.log"/>
         <property name="attachments" value="keyes\keyes-3.png"/>
         <property name="hostName" value="1901 - LAPTOP-LLV8UN8R.mshome.net"/>
         <property name="os" value="Windows 11 64bit"/>
         <property name="katalonVersion" value="9.3.2.212"/>
         <property name="browser" value="Chrome 123.0.0.0"/>
         <property name="hostAddress" value="192.168.137.1"/>
         <property name="sessionId" value="55647d8a6e77b3830fe6a69a60bb8697"/>
         <property name="seleniumVersion" value="3.141.59"/>
         <property name="proxyInformation" value="ProxyInformation { proxyOption=NO_PROXY, proxyServerType=HTTP, username=, password=********, proxyServerAddress=, proxyServerPort=0, executionList=&quot;&quot;, isApplyToDesiredCapabilities=true }"/>
         <property name="platform" value="Windows 11"/>
      </properties>
      <testcase name="Test Cases/Search Tanjung Duren" time="11.606" classname="Test Cases/Search Tanjung Duren" status="PASSED">
         <system-out><![CDATA[03-04-2024T10:56:59 - [TEST_CASE][PASSED] - Test Cases/Search Tanjung Duren: Test Cases/Search Tanjung Duren

03-04-2024T10:56:59 - [TEST_STEP][PASSED] - openBrowser(""): Browser is opened with url: ''

03-04-2024T10:56:59 - [MESSAGE][INFO] - Starting 'Chrome' driver

03-04-2024T10:56:59 - [MESSAGE][INFO] - Action delay is set to 0 milliseconds

03-04-2024T10:57:01 - [MESSAGE][PASSED] - Browser is opened with url: ''

03-04-2024T10:57:01 - [TEST_STEP][PASSED] - navigateToUrl("https://www.google.com/"): Navigate to 'https://www.google.com/' successfully

03-04-2024T10:57:02 - [MESSAGE][PASSED] - Navigate to 'https://www.google.com/' successfully

03-04-2024T10:57:02 - [TEST_STEP][PASSED] - setText(findTestObject("Object Repository/Search Tanjung duren/Page_Google/textarea_Login_q"), "tanjung duren"): Text 'tanjung duren' is set on object 'Object Repository/Search Tanjung duren/Page_Google/textarea_Login_q'

03-04-2024T10:57:03 - [MESSAGE][PASSED] - Text 'tanjung duren' is set on object 'Object Repository/Search Tanjung duren/Page_Google/textarea_Login_q'

03-04-2024T10:57:03 - [TEST_STEP][PASSED] - click(findTestObject("Object Repository/Search Tanjung duren/Page_Google/span_Tanjung Duren Utara")): Object: 'Object Repository/Search Tanjung duren/Page_Google/span_Tanjung Duren Utara' is clicked on

03-04-2024T10:57:04 - [MESSAGE][PASSED] - Object: 'Object Repository/Search Tanjung duren/Page_Google/span_Tanjung Duren Utara' is clicked on

03-04-2024T10:57:04 - [TEST_STEP][PASSED] - click(findTestObject("Object Repository/Search Tanjung duren/Page_tanjung duren - Penelusuran Google/h3_Tanjung Duren Utara, Grogol Petamburan, _9c911c")): Object: 'Object Repository/Search Tanjung duren/Page_tanjung duren - Penelusuran Google/h3_Tanjung Duren Utara, Grogol Petamburan, _9c911c' is clicked on

03-04-2024T10:57:09 - [MESSAGE][PASSED] - Object: 'Object Repository/Search Tanjung duren/Page_tanjung duren - Penelusuran Google/h3_Tanjung Duren Utara, Grogol Petamburan, _9c911c' is clicked on

03-04-2024T10:57:09 - [TEST_STEP][PASSED] - takeScreenshotAsCheckpoint("3"): Taking screenshot successfully

03-04-2024T10:57:10 - [MESSAGE][INFO] - 0 hidden object(s)

03-04-2024T10:57:10 - [MESSAGE][PASSED] - Taking screenshot successfully
[[ATTACHMENT|keyes\keyes-3.png]]

03-04-2024T10:57:10 - [TEST_STEP][PASSED] - closeBrowser(): Browser is closed

03-04-2024T10:57:10 - [MESSAGE][PASSED] - Browser is closed]]></system-out>
         <system-err><![CDATA[]]></system-err>
      </testcase>
      <system-out><![CDATA[03-04-2024T10:56:58 - [TEST_SUITE][PASSED] - Search Tanjung duren: Test Cases/Search Tanjung Duren]]></system-out>
      <system-err><![CDATA[]]></system-err>
   </testsuite>
   <testsuite name="web iglo" tests="1" failures="0" errors="0" time="8.144" skipped="0" timestamp="03-04-2024T10:57:22" hostname="1901 - LAPTOP-LLV8UN8R.mshome.net" id="Test Suites/web iglo">
      <properties>
         <property name="deviceName" value=""/>
         <property name="devicePlatform" value=""/>
         <property name="logFolder" value="C:\\Users\\1901\\git\\Schedule-test-katalon\\Reports\\20240403_105214\\web iglo\\20240403_105232"/>
         <property name="logFiles" value="C:\\Users\\1901\\git\\Schedule-test-katalon\\Reports\\20240403_105214\\web iglo\\20240403_105232\\execution0.log"/>
         <property name="attachments" value="keyes\keyes-1.png"/>
         <property name="hostName" value="1901 - LAPTOP-LLV8UN8R.mshome.net"/>
         <property name="os" value="Windows 11 64bit"/>
         <property name="katalonVersion" value="9.3.2.212"/>
         <property name="browser" value="Chrome 123.0.0.0"/>
         <property name="hostAddress" value="192.168.137.1"/>
         <property name="sessionId" value="f1ba36937e2cb18780f5e071d0ca487c"/>
         <property name="seleniumVersion" value="3.141.59"/>
         <property name="proxyInformation" value="ProxyInformation { proxyOption=NO_PROXY, proxyServerType=HTTP, username=, password=********, proxyServerAddress=, proxyServerPort=0, executionList=&quot;&quot;, isApplyToDesiredCapabilities=true }"/>
         <property name="platform" value="Windows 11"/>
      </properties>
      <testcase name="Test Cases/Web Iglo" time="7.941" classname="Test Cases/Web Iglo" status="PASSED">
         <system-out><![CDATA[03-04-2024T10:57:22 - [TEST_CASE][PASSED] - Test Cases/Web Iglo: Test Cases/Web Iglo

03-04-2024T10:57:23 - [TEST_STEP][PASSED] - openBrowser(""): Browser is opened with url: ''

03-04-2024T10:57:23 - [MESSAGE][INFO] - Starting 'Chrome' driver

03-04-2024T10:57:23 - [MESSAGE][INFO] - Action delay is set to 0 milliseconds

03-04-2024T10:57:24 - [MESSAGE][PASSED] - Browser is opened with url: ''

03-04-2024T10:57:24 - [TEST_STEP][PASSED] - navigateToUrl("https://www.indocyber.co.id/"): Navigate to 'https://www.indocyber.co.id/' successfully

03-04-2024T10:57:25 - [MESSAGE][PASSED] - Navigate to 'https://www.indocyber.co.id/' successfully

03-04-2024T10:57:25 - [TEST_STEP][PASSED] - click(findTestObject("Object Repository/contact_us/Page_Home  Indocyber/a_Contact Us")): Object: 'Object Repository/contact_us/Page_Home  Indocyber/a_Contact Us' is clicked on

03-04-2024T10:57:26 - [MESSAGE][PASSED] - Object: 'Object Repository/contact_us/Page_Home  Indocyber/a_Contact Us' is clicked on

03-04-2024T10:57:26 - [TEST_STEP][PASSED] - setText(findTestObject("Object Repository/contact_us/Page_Contact Us  Indocyber/input_What can we do for you_name"), "Faraz Septarian"): Text 'Faraz Septarian' is set on object 'Object Repository/contact_us/Page_Contact Us  Indocyber/input_What can we do for you_name'

03-04-2024T10:57:29 - [MESSAGE][PASSED] - Text 'Faraz Septarian' is set on object 'Object Repository/contact_us/Page_Contact Us  Indocyber/input_What can we do for you_name'

03-04-2024T10:57:29 - [TEST_STEP][PASSED] - setText(findTestObject("Object Repository/contact_us/Page_Contact Us  Indocyber/input_What can we do for you_email"), "faraz.nugroho@indocyber.id"): Text 'faraz.nugroho@indocyber.id' is set on object 'Object Repository/contact_us/Page_Contact Us  Indocyber/input_What can we do for you_email'

03-04-2024T10:57:29 - [MESSAGE][PASSED] - Text 'faraz.nugroho@indocyber.id' is set on object 'Object Repository/contact_us/Page_Contact Us  Indocyber/input_What can we do for you_email'

03-04-2024T10:57:29 - [TEST_STEP][PASSED] - takeScreenshotAsCheckpoint("1"): Taking screenshot successfully

03-04-2024T10:57:30 - [MESSAGE][INFO] - 0 hidden object(s)

03-04-2024T10:57:30 - [MESSAGE][PASSED] - Taking screenshot successfully
[[ATTACHMENT|keyes\keyes-1.png]]

03-04-2024T10:57:30 - [TEST_STEP][PASSED] - closeBrowser(): Browser is closed

03-04-2024T10:57:30 - [MESSAGE][PASSED] - Browser is closed]]></system-out>
         <system-err><![CDATA[]]></system-err>
      </testcase>
      <system-out><![CDATA[03-04-2024T10:57:22 - [TEST_SUITE][PASSED] - web iglo: Test Cases/Web Iglo]]></system-out>
      <system-err><![CDATA[]]></system-err>
   </testsuite>
   <testsuite name="youtube" tests="1" failures="0" errors="0" time="11.095" skipped="0" timestamp="03-04-2024T10:57:43" hostname="1901 - LAPTOP-LLV8UN8R.mshome.net" id="Test Suites/youtube">
      <properties>
         <property name="deviceName" value=""/>
         <property name="devicePlatform" value=""/>
         <property name="logFolder" value="C:\\Users\\1901\\git\\Schedule-test-katalon\\Reports\\20240403_105214\\youtube\\20240403_105234"/>
         <property name="logFiles" value="C:\\Users\\1901\\git\\Schedule-test-katalon\\Reports\\20240403_105214\\youtube\\20240403_105234\\execution0.log"/>
         <property name="attachments" value=""/>
         <property name="hostName" value="1901 - LAPTOP-LLV8UN8R.mshome.net"/>
         <property name="os" value="Windows 11 64bit"/>
         <property name="katalonVersion" value="9.3.2.212"/>
         <property name="browser" value="Chrome 123.0.0.0"/>
         <property name="hostAddress" value="192.168.137.1"/>
         <property name="sessionId" value="0fefb3b432b2f71d69e2950976e7bd0c"/>
         <property name="seleniumVersion" value="3.141.59"/>
         <property name="proxyInformation" value="ProxyInformation { proxyOption=NO_PROXY, proxyServerType=HTTP, username=, password=********, proxyServerAddress=, proxyServerPort=0, executionList=&quot;&quot;, isApplyToDesiredCapabilities=true }"/>
         <property name="platform" value="Windows 11"/>
      </properties>
      <testcase name="Test Cases/open youtube" time="10.885" classname="Test Cases/open youtube" status="PASSED">
         <system-out><![CDATA[03-04-2024T10:57:43 - [TEST_CASE][PASSED] - Test Cases/open youtube: Test Cases/open youtube

03-04-2024T10:57:43 - [TEST_STEP][PASSED] - openBrowser(""): Browser is opened with url: ''

03-04-2024T10:57:44 - [MESSAGE][INFO] - Starting 'Chrome' driver

03-04-2024T10:57:44 - [MESSAGE][INFO] - Action delay is set to 0 milliseconds

03-04-2024T10:57:46 - [MESSAGE][PASSED] - Browser is opened with url: ''

03-04-2024T10:57:46 - [TEST_STEP][PASSED] - navigateToUrl("https://www.youtube.com/?themeRefresh=1"): Navigate to 'https://www.youtube.com/?themeRefresh=1' successfully

03-04-2024T10:57:48 - [MESSAGE][PASSED] - Navigate to 'https://www.youtube.com/?themeRefresh=1' successfully

03-04-2024T10:57:48 - [TEST_STEP][PASSED] - setText(findTestObject("Object Repository/search youtube/Page_YouTube/input_Skip navigation_search_query"), "katalon schedule test"): Text 'katalon schedule test' is set on object 'Object Repository/search youtube/Page_YouTube/input_Skip navigation_search_query'

03-04-2024T10:57:51 - [MESSAGE][PASSED] - Text 'katalon schedule test' is set on object 'Object Repository/search youtube/Page_YouTube/input_Skip navigation_search_query'

03-04-2024T10:57:51 - [TEST_STEP][PASSED] - click(findTestObject("Object Repository/search youtube/Page_YouTube/div")): Object: 'Object Repository/search youtube/Page_YouTube/div' is clicked on

03-04-2024T10:57:53 - [MESSAGE][PASSED] - Object: 'Object Repository/search youtube/Page_YouTube/div' is clicked on

03-04-2024T10:57:53 - [TEST_STEP][PASSED] - closeBrowser(): Browser is closed

03-04-2024T10:57:54 - [MESSAGE][PASSED] - Browser is closed]]></system-out>
         <system-err><![CDATA[]]></system-err>
      </testcase>
      <system-out><![CDATA[03-04-2024T10:57:43 - [TEST_SUITE][PASSED] - youtube: Test Cases/open youtube]]></system-out>
      <system-err><![CDATA[]]></system-err>
   </testsuite>
   <testsuite name="BC Iglo" tests="1" failures="0" errors="0" time="10.024" skipped="0" timestamp="03-04-2024T10:58:07" hostname="1901 - LAPTOP-LLV8UN8R.mshome.net" id="Test Suites/BC Iglo">
      <properties>
         <property name="deviceName" value=""/>
         <property name="devicePlatform" value=""/>
         <property name="logFolder" value="C:\\Users\\1901\\git\\Schedule-test-katalon\\Reports\\20240403_105214\\BC Iglo\\20240403_105236"/>
         <property name="logFiles" value="C:\\Users\\1901\\git\\Schedule-test-katalon\\Reports\\20240403_105214\\BC Iglo\\20240403_105236\\execution0.log"/>
         <property name="attachments" value=""/>
         <property name="hostName" value="1901 - LAPTOP-LLV8UN8R.mshome.net"/>
         <property name="os" value="Windows 11 64bit"/>
         <property name="katalonVersion" value="9.3.2.212"/>
         <property name="browser" value="Chrome 123.0.0.0"/>
         <property name="hostAddress" value="192.168.137.1"/>
         <property name="sessionId" value="9eab5fa0b9ceb9063869761f8751fcc2"/>
         <property name="seleniumVersion" value="3.141.59"/>
         <property name="proxyInformation" value="ProxyInformation { proxyOption=NO_PROXY, proxyServerType=HTTP, username=, password=********, proxyServerAddress=, proxyServerPort=0, executionList=&quot;&quot;, isApplyToDesiredCapabilities=true }"/>
         <property name="platform" value="Windows 11"/>
      </properties>
      <testcase name="Test Cases/BC Iglo" time="9.817" classname="Test Cases/BC Iglo" status="PASSED">
         <system-out><![CDATA[03-04-2024T10:58:07 - [TEST_CASE][PASSED] - Test Cases/BC Iglo: Test Cases/BC Iglo

03-04-2024T10:58:07 - [TEST_STEP][PASSED] - openBrowser(""): Browser is opened with url: ''

03-04-2024T10:58:07 - [MESSAGE][INFO] - Starting 'Chrome' driver

03-04-2024T10:58:08 - [MESSAGE][INFO] - Action delay is set to 0 milliseconds

03-04-2024T10:58:09 - [MESSAGE][PASSED] - Browser is opened with url: ''

03-04-2024T10:58:09 - [TEST_STEP][PASSED] - navigateToUrl("https://www.indocyber.co.id/"): Navigate to 'https://www.indocyber.co.id/' successfully

03-04-2024T10:58:10 - [MESSAGE][PASSED] - Navigate to 'https://www.indocyber.co.id/' successfully

03-04-2024T10:58:10 - [TEST_STEP][PASSED] - click(findTestObject("Object Repository/BC Iglo/Page_Home  Indocyber/a_Bootcamp")): Object: 'Object Repository/BC Iglo/Page_Home  Indocyber/a_Bootcamp' is clicked on

03-04-2024T10:58:12 - [MESSAGE][PASSED] - Object: 'Object Repository/BC Iglo/Page_Home  Indocyber/a_Bootcamp' is clicked on

03-04-2024T10:58:12 - [TEST_STEP][PASSED] - click(findTestObject("Object Repository/BC Iglo/Page_Join Bootcamp at Indocyber  Indocyber/button_Apply Now")): Object: 'Object Repository/BC Iglo/Page_Join Bootcamp at Indocyber  Indocyber/button_Apply Now' is clicked on

03-04-2024T10:58:14 - [MESSAGE][PASSED] - Object: 'Object Repository/BC Iglo/Page_Join Bootcamp at Indocyber  Indocyber/button_Apply Now' is clicked on

03-04-2024T10:58:14 - [TEST_STEP][PASSED] - setText(findTestObject("Object Repository/BC Iglo/Page_Join Bootcamp at Indocyber  Indocyber/input_JOIN NOW_name"), "Faraz Septarian Adi Nugroho"): Text 'Faraz Septarian Adi Nugroho' is set on object 'Object Repository/BC Iglo/Page_Join Bootcamp at Indocyber  Indocyber/input_JOIN NOW_name'

03-04-2024T10:58:15 - [MESSAGE][PASSED] - Text 'Faraz Septarian Adi Nugroho' is set on object 'Object Repository/BC Iglo/Page_Join Bootcamp at Indocyber  Indocyber/input_JOIN NOW_name'

03-04-2024T10:58:15 - [TEST_STEP][PASSED] - setText(findTestObject("Object Repository/BC Iglo/Page_Join Bootcamp at Indocyber  Indocyber/input_JOIN NOW_email"), "faraz.spt@indocyber.id"): Text 'faraz.spt@indocyber.id' is set on object 'Object Repository/BC Iglo/Page_Join Bootcamp at Indocyber  Indocyber/input_JOIN NOW_email'

03-04-2024T10:58:15 - [MESSAGE][PASSED] - Text 'faraz.spt@indocyber.id' is set on object 'Object Repository/BC Iglo/Page_Join Bootcamp at Indocyber  Indocyber/input_JOIN NOW_email'

03-04-2024T10:58:15 - [TEST_STEP][PASSED] - setText(findTestObject("Object Repository/BC Iglo/Page_Join Bootcamp at Indocyber  Indocyber/input_JOIN NOW_handphone"), "0812345678"): Text '0812345678' is set on object 'Object Repository/BC Iglo/Page_Join Bootcamp at Indocyber  Indocyber/input_JOIN NOW_handphone'

03-04-2024T10:58:16 - [MESSAGE][PASSED] - Text '0812345678' is set on object 'Object Repository/BC Iglo/Page_Join Bootcamp at Indocyber  Indocyber/input_JOIN NOW_handphone'

03-04-2024T10:58:16 - [TEST_STEP][PASSED] - click(findTestObject("Object Repository/BC Iglo/Page_Join Bootcamp at Indocyber  Indocyber/div_OracleSQL Server.NETJavaMagicJOIN NOWRe_425abe")): Object: 'Object Repository/BC Iglo/Page_Join Bootcamp at Indocyber  Indocyber/div_OracleSQL Server.NETJavaMagicJOIN NOWRe_425abe' is clicked on

03-04-2024T10:58:16 - [MESSAGE][PASSED] - Object: 'Object Repository/BC Iglo/Page_Join Bootcamp at Indocyber  Indocyber/div_OracleSQL Server.NETJavaMagicJOIN NOWRe_425abe' is clicked on

03-04-2024T10:58:16 - [TEST_STEP][PASSED] - closeBrowser(): Browser is closed

03-04-2024T10:58:17 - [MESSAGE][PASSED] - Browser is closed]]></system-out>
         <system-err><![CDATA[]]></system-err>
      </testcase>
      <system-out><![CDATA[03-04-2024T10:58:07 - [TEST_SUITE][PASSED] - BC Iglo: Test Cases/BC Iglo]]></system-out>
      <system-err><![CDATA[]]></system-err>
   </testsuite>
   <testsuite name="Search Iglo" tests="1" failures="0" errors="0" time="8.891" skipped="0" timestamp="03-04-2024T10:58:28" hostname="1901 - LAPTOP-LLV8UN8R.mshome.net" id="Test Suites/Search Iglo">
      <properties>
         <property name="deviceName" value=""/>
         <property name="devicePlatform" value=""/>
         <property name="logFolder" value="C:\\Users\\1901\\git\\Schedule-test-katalon\\Reports\\20240403_105214\\Search Iglo\\20240403_105238"/>
         <property name="logFiles" value="C:\\Users\\1901\\git\\Schedule-test-katalon\\Reports\\20240403_105214\\Search Iglo\\20240403_105238\\execution0.log"/>
         <property name="attachments" value="keyes\keyes-2.png"/>
         <property name="hostName" value="1901 - LAPTOP-LLV8UN8R.mshome.net"/>
         <property name="os" value="Windows 11 64bit"/>
         <property name="katalonVersion" value="9.3.2.212"/>
         <property name="browser" value="Chrome 123.0.0.0"/>
         <property name="hostAddress" value="192.168.137.1"/>
         <property name="sessionId" value="15466578878587095368a80ae193b5a0"/>
         <property name="seleniumVersion" value="3.141.59"/>
         <property name="proxyInformation" value="ProxyInformation { proxyOption=NO_PROXY, proxyServerType=HTTP, username=, password=********, proxyServerAddress=, proxyServerPort=0, executionList=&quot;&quot;, isApplyToDesiredCapabilities=true }"/>
         <property name="platform" value="Windows 11"/>
      </properties>
      <testcase name="Test Cases/Search Indocyber" time="8.686" classname="Test Cases/Search Indocyber" status="PASSED">
         <system-out><![CDATA[03-04-2024T10:58:29 - [TEST_CASE][PASSED] - Test Cases/Search Indocyber: Test Cases/Search Indocyber

03-04-2024T10:58:29 - [TEST_STEP][PASSED] - openBrowser(""): Browser is opened with url: ''

03-04-2024T10:58:29 - [MESSAGE][INFO] - Starting 'Chrome' driver

03-04-2024T10:58:29 - [MESSAGE][INFO] - Action delay is set to 0 milliseconds

03-04-2024T10:58:31 - [MESSAGE][PASSED] - Browser is opened with url: ''

03-04-2024T10:58:31 - [TEST_STEP][PASSED] - navigateToUrl("https://www.google.com/"): Navigate to 'https://www.google.com/' successfully

03-04-2024T10:58:32 - [MESSAGE][PASSED] - Navigate to 'https://www.google.com/' successfully

03-04-2024T10:58:32 - [TEST_STEP][PASSED] - setText(findTestObject("Object Repository/Search Iglo/Page_Google/textarea_Login_q"), "indocyber"): Text 'indocyber' is set on object 'Object Repository/Search Iglo/Page_Google/textarea_Login_q'

03-04-2024T10:58:33 - [MESSAGE][PASSED] - Text 'indocyber' is set on object 'Object Repository/Search Iglo/Page_Google/textarea_Login_q'

03-04-2024T10:58:33 - [TEST_STEP][PASSED] - click(findTestObject("Object Repository/Search Iglo/Page_Google/span_Indocyber Global Teknologi")): Object: 'Object Repository/Search Iglo/Page_Google/span_Indocyber Global Teknologi' is clicked on

03-04-2024T10:58:34 - [MESSAGE][PASSED] - Object: 'Object Repository/Search Iglo/Page_Google/span_Indocyber Global Teknologi' is clicked on

03-04-2024T10:58:34 - [TEST_STEP][PASSED] - takeScreenshotAsCheckpoint("2"): Taking screenshot successfully

03-04-2024T10:58:36 - [MESSAGE][INFO] - 0 hidden object(s)

03-04-2024T10:58:37 - [MESSAGE][PASSED] - Taking screenshot successfully
[[ATTACHMENT|keyes\keyes-2.png]]

03-04-2024T10:58:37 - [TEST_STEP][PASSED] - click(findTestObject("Object Repository/Search Iglo/Page_indocyber global teknologi - Penelusur_63e8c8/h3_Indocyber Home")): Object: 'Object Repository/Search Iglo/Page_indocyber global teknologi - Penelusur_63e8c8/h3_Indocyber Home' is clicked on

03-04-2024T10:58:37 - [MESSAGE][PASSED] - Object: 'Object Repository/Search Iglo/Page_indocyber global teknologi - Penelusur_63e8c8/h3_Indocyber Home' is clicked on

03-04-2024T10:58:37 - [TEST_STEP][PASSED] - closeBrowser(): Browser is closed

03-04-2024T10:58:37 - [MESSAGE][PASSED] - Browser is closed]]></system-out>
         <system-err><![CDATA[]]></system-err>
      </testcase>
      <system-out><![CDATA[03-04-2024T10:58:28 - [TEST_SUITE][PASSED] - Search Iglo: Test Cases/Search Indocyber]]></system-out>
      <system-err><![CDATA[]]></system-err>
   </testsuite>
   <testsuite name="Search Tanjung duren" tests="1" failures="0" errors="0" time="10.029" skipped="0" timestamp="03-04-2024T10:58:48" hostname="1901 - LAPTOP-LLV8UN8R.mshome.net" id="Test Suites/Search Tanjung duren">
      <properties>
         <property name="deviceName" value=""/>
         <property name="devicePlatform" value=""/>
         <property name="logFolder" value="C:\\Users\\1901\\git\\Schedule-test-katalon\\Reports\\20240403_105214\\Search Tanjung duren\\20240403_105241"/>
         <property name="logFiles" value="C:\\Users\\1901\\git\\Schedule-test-katalon\\Reports\\20240403_105214\\Search Tanjung duren\\20240403_105241\\execution0.log"/>
         <property name="attachments" value="keyes\keyes-3.png"/>
         <property name="hostName" value="1901 - LAPTOP-LLV8UN8R.mshome.net"/>
         <property name="os" value="Windows 11 64bit"/>
         <property name="katalonVersion" value="9.3.2.212"/>
         <property name="browser" value="Chrome 123.0.0.0"/>
         <property name="hostAddress" value="192.168.137.1"/>
         <property name="sessionId" value="ec59f1cea8939948994fcf4d91e42dbd"/>
         <property name="seleniumVersion" value="3.141.59"/>
         <property name="proxyInformation" value="ProxyInformation { proxyOption=NO_PROXY, proxyServerType=HTTP, username=, password=********, proxyServerAddress=, proxyServerPort=0, executionList=&quot;&quot;, isApplyToDesiredCapabilities=true }"/>
         <property name="platform" value="Windows 11"/>
      </properties>
      <testcase name="Test Cases/Search Tanjung Duren" time="9.829" classname="Test Cases/Search Tanjung Duren" status="PASSED">
         <system-out><![CDATA[03-04-2024T10:58:49 - [TEST_CASE][PASSED] - Test Cases/Search Tanjung Duren: Test Cases/Search Tanjung Duren

03-04-2024T10:58:49 - [TEST_STEP][PASSED] - openBrowser(""): Browser is opened with url: ''

03-04-2024T10:58:49 - [MESSAGE][INFO] - Starting 'Chrome' driver

03-04-2024T10:58:49 - [MESSAGE][INFO] - Action delay is set to 0 milliseconds

03-04-2024T10:58:51 - [MESSAGE][PASSED] - Browser is opened with url: ''

03-04-2024T10:58:51 - [TEST_STEP][PASSED] - navigateToUrl("https://www.google.com/"): Navigate to 'https://www.google.com/' successfully

03-04-2024T10:58:52 - [MESSAGE][PASSED] - Navigate to 'https://www.google.com/' successfully

03-04-2024T10:58:52 - [TEST_STEP][PASSED] - setText(findTestObject("Object Repository/Search Tanjung duren/Page_Google/textarea_Login_q"), "tanjung duren"): Text 'tanjung duren' is set on object 'Object Repository/Search Tanjung duren/Page_Google/textarea_Login_q'

03-04-2024T10:58:53 - [MESSAGE][PASSED] - Text 'tanjung duren' is set on object 'Object Repository/Search Tanjung duren/Page_Google/textarea_Login_q'

03-04-2024T10:58:53 - [TEST_STEP][PASSED] - click(findTestObject("Object Repository/Search Tanjung duren/Page_Google/span_Tanjung Duren Utara")): Object: 'Object Repository/Search Tanjung duren/Page_Google/span_Tanjung Duren Utara' is clicked on

03-04-2024T10:58:53 - [MESSAGE][PASSED] - Object: 'Object Repository/Search Tanjung duren/Page_Google/span_Tanjung Duren Utara' is clicked on

03-04-2024T10:58:53 - [TEST_STEP][PASSED] - click(findTestObject("Object Repository/Search Tanjung duren/Page_tanjung duren - Penelusuran Google/h3_Tanjung Duren Utara, Grogol Petamburan, _9c911c")): Object: 'Object Repository/Search Tanjung duren/Page_tanjung duren - Penelusuran Google/h3_Tanjung Duren Utara, Grogol Petamburan, _9c911c' is clicked on

03-04-2024T10:58:57 - [MESSAGE][PASSED] - Object: 'Object Repository/Search Tanjung duren/Page_tanjung duren - Penelusuran Google/h3_Tanjung Duren Utara, Grogol Petamburan, _9c911c' is clicked on

03-04-2024T10:58:57 - [TEST_STEP][PASSED] - takeScreenshotAsCheckpoint("3"): Taking screenshot successfully

03-04-2024T10:58:58 - [MESSAGE][INFO] - 0 hidden object(s)

03-04-2024T10:58:58 - [MESSAGE][PASSED] - Taking screenshot successfully
[[ATTACHMENT|keyes\keyes-3.png]]

03-04-2024T10:58:58 - [TEST_STEP][PASSED] - closeBrowser(): Browser is closed

03-04-2024T10:58:58 - [MESSAGE][PASSED] - Browser is closed]]></system-out>
         <system-err><![CDATA[]]></system-err>
      </testcase>
      <system-out><![CDATA[03-04-2024T10:58:48 - [TEST_SUITE][PASSED] - Search Tanjung duren: Test Cases/Search Tanjung Duren]]></system-out>
      <system-err><![CDATA[]]></system-err>
   </testsuite>
   <testsuite name="web iglo" tests="1" failures="0" errors="0" time="8.941" skipped="0" timestamp="03-04-2024T10:59:11" hostname="1901 - LAPTOP-LLV8UN8R.mshome.net" id="Test Suites/web iglo">
      <properties>
         <property name="deviceName" value=""/>
         <property name="devicePlatform" value=""/>
         <property name="logFolder" value="C:\\Users\\1901\\git\\Schedule-test-katalon\\Reports\\20240403_105214\\web iglo\\20240403_105243"/>
         <property name="logFiles" value="C:\\Users\\1901\\git\\Schedule-test-katalon\\Reports\\20240403_105214\\web iglo\\20240403_105243\\execution0.log"/>
         <property name="attachments" value="keyes\keyes-1.png"/>
         <property name="hostName" value="1901 - LAPTOP-LLV8UN8R.mshome.net"/>
         <property name="os" value="Windows 11 64bit"/>
         <property name="katalonVersion" value="9.3.2.212"/>
         <property name="browser" value="Chrome 123.0.0.0"/>
         <property name="hostAddress" value="192.168.137.1"/>
         <property name="sessionId" value="77f39c664c51211fde8dbe8fe64648d6"/>
         <property name="seleniumVersion" value="3.141.59"/>
         <property name="proxyInformation" value="ProxyInformation { proxyOption=NO_PROXY, proxyServerType=HTTP, username=, password=********, proxyServerAddress=, proxyServerPort=0, executionList=&quot;&quot;, isApplyToDesiredCapabilities=true }"/>
         <property name="platform" value="Windows 11"/>
      </properties>
      <testcase name="Test Cases/Web Iglo" time="8.743" classname="Test Cases/Web Iglo" status="PASSED">
         <system-out><![CDATA[03-04-2024T10:59:11 - [TEST_CASE][PASSED] - Test Cases/Web Iglo: Test Cases/Web Iglo

03-04-2024T10:59:11 - [TEST_STEP][PASSED] - openBrowser(""): Browser is opened with url: ''

03-04-2024T10:59:12 - [MESSAGE][INFO] - Starting 'Chrome' driver

03-04-2024T10:59:12 - [MESSAGE][INFO] - Action delay is set to 0 milliseconds

03-04-2024T10:59:13 - [MESSAGE][PASSED] - Browser is opened with url: ''

03-04-2024T10:59:13 - [TEST_STEP][PASSED] - navigateToUrl("https://www.indocyber.co.id/"): Navigate to 'https://www.indocyber.co.id/' successfully

03-04-2024T10:59:14 - [MESSAGE][PASSED] - Navigate to 'https://www.indocyber.co.id/' successfully

03-04-2024T10:59:14 - [TEST_STEP][PASSED] - click(findTestObject("Object Repository/contact_us/Page_Home  Indocyber/a_Contact Us")): Object: 'Object Repository/contact_us/Page_Home  Indocyber/a_Contact Us' is clicked on

03-04-2024T10:59:16 - [MESSAGE][PASSED] - Object: 'Object Repository/contact_us/Page_Home  Indocyber/a_Contact Us' is clicked on

03-04-2024T10:59:16 - [TEST_STEP][PASSED] - setText(findTestObject("Object Repository/contact_us/Page_Contact Us  Indocyber/input_What can we do for you_name"), "Faraz Septarian"): Text 'Faraz Septarian' is set on object 'Object Repository/contact_us/Page_Contact Us  Indocyber/input_What can we do for you_name'

03-04-2024T10:59:18 - [MESSAGE][PASSED] - Text 'Faraz Septarian' is set on object 'Object Repository/contact_us/Page_Contact Us  Indocyber/input_What can we do for you_name'

03-04-2024T10:59:18 - [TEST_STEP][PASSED] - setText(findTestObject("Object Repository/contact_us/Page_Contact Us  Indocyber/input_What can we do for you_email"), "faraz.nugroho@indocyber.id"): Text 'faraz.nugroho@indocyber.id' is set on object 'Object Repository/contact_us/Page_Contact Us  Indocyber/input_What can we do for you_email'

03-04-2024T10:59:19 - [MESSAGE][PASSED] - Text 'faraz.nugroho@indocyber.id' is set on object 'Object Repository/contact_us/Page_Contact Us  Indocyber/input_What can we do for you_email'

03-04-2024T10:59:19 - [TEST_STEP][PASSED] - takeScreenshotAsCheckpoint("1"): Taking screenshot successfully

03-04-2024T10:59:19 - [MESSAGE][INFO] - 0 hidden object(s)

03-04-2024T10:59:19 - [MESSAGE][PASSED] - Taking screenshot successfully
[[ATTACHMENT|keyes\keyes-1.png]]

03-04-2024T10:59:19 - [TEST_STEP][PASSED] - closeBrowser(): Browser is closed

03-04-2024T10:59:20 - [MESSAGE][PASSED] - Browser is closed]]></system-out>
         <system-err><![CDATA[]]></system-err>
      </testcase>
      <system-out><![CDATA[03-04-2024T10:59:11 - [TEST_SUITE][PASSED] - web iglo: Test Cases/Web Iglo]]></system-out>
      <system-err><![CDATA[]]></system-err>
   </testsuite>
   <testsuite name="youtube" tests="1" failures="0" errors="0" time="10.776" skipped="0" timestamp="03-04-2024T10:59:31" hostname="1901 - LAPTOP-LLV8UN8R.mshome.net" id="Test Suites/youtube">
      <properties>
         <property name="deviceName" value=""/>
         <property name="devicePlatform" value=""/>
         <property name="logFolder" value="C:\\Users\\1901\\git\\Schedule-test-katalon\\Reports\\20240403_105214\\youtube\\20240403_105245"/>
         <property name="logFiles" value="C:\\Users\\1901\\git\\Schedule-test-katalon\\Reports\\20240403_105214\\youtube\\20240403_105245\\execution0.log"/>
         <property name="attachments" value=""/>
         <property name="hostName" value="1901 - LAPTOP-LLV8UN8R.mshome.net"/>
         <property name="os" value="Windows 11 64bit"/>
         <property name="katalonVersion" value="9.3.2.212"/>
         <property name="browser" value="Chrome 123.0.0.0"/>
         <property name="hostAddress" value="192.168.137.1"/>
         <property name="sessionId" value="f0428fac5376035c847cd181b39cb15e"/>
         <property name="seleniumVersion" value="3.141.59"/>
         <property name="proxyInformation" value="ProxyInformation { proxyOption=NO_PROXY, proxyServerType=HTTP, username=, password=********, proxyServerAddress=, proxyServerPort=0, executionList=&quot;&quot;, isApplyToDesiredCapabilities=true }"/>
         <property name="platform" value="Windows 11"/>
      </properties>
      <testcase name="Test Cases/open youtube" time="10.567" classname="Test Cases/open youtube" status="PASSED">
         <system-out><![CDATA[03-04-2024T10:59:31 - [TEST_CASE][PASSED] - Test Cases/open youtube: Test Cases/open youtube

03-04-2024T10:59:31 - [TEST_STEP][PASSED] - openBrowser(""): Browser is opened with url: ''

03-04-2024T10:59:32 - [MESSAGE][INFO] - Starting 'Chrome' driver

03-04-2024T10:59:32 - [MESSAGE][INFO] - Action delay is set to 0 milliseconds

03-04-2024T10:59:33 - [MESSAGE][PASSED] - Browser is opened with url: ''

03-04-2024T10:59:33 - [TEST_STEP][PASSED] - navigateToUrl("https://www.youtube.com/?themeRefresh=1"): Navigate to 'https://www.youtube.com/?themeRefresh=1' successfully

03-04-2024T10:59:36 - [MESSAGE][PASSED] - Navigate to 'https://www.youtube.com/?themeRefresh=1' successfully

03-04-2024T10:59:36 - [TEST_STEP][PASSED] - setText(findTestObject("Object Repository/search youtube/Page_YouTube/input_Skip navigation_search_query"), "katalon schedule test"): Text 'katalon schedule test' is set on object 'Object Repository/search youtube/Page_YouTube/input_Skip navigation_search_query'

03-04-2024T10:59:39 - [MESSAGE][PASSED] - Text 'katalon schedule test' is set on object 'Object Repository/search youtube/Page_YouTube/input_Skip navigation_search_query'

03-04-2024T10:59:39 - [TEST_STEP][PASSED] - click(findTestObject("Object Repository/search youtube/Page_YouTube/div")): Object: 'Object Repository/search youtube/Page_YouTube/div' is clicked on

03-04-2024T10:59:41 - [MESSAGE][PASSED] - Object: 'Object Repository/search youtube/Page_YouTube/div' is clicked on

03-04-2024T10:59:41 - [TEST_STEP][PASSED] - closeBrowser(): Browser is closed

03-04-2024T10:59:41 - [MESSAGE][PASSED] - Browser is closed]]></system-out>
         <system-err><![CDATA[]]></system-err>
      </testcase>
      <system-out><![CDATA[03-04-2024T10:59:31 - [TEST_SUITE][PASSED] - youtube: Test Cases/open youtube]]></system-out>
      <system-err><![CDATA[]]></system-err>
   </testsuite>
   <testsuite name="BC Iglo" tests="1" failures="0" errors="0" time="9.877" skipped="0" timestamp="03-04-2024T10:59:53" hostname="1901 - LAPTOP-LLV8UN8R.mshome.net" id="Test Suites/BC Iglo">
      <properties>
         <property name="deviceName" value=""/>
         <property name="devicePlatform" value=""/>
         <property name="logFolder" value="C:\\Users\\1901\\git\\Schedule-test-katalon\\Reports\\20240403_105214\\BC Iglo\\20240403_105247"/>
         <property name="logFiles" value="C:\\Users\\1901\\git\\Schedule-test-katalon\\Reports\\20240403_105214\\BC Iglo\\20240403_105247\\execution0.log"/>
         <property name="attachments" value=""/>
         <property name="hostName" value="1901 - LAPTOP-LLV8UN8R.mshome.net"/>
         <property name="os" value="Windows 11 64bit"/>
         <property name="katalonVersion" value="9.3.2.212"/>
         <property name="browser" value="Chrome 123.0.0.0"/>
         <property name="hostAddress" value="192.168.137.1"/>
         <property name="sessionId" value="cd676c428f8d3104e8687ddbbe2bbb8d"/>
         <property name="seleniumVersion" value="3.141.59"/>
         <property name="proxyInformation" value="ProxyInformation { proxyOption=NO_PROXY, proxyServerType=HTTP, username=, password=********, proxyServerAddress=, proxyServerPort=0, executionList=&quot;&quot;, isApplyToDesiredCapabilities=true }"/>
         <property name="platform" value="Windows 11"/>
      </properties>
      <testcase name="Test Cases/BC Iglo" time="9.677" classname="Test Cases/BC Iglo" status="PASSED">
         <system-out><![CDATA[03-04-2024T10:59:53 - [TEST_CASE][PASSED] - Test Cases/BC Iglo: Test Cases/BC Iglo

03-04-2024T10:59:53 - [TEST_STEP][PASSED] - openBrowser(""): Browser is opened with url: ''

03-04-2024T10:59:54 - [MESSAGE][INFO] - Starting 'Chrome' driver

03-04-2024T10:59:54 - [MESSAGE][INFO] - Action delay is set to 0 milliseconds

03-04-2024T10:59:55 - [MESSAGE][PASSED] - Browser is opened with url: ''

03-04-2024T10:59:55 - [TEST_STEP][PASSED] - navigateToUrl("https://www.indocyber.co.id/"): Navigate to 'https://www.indocyber.co.id/' successfully

03-04-2024T10:59:55 - [MESSAGE][PASSED] - Navigate to 'https://www.indocyber.co.id/' successfully

03-04-2024T10:59:55 - [TEST_STEP][PASSED] - click(findTestObject("Object Repository/BC Iglo/Page_Home  Indocyber/a_Bootcamp")): Object: 'Object Repository/BC Iglo/Page_Home  Indocyber/a_Bootcamp' is clicked on

03-04-2024T10:59:58 - [MESSAGE][PASSED] - Object: 'Object Repository/BC Iglo/Page_Home  Indocyber/a_Bootcamp' is clicked on

03-04-2024T10:59:58 - [TEST_STEP][PASSED] - click(findTestObject("Object Repository/BC Iglo/Page_Join Bootcamp at Indocyber  Indocyber/button_Apply Now")): Object: 'Object Repository/BC Iglo/Page_Join Bootcamp at Indocyber  Indocyber/button_Apply Now' is clicked on

03-04-2024T11:00:00 - [MESSAGE][PASSED] - Object: 'Object Repository/BC Iglo/Page_Join Bootcamp at Indocyber  Indocyber/button_Apply Now' is clicked on

03-04-2024T11:00:00 - [TEST_STEP][PASSED] - setText(findTestObject("Object Repository/BC Iglo/Page_Join Bootcamp at Indocyber  Indocyber/input_JOIN NOW_name"), "Faraz Septarian Adi Nugroho"): Text 'Faraz Septarian Adi Nugroho' is set on object 'Object Repository/BC Iglo/Page_Join Bootcamp at Indocyber  Indocyber/input_JOIN NOW_name'

03-04-2024T11:00:01 - [MESSAGE][PASSED] - Text 'Faraz Septarian Adi Nugroho' is set on object 'Object Repository/BC Iglo/Page_Join Bootcamp at Indocyber  Indocyber/input_JOIN NOW_name'

03-04-2024T11:00:01 - [TEST_STEP][PASSED] - setText(findTestObject("Object Repository/BC Iglo/Page_Join Bootcamp at Indocyber  Indocyber/input_JOIN NOW_email"), "faraz.spt@indocyber.id"): Text 'faraz.spt@indocyber.id' is set on object 'Object Repository/BC Iglo/Page_Join Bootcamp at Indocyber  Indocyber/input_JOIN NOW_email'

03-04-2024T11:00:01 - [MESSAGE][PASSED] - Text 'faraz.spt@indocyber.id' is set on object 'Object Repository/BC Iglo/Page_Join Bootcamp at Indocyber  Indocyber/input_JOIN NOW_email'

03-04-2024T11:00:01 - [TEST_STEP][PASSED] - setText(findTestObject("Object Repository/BC Iglo/Page_Join Bootcamp at Indocyber  Indocyber/input_JOIN NOW_handphone"), "0812345678"): Text '0812345678' is set on object 'Object Repository/BC Iglo/Page_Join Bootcamp at Indocyber  Indocyber/input_JOIN NOW_handphone'

03-04-2024T11:00:02 - [MESSAGE][PASSED] - Text '0812345678' is set on object 'Object Repository/BC Iglo/Page_Join Bootcamp at Indocyber  Indocyber/input_JOIN NOW_handphone'

03-04-2024T11:00:02 - [TEST_STEP][PASSED] - click(findTestObject("Object Repository/BC Iglo/Page_Join Bootcamp at Indocyber  Indocyber/div_OracleSQL Server.NETJavaMagicJOIN NOWRe_425abe")): Object: 'Object Repository/BC Iglo/Page_Join Bootcamp at Indocyber  Indocyber/div_OracleSQL Server.NETJavaMagicJOIN NOWRe_425abe' is clicked on

03-04-2024T11:00:02 - [MESSAGE][PASSED] - Object: 'Object Repository/BC Iglo/Page_Join Bootcamp at Indocyber  Indocyber/div_OracleSQL Server.NETJavaMagicJOIN NOWRe_425abe' is clicked on

03-04-2024T11:00:02 - [TEST_STEP][PASSED] - closeBrowser(): Browser is closed

03-04-2024T11:00:03 - [MESSAGE][PASSED] - Browser is closed]]></system-out>
         <system-err><![CDATA[]]></system-err>
      </testcase>
      <system-out><![CDATA[03-04-2024T10:59:53 - [TEST_SUITE][PASSED] - BC Iglo: Test Cases/BC Iglo]]></system-out>
      <system-err><![CDATA[]]></system-err>
   </testsuite>
   <testsuite name="Search Iglo" tests="1" failures="0" errors="0" time="10.646" skipped="0" timestamp="03-04-2024T11:00:15" hostname="1901 - LAPTOP-LLV8UN8R.mshome.net" id="Test Suites/Search Iglo">
      <properties>
         <property name="deviceName" value=""/>
         <property name="devicePlatform" value=""/>
         <property name="logFolder" value="C:\\Users\\1901\\git\\Schedule-test-katalon\\Reports\\20240403_105214\\Search Iglo\\20240403_105249"/>
         <property name="logFiles" value="C:\\Users\\1901\\git\\Schedule-test-katalon\\Reports\\20240403_105214\\Search Iglo\\20240403_105249\\execution0.log"/>
         <property name="attachments" value="keyes\keyes-2.png"/>
         <property name="hostName" value="1901 - LAPTOP-LLV8UN8R.mshome.net"/>
         <property name="os" value="Windows 11 64bit"/>
         <property name="katalonVersion" value="9.3.2.212"/>
         <property name="browser" value="Chrome 123.0.0.0"/>
         <property name="hostAddress" value="192.168.137.1"/>
         <property name="sessionId" value="85d36328eb84f9268f11eee3d73e2f21"/>
         <property name="seleniumVersion" value="3.141.59"/>
         <property name="proxyInformation" value="ProxyInformation { proxyOption=NO_PROXY, proxyServerType=HTTP, username=, password=********, proxyServerAddress=, proxyServerPort=0, executionList=&quot;&quot;, isApplyToDesiredCapabilities=true }"/>
         <property name="platform" value="Windows 11"/>
      </properties>
      <testcase name="Test Cases/Search Indocyber" time="10.448" classname="Test Cases/Search Indocyber" status="PASSED">
         <system-out><![CDATA[03-04-2024T11:00:15 - [TEST_CASE][PASSED] - Test Cases/Search Indocyber: Test Cases/Search Indocyber

03-04-2024T11:00:16 - [TEST_STEP][PASSED] - openBrowser(""): Browser is opened with url: ''

03-04-2024T11:00:16 - [MESSAGE][INFO] - Starting 'Chrome' driver

03-04-2024T11:00:16 - [MESSAGE][INFO] - Action delay is set to 0 milliseconds

03-04-2024T11:00:18 - [MESSAGE][PASSED] - Browser is opened with url: ''

03-04-2024T11:00:18 - [TEST_STEP][PASSED] - navigateToUrl("https://www.google.com/"): Navigate to 'https://www.google.com/' successfully

03-04-2024T11:00:21 - [MESSAGE][PASSED] - Navigate to 'https://www.google.com/' successfully

03-04-2024T11:00:21 - [TEST_STEP][PASSED] - setText(findTestObject("Object Repository/Search Iglo/Page_Google/textarea_Login_q"), "indocyber"): Text 'indocyber' is set on object 'Object Repository/Search Iglo/Page_Google/textarea_Login_q'

03-04-2024T11:00:21 - [MESSAGE][PASSED] - Text 'indocyber' is set on object 'Object Repository/Search Iglo/Page_Google/textarea_Login_q'

03-04-2024T11:00:21 - [TEST_STEP][PASSED] - click(findTestObject("Object Repository/Search Iglo/Page_Google/span_Indocyber Global Teknologi")): Object: 'Object Repository/Search Iglo/Page_Google/span_Indocyber Global Teknologi' is clicked on

03-04-2024T11:00:22 - [MESSAGE][PASSED] - Object: 'Object Repository/Search Iglo/Page_Google/span_Indocyber Global Teknologi' is clicked on

03-04-2024T11:00:22 - [TEST_STEP][PASSED] - takeScreenshotAsCheckpoint("2"): Taking screenshot successfully

03-04-2024T11:00:25 - [MESSAGE][INFO] - 0 hidden object(s)

03-04-2024T11:00:25 - [MESSAGE][PASSED] - Taking screenshot successfully
[[ATTACHMENT|keyes\keyes-2.png]]

03-04-2024T11:00:25 - [TEST_STEP][PASSED] - click(findTestObject("Object Repository/Search Iglo/Page_indocyber global teknologi - Penelusur_63e8c8/h3_Indocyber Home")): Object: 'Object Repository/Search Iglo/Page_indocyber global teknologi - Penelusur_63e8c8/h3_Indocyber Home' is clicked on

03-04-2024T11:00:26 - [MESSAGE][PASSED] - Object: 'Object Repository/Search Iglo/Page_indocyber global teknologi - Penelusur_63e8c8/h3_Indocyber Home' is clicked on

03-04-2024T11:00:26 - [TEST_STEP][PASSED] - closeBrowser(): Browser is closed

03-04-2024T11:00:26 - [MESSAGE][PASSED] - Browser is closed]]></system-out>
         <system-err><![CDATA[]]></system-err>
      </testcase>
      <system-out><![CDATA[03-04-2024T11:00:15 - [TEST_SUITE][PASSED] - Search Iglo: Test Cases/Search Indocyber]]></system-out>
      <system-err><![CDATA[]]></system-err>
   </testsuite>
   <testsuite name="web iglo" tests="1" failures="0" errors="0" time="8.734" skipped="0" timestamp="03-04-2024T11:00:38" hostname="1901 - LAPTOP-LLV8UN8R.mshome.net" id="Test Suites/web iglo">
      <properties>
         <property name="deviceName" value=""/>
         <property name="devicePlatform" value=""/>
         <property name="logFolder" value="C:\\Users\\1901\\git\\Schedule-test-katalon\\Reports\\20240403_105214\\web iglo\\20240403_105251"/>
         <property name="logFiles" value="C:\\Users\\1901\\git\\Schedule-test-katalon\\Reports\\20240403_105214\\web iglo\\20240403_105251\\execution0.log"/>
         <property name="attachments" value="keyes\keyes-1.png"/>
         <property name="hostName" value="1901 - LAPTOP-LLV8UN8R.mshome.net"/>
         <property name="os" value="Windows 11 64bit"/>
         <property name="katalonVersion" value="9.3.2.212"/>
         <property name="browser" value="Chrome 123.0.0.0"/>
         <property name="hostAddress" value="192.168.137.1"/>
         <property name="sessionId" value="d76b0e88c7a196f27e690a3dd6befaec"/>
         <property name="seleniumVersion" value="3.141.59"/>
         <property name="proxyInformation" value="ProxyInformation { proxyOption=NO_PROXY, proxyServerType=HTTP, username=, password=********, proxyServerAddress=, proxyServerPort=0, executionList=&quot;&quot;, isApplyToDesiredCapabilities=true }"/>
         <property name="platform" value="Windows 11"/>
      </properties>
      <testcase name="Test Cases/Web Iglo" time="8.51" classname="Test Cases/Web Iglo" status="PASSED">
         <system-out><![CDATA[03-04-2024T11:00:38 - [TEST_CASE][PASSED] - Test Cases/Web Iglo: Test Cases/Web Iglo

03-04-2024T11:00:38 - [TEST_STEP][PASSED] - openBrowser(""): Browser is opened with url: ''

03-04-2024T11:00:39 - [MESSAGE][INFO] - Starting 'Chrome' driver

03-04-2024T11:00:39 - [MESSAGE][INFO] - Action delay is set to 0 milliseconds

03-04-2024T11:00:40 - [MESSAGE][PASSED] - Browser is opened with url: ''

03-04-2024T11:00:40 - [TEST_STEP][PASSED] - navigateToUrl("https://www.indocyber.co.id/"): Navigate to 'https://www.indocyber.co.id/' successfully

03-04-2024T11:00:40 - [MESSAGE][PASSED] - Navigate to 'https://www.indocyber.co.id/' successfully

03-04-2024T11:00:40 - [TEST_STEP][PASSED] - click(findTestObject("Object Repository/contact_us/Page_Home  Indocyber/a_Contact Us")): Object: 'Object Repository/contact_us/Page_Home  Indocyber/a_Contact Us' is clicked on

03-04-2024T11:00:42 - [MESSAGE][PASSED] - Object: 'Object Repository/contact_us/Page_Home  Indocyber/a_Contact Us' is clicked on

03-04-2024T11:00:42 - [TEST_STEP][PASSED] - setText(findTestObject("Object Repository/contact_us/Page_Contact Us  Indocyber/input_What can we do for you_name"), "Faraz Septarian"): Text 'Faraz Septarian' is set on object 'Object Repository/contact_us/Page_Contact Us  Indocyber/input_What can we do for you_name'

03-04-2024T11:00:45 - [MESSAGE][PASSED] - Text 'Faraz Septarian' is set on object 'Object Repository/contact_us/Page_Contact Us  Indocyber/input_What can we do for you_name'

03-04-2024T11:00:45 - [TEST_STEP][PASSED] - setText(findTestObject("Object Repository/contact_us/Page_Contact Us  Indocyber/input_What can we do for you_email"), "faraz.nugroho@indocyber.id"): Text 'faraz.nugroho@indocyber.id' is set on object 'Object Repository/contact_us/Page_Contact Us  Indocyber/input_What can we do for you_email'

03-04-2024T11:00:45 - [MESSAGE][PASSED] - Text 'faraz.nugroho@indocyber.id' is set on object 'Object Repository/contact_us/Page_Contact Us  Indocyber/input_What can we do for you_email'

03-04-2024T11:00:45 - [TEST_STEP][PASSED] - takeScreenshotAsCheckpoint("1"): Taking screenshot successfully

03-04-2024T11:00:46 - [MESSAGE][INFO] - 0 hidden object(s)

03-04-2024T11:00:46 - [MESSAGE][PASSED] - Taking screenshot successfully
[[ATTACHMENT|keyes\keyes-1.png]]

03-04-2024T11:00:46 - [TEST_STEP][PASSED] - closeBrowser(): Browser is closed

03-04-2024T11:00:46 - [MESSAGE][PASSED] - Browser is closed]]></system-out>
         <system-err><![CDATA[]]></system-err>
      </testcase>
      <system-out><![CDATA[03-04-2024T11:00:38 - [TEST_SUITE][PASSED] - web iglo: Test Cases/Web Iglo]]></system-out>
      <system-err><![CDATA[]]></system-err>
   </testsuite>
   <testsuite name="Search Tanjung duren" tests="1" failures="0" errors="0" time="10.206" skipped="0" timestamp="03-04-2024T11:00:59" hostname="1901 - LAPTOP-LLV8UN8R.mshome.net" id="Test Suites/Search Tanjung duren">
      <properties>
         <property name="deviceName" value=""/>
         <property name="devicePlatform" value=""/>
         <property name="logFolder" value="C:\\Users\\1901\\git\\Schedule-test-katalon\\Reports\\20240403_105214\\Search Tanjung duren\\20240403_105253"/>
         <property name="logFiles" value="C:\\Users\\1901\\git\\Schedule-test-katalon\\Reports\\20240403_105214\\Search Tanjung duren\\20240403_105253\\execution0.log"/>
         <property name="attachments" value="keyes\keyes-3.png"/>
         <property name="hostName" value="1901 - LAPTOP-LLV8UN8R.mshome.net"/>
         <property name="os" value="Windows 11 64bit"/>
         <property name="katalonVersion" value="9.3.2.212"/>
         <property name="browser" value="Chrome 123.0.0.0"/>
         <property name="hostAddress" value="192.168.137.1"/>
         <property name="sessionId" value="70eee2c8a313b474377ff7f78c90aab8"/>
         <property name="seleniumVersion" value="3.141.59"/>
         <property name="proxyInformation" value="ProxyInformation { proxyOption=NO_PROXY, proxyServerType=HTTP, username=, password=********, proxyServerAddress=, proxyServerPort=0, executionList=&quot;&quot;, isApplyToDesiredCapabilities=true }"/>
         <property name="platform" value="Windows 11"/>
      </properties>
      <testcase name="Test Cases/Search Tanjung Duren" time="10.01" classname="Test Cases/Search Tanjung Duren" status="PASSED">
         <system-out><![CDATA[03-04-2024T11:00:59 - [TEST_CASE][PASSED] - Test Cases/Search Tanjung Duren: Test Cases/Search Tanjung Duren

03-04-2024T11:00:59 - [TEST_STEP][PASSED] - openBrowser(""): Browser is opened with url: ''

03-04-2024T11:01:00 - [MESSAGE][INFO] - Starting 'Chrome' driver

03-04-2024T11:01:00 - [MESSAGE][INFO] - Action delay is set to 0 milliseconds

03-04-2024T11:01:01 - [MESSAGE][PASSED] - Browser is opened with url: ''

03-04-2024T11:01:01 - [TEST_STEP][PASSED] - navigateToUrl("https://www.google.com/"): Navigate to 'https://www.google.com/' successfully

03-04-2024T11:01:03 - [MESSAGE][PASSED] - Navigate to 'https://www.google.com/' successfully

03-04-2024T11:01:03 - [TEST_STEP][PASSED] - setText(findTestObject("Object Repository/Search Tanjung duren/Page_Google/textarea_Login_q"), "tanjung duren"): Text 'tanjung duren' is set on object 'Object Repository/Search Tanjung duren/Page_Google/textarea_Login_q'

03-04-2024T11:01:04 - [MESSAGE][PASSED] - Text 'tanjung duren' is set on object 'Object Repository/Search Tanjung duren/Page_Google/textarea_Login_q'

03-04-2024T11:01:04 - [TEST_STEP][PASSED] - click(findTestObject("Object Repository/Search Tanjung duren/Page_Google/span_Tanjung Duren Utara")): Object: 'Object Repository/Search Tanjung duren/Page_Google/span_Tanjung Duren Utara' is clicked on

03-04-2024T11:01:05 - [MESSAGE][PASSED] - Object: 'Object Repository/Search Tanjung duren/Page_Google/span_Tanjung Duren Utara' is clicked on

03-04-2024T11:01:05 - [TEST_STEP][PASSED] - click(findTestObject("Object Repository/Search Tanjung duren/Page_tanjung duren - Penelusuran Google/h3_Tanjung Duren Utara, Grogol Petamburan, _9c911c")): Object: 'Object Repository/Search Tanjung duren/Page_tanjung duren - Penelusuran Google/h3_Tanjung Duren Utara, Grogol Petamburan, _9c911c' is clicked on

03-04-2024T11:01:08 - [MESSAGE][PASSED] - Object: 'Object Repository/Search Tanjung duren/Page_tanjung duren - Penelusuran Google/h3_Tanjung Duren Utara, Grogol Petamburan, _9c911c' is clicked on

03-04-2024T11:01:08 - [TEST_STEP][PASSED] - takeScreenshotAsCheckpoint("3"): Taking screenshot successfully

03-04-2024T11:01:09 - [MESSAGE][INFO] - 0 hidden object(s)

03-04-2024T11:01:09 - [MESSAGE][PASSED] - Taking screenshot successfully
[[ATTACHMENT|keyes\keyes-3.png]]

03-04-2024T11:01:09 - [TEST_STEP][PASSED] - closeBrowser(): Browser is closed

03-04-2024T11:01:09 - [MESSAGE][PASSED] - Browser is closed]]></system-out>
         <system-err><![CDATA[]]></system-err>
      </testcase>
      <system-out><![CDATA[03-04-2024T11:00:59 - [TEST_SUITE][PASSED] - Search Tanjung duren: Test Cases/Search Tanjung Duren]]></system-out>
      <system-err><![CDATA[]]></system-err>
   </testsuite>
   <testsuite name="youtube" tests="1" failures="0" errors="0" time="9.512" skipped="0" timestamp="03-04-2024T11:01:42" hostname="1901 - LAPTOP-LLV8UN8R.mshome.net" id="Test Suites/youtube">
      <properties>
         <property name="deviceName" value=""/>
         <property name="devicePlatform" value=""/>
         <property name="logFolder" value="C:\\Users\\1901\\git\\Schedule-test-katalon\\Reports\\20240403_105214\\youtube\\20240403_105255"/>
         <property name="logFiles" value="C:\\Users\\1901\\git\\Schedule-test-katalon\\Reports\\20240403_105214\\youtube\\20240403_105255\\execution0.log"/>
         <property name="attachments" value=""/>
         <property name="hostName" value="1901 - LAPTOP-LLV8UN8R.mshome.net"/>
         <property name="os" value="Windows 11 64bit"/>
         <property name="katalonVersion" value="9.3.2.212"/>
         <property name="browser" value="Chrome 123.0.0.0"/>
         <property name="hostAddress" value="192.168.137.1"/>
         <property name="sessionId" value="5e94019e8d0bfdc0c7dd96e380247e45"/>
         <property name="seleniumVersion" value="3.141.59"/>
         <property name="proxyInformation" value="ProxyInformation { proxyOption=NO_PROXY, proxyServerType=HTTP, username=, password=********, proxyServerAddress=, proxyServerPort=0, executionList=&quot;&quot;, isApplyToDesiredCapabilities=true }"/>
         <property name="platform" value="Windows 11"/>
      </properties>
      <testcase name="Test Cases/open youtube" time="9.312" classname="Test Cases/open youtube" status="PASSED">
         <system-out><![CDATA[03-04-2024T11:01:42 - [TEST_CASE][PASSED] - Test Cases/open youtube: Test Cases/open youtube

03-04-2024T11:01:42 - [TEST_STEP][PASSED] - openBrowser(""): Browser is opened with url: ''

03-04-2024T11:01:43 - [MESSAGE][INFO] - Starting 'Chrome' driver

03-04-2024T11:01:43 - [MESSAGE][INFO] - Action delay is set to 0 milliseconds

03-04-2024T11:01:44 - [MESSAGE][PASSED] - Browser is opened with url: ''

03-04-2024T11:01:44 - [TEST_STEP][PASSED] - navigateToUrl("https://www.youtube.com/?themeRefresh=1"): Navigate to 'https://www.youtube.com/?themeRefresh=1' successfully

03-04-2024T11:01:48 - [MESSAGE][PASSED] - Navigate to 'https://www.youtube.com/?themeRefresh=1' successfully

03-04-2024T11:01:48 - [TEST_STEP][PASSED] - setText(findTestObject("Object Repository/search youtube/Page_YouTube/input_Skip navigation_search_query"), "katalon schedule test"): Text 'katalon schedule test' is set on object 'Object Repository/search youtube/Page_YouTube/input_Skip navigation_search_query'

03-04-2024T11:01:49 - [MESSAGE][PASSED] - Text 'katalon schedule test' is set on object 'Object Repository/search youtube/Page_YouTube/input_Skip navigation_search_query'

03-04-2024T11:01:49 - [TEST_STEP][PASSED] - click(findTestObject("Object Repository/search youtube/Page_YouTube/div")): Object: 'Object Repository/search youtube/Page_YouTube/div' is clicked on

03-04-2024T11:01:51 - [MESSAGE][PASSED] - Object: 'Object Repository/search youtube/Page_YouTube/div' is clicked on

03-04-2024T11:01:51 - [TEST_STEP][PASSED] - closeBrowser(): Browser is closed

03-04-2024T11:01:51 - [MESSAGE][PASSED] - Browser is closed]]></system-out>
         <system-err><![CDATA[]]></system-err>
      </testcase>
      <system-out><![CDATA[03-04-2024T11:01:42 - [TEST_SUITE][PASSED] - youtube: Test Cases/open youtube]]></system-out>
      <system-err><![CDATA[]]></system-err>
   </testsuite>
   <testsuite name="BC Iglo" tests="1" failures="0" errors="0" time="9.033" skipped="0" timestamp="03-04-2024T11:02:04" hostname="1901 - LAPTOP-LLV8UN8R.mshome.net" id="Test Suites/BC Iglo">
      <properties>
         <property name="deviceName" value=""/>
         <property name="devicePlatform" value=""/>
         <property name="logFolder" value="C:\\Users\\1901\\git\\Schedule-test-katalon\\Reports\\20240403_105214\\BC Iglo\\20240403_105257"/>
         <property name="logFiles" value="C:\\Users\\1901\\git\\Schedule-test-katalon\\Reports\\20240403_105214\\BC Iglo\\20240403_105257\\execution0.log"/>
         <property name="attachments" value=""/>
         <property name="hostName" value="1901 - LAPTOP-LLV8UN8R.mshome.net"/>
         <property name="os" value="Windows 11 64bit"/>
         <property name="katalonVersion" value="9.3.2.212"/>
         <property name="browser" value="Chrome 123.0.0.0"/>
         <property name="hostAddress" value="192.168.137.1"/>
         <property name="sessionId" value="cecbe9ebf1ff9296a7e91e57685edf2e"/>
         <property name="seleniumVersion" value="3.141.59"/>
         <property name="proxyInformation" value="ProxyInformation { proxyOption=NO_PROXY, proxyServerType=HTTP, username=, password=********, proxyServerAddress=, proxyServerPort=0, executionList=&quot;&quot;, isApplyToDesiredCapabilities=true }"/>
         <property name="platform" value="Windows 11"/>
      </properties>
      <testcase name="Test Cases/BC Iglo" time="8.832" classname="Test Cases/BC Iglo" status="PASSED">
         <system-out><![CDATA[03-04-2024T11:02:05 - [TEST_CASE][PASSED] - Test Cases/BC Iglo: Test Cases/BC Iglo

03-04-2024T11:02:05 - [TEST_STEP][PASSED] - openBrowser(""): Browser is opened with url: ''

03-04-2024T11:02:05 - [MESSAGE][INFO] - Starting 'Chrome' driver

03-04-2024T11:02:05 - [MESSAGE][INFO] - Action delay is set to 0 milliseconds

03-04-2024T11:02:07 - [MESSAGE][PASSED] - Browser is opened with url: ''

03-04-2024T11:02:07 - [TEST_STEP][PASSED] - navigateToUrl("https://www.indocyber.co.id/"): Navigate to 'https://www.indocyber.co.id/' successfully

03-04-2024T11:02:07 - [MESSAGE][PASSED] - Navigate to 'https://www.indocyber.co.id/' successfully

03-04-2024T11:02:07 - [TEST_STEP][PASSED] - click(findTestObject("Object Repository/BC Iglo/Page_Home  Indocyber/a_Bootcamp")): Object: 'Object Repository/BC Iglo/Page_Home  Indocyber/a_Bootcamp' is clicked on

03-04-2024T11:02:09 - [MESSAGE][PASSED] - Object: 'Object Repository/BC Iglo/Page_Home  Indocyber/a_Bootcamp' is clicked on

03-04-2024T11:02:09 - [TEST_STEP][PASSED] - click(findTestObject("Object Repository/BC Iglo/Page_Join Bootcamp at Indocyber  Indocyber/button_Apply Now")): Object: 'Object Repository/BC Iglo/Page_Join Bootcamp at Indocyber  Indocyber/button_Apply Now' is clicked on

03-04-2024T11:02:11 - [MESSAGE][PASSED] - Object: 'Object Repository/BC Iglo/Page_Join Bootcamp at Indocyber  Indocyber/button_Apply Now' is clicked on

03-04-2024T11:02:11 - [TEST_STEP][PASSED] - setText(findTestObject("Object Repository/BC Iglo/Page_Join Bootcamp at Indocyber  Indocyber/input_JOIN NOW_name"), "Faraz Septarian Adi Nugroho"): Text 'Faraz Septarian Adi Nugroho' is set on object 'Object Repository/BC Iglo/Page_Join Bootcamp at Indocyber  Indocyber/input_JOIN NOW_name'

03-04-2024T11:02:12 - [MESSAGE][PASSED] - Text 'Faraz Septarian Adi Nugroho' is set on object 'Object Repository/BC Iglo/Page_Join Bootcamp at Indocyber  Indocyber/input_JOIN NOW_name'

03-04-2024T11:02:12 - [TEST_STEP][PASSED] - setText(findTestObject("Object Repository/BC Iglo/Page_Join Bootcamp at Indocyber  Indocyber/input_JOIN NOW_email"), "faraz.spt@indocyber.id"): Text 'faraz.spt@indocyber.id' is set on object 'Object Repository/BC Iglo/Page_Join Bootcamp at Indocyber  Indocyber/input_JOIN NOW_email'

03-04-2024T11:02:12 - [MESSAGE][PASSED] - Text 'faraz.spt@indocyber.id' is set on object 'Object Repository/BC Iglo/Page_Join Bootcamp at Indocyber  Indocyber/input_JOIN NOW_email'

03-04-2024T11:02:12 - [TEST_STEP][PASSED] - setText(findTestObject("Object Repository/BC Iglo/Page_Join Bootcamp at Indocyber  Indocyber/input_JOIN NOW_handphone"), "0812345678"): Text '0812345678' is set on object 'Object Repository/BC Iglo/Page_Join Bootcamp at Indocyber  Indocyber/input_JOIN NOW_handphone'

03-04-2024T11:02:13 - [MESSAGE][PASSED] - Text '0812345678' is set on object 'Object Repository/BC Iglo/Page_Join Bootcamp at Indocyber  Indocyber/input_JOIN NOW_handphone'

03-04-2024T11:02:13 - [TEST_STEP][PASSED] - click(findTestObject("Object Repository/BC Iglo/Page_Join Bootcamp at Indocyber  Indocyber/div_OracleSQL Server.NETJavaMagicJOIN NOWRe_425abe")): Object: 'Object Repository/BC Iglo/Page_Join Bootcamp at Indocyber  Indocyber/div_OracleSQL Server.NETJavaMagicJOIN NOWRe_425abe' is clicked on

03-04-2024T11:02:13 - [MESSAGE][PASSED] - Object: 'Object Repository/BC Iglo/Page_Join Bootcamp at Indocyber  Indocyber/div_OracleSQL Server.NETJavaMagicJOIN NOWRe_425abe' is clicked on

03-04-2024T11:02:13 - [TEST_STEP][PASSED] - closeBrowser(): Browser is closed

03-04-2024T11:02:13 - [MESSAGE][PASSED] - Browser is closed]]></system-out>
         <system-err><![CDATA[]]></system-err>
      </testcase>
      <system-out><![CDATA[03-04-2024T11:02:04 - [TEST_SUITE][PASSED] - BC Iglo: Test Cases/BC Iglo]]></system-out>
      <system-err><![CDATA[]]></system-err>
   </testsuite>
   <testsuite name="Search Iglo" tests="1" failures="0" errors="0" time="9.528" skipped="0" timestamp="03-04-2024T11:02:25" hostname="1901 - LAPTOP-LLV8UN8R.mshome.net" id="Test Suites/Search Iglo">
      <properties>
         <property name="deviceName" value=""/>
         <property name="devicePlatform" value=""/>
         <property name="logFolder" value="C:\\Users\\1901\\git\\Schedule-test-katalon\\Reports\\20240403_105214\\Search Iglo\\20240403_105259"/>
         <property name="logFiles" value="C:\\Users\\1901\\git\\Schedule-test-katalon\\Reports\\20240403_105214\\Search Iglo\\20240403_105259\\execution0.log"/>
         <property name="attachments" value="keyes\keyes-2.png"/>
         <property name="hostName" value="1901 - LAPTOP-LLV8UN8R.mshome.net"/>
         <property name="os" value="Windows 11 64bit"/>
         <property name="katalonVersion" value="9.3.2.212"/>
         <property name="browser" value="Chrome 123.0.0.0"/>
         <property name="hostAddress" value="192.168.137.1"/>
         <property name="sessionId" value="5fa246b1907e82737a805721c98faf0b"/>
         <property name="seleniumVersion" value="3.141.59"/>
         <property name="proxyInformation" value="ProxyInformation { proxyOption=NO_PROXY, proxyServerType=HTTP, username=, password=********, proxyServerAddress=, proxyServerPort=0, executionList=&quot;&quot;, isApplyToDesiredCapabilities=true }"/>
         <property name="platform" value="Windows 11"/>
      </properties>
      <testcase name="Test Cases/Search Indocyber" time="9.332" classname="Test Cases/Search Indocyber" status="PASSED">
         <system-out><![CDATA[03-04-2024T11:02:25 - [TEST_CASE][PASSED] - Test Cases/Search Indocyber: Test Cases/Search Indocyber

03-04-2024T11:02:25 - [TEST_STEP][PASSED] - openBrowser(""): Browser is opened with url: ''

03-04-2024T11:02:26 - [MESSAGE][INFO] - Starting 'Chrome' driver

03-04-2024T11:02:26 - [MESSAGE][INFO] - Action delay is set to 0 milliseconds

03-04-2024T11:02:27 - [MESSAGE][PASSED] - Browser is opened with url: ''

03-04-2024T11:02:28 - [TEST_STEP][PASSED] - navigateToUrl("https://www.google.com/"): Navigate to 'https://www.google.com/' successfully

03-04-2024T11:02:28 - [MESSAGE][PASSED] - Navigate to 'https://www.google.com/' successfully

03-04-2024T11:02:28 - [TEST_STEP][PASSED] - setText(findTestObject("Object Repository/Search Iglo/Page_Google/textarea_Login_q"), "indocyber"): Text 'indocyber' is set on object 'Object Repository/Search Iglo/Page_Google/textarea_Login_q'

03-04-2024T11:02:29 - [MESSAGE][PASSED] - Text 'indocyber' is set on object 'Object Repository/Search Iglo/Page_Google/textarea_Login_q'

03-04-2024T11:02:29 - [TEST_STEP][PASSED] - click(findTestObject("Object Repository/Search Iglo/Page_Google/span_Indocyber Global Teknologi")): Object: 'Object Repository/Search Iglo/Page_Google/span_Indocyber Global Teknologi' is clicked on

03-04-2024T11:02:30 - [MESSAGE][PASSED] - Object: 'Object Repository/Search Iglo/Page_Google/span_Indocyber Global Teknologi' is clicked on

03-04-2024T11:02:30 - [TEST_STEP][PASSED] - takeScreenshotAsCheckpoint("2"): Taking screenshot successfully

03-04-2024T11:02:33 - [MESSAGE][INFO] - 0 hidden object(s)

03-04-2024T11:02:33 - [MESSAGE][PASSED] - Taking screenshot successfully
[[ATTACHMENT|keyes\keyes-2.png]]

03-04-2024T11:02:33 - [TEST_STEP][PASSED] - click(findTestObject("Object Repository/Search Iglo/Page_indocyber global teknologi - Penelusur_63e8c8/h3_Indocyber Home")): Object: 'Object Repository/Search Iglo/Page_indocyber global teknologi - Penelusur_63e8c8/h3_Indocyber Home' is clicked on

03-04-2024T11:02:34 - [MESSAGE][PASSED] - Object: 'Object Repository/Search Iglo/Page_indocyber global teknologi - Penelusur_63e8c8/h3_Indocyber Home' is clicked on

03-04-2024T11:02:34 - [TEST_STEP][PASSED] - closeBrowser(): Browser is closed

03-04-2024T11:02:35 - [MESSAGE][PASSED] - Browser is closed]]></system-out>
         <system-err><![CDATA[]]></system-err>
      </testcase>
      <system-out><![CDATA[03-04-2024T11:02:25 - [TEST_SUITE][PASSED] - Search Iglo: Test Cases/Search Indocyber]]></system-out>
      <system-err><![CDATA[]]></system-err>
   </testsuite>
   <testsuite name="web iglo" tests="1" failures="0" errors="0" time="8.303" skipped="0" timestamp="03-04-2024T11:02:46" hostname="1901 - LAPTOP-LLV8UN8R.mshome.net" id="Test Suites/web iglo">
      <properties>
         <property name="deviceName" value=""/>
         <property name="devicePlatform" value=""/>
         <property name="logFolder" value="C:\\Users\\1901\\git\\Schedule-test-katalon\\Reports\\20240403_105214\\web iglo\\20240403_105301"/>
         <property name="logFiles" value="C:\\Users\\1901\\git\\Schedule-test-katalon\\Reports\\20240403_105214\\web iglo\\20240403_105301\\execution0.log"/>
         <property name="attachments" value="keyes\keyes-1.png"/>
         <property name="hostName" value="1901 - LAPTOP-LLV8UN8R.mshome.net"/>
         <property name="os" value="Windows 11 64bit"/>
         <property name="katalonVersion" value="9.3.2.212"/>
         <property name="browser" value="Chrome 123.0.0.0"/>
         <property name="hostAddress" value="192.168.137.1"/>
         <property name="sessionId" value="c3d66390c46f370ef3f15ce758079250"/>
         <property name="seleniumVersion" value="3.141.59"/>
         <property name="proxyInformation" value="ProxyInformation { proxyOption=NO_PROXY, proxyServerType=HTTP, username=, password=********, proxyServerAddress=, proxyServerPort=0, executionList=&quot;&quot;, isApplyToDesiredCapabilities=true }"/>
         <property name="platform" value="Windows 11"/>
      </properties>
      <testcase name="Test Cases/Web Iglo" time="8.109" classname="Test Cases/Web Iglo" status="PASSED">
         <system-out><![CDATA[03-04-2024T11:02:46 - [TEST_CASE][PASSED] - Test Cases/Web Iglo: Test Cases/Web Iglo

03-04-2024T11:02:47 - [TEST_STEP][PASSED] - openBrowser(""): Browser is opened with url: ''

03-04-2024T11:02:47 - [MESSAGE][INFO] - Starting 'Chrome' driver

03-04-2024T11:02:47 - [MESSAGE][INFO] - Action delay is set to 0 milliseconds

03-04-2024T11:02:49 - [MESSAGE][PASSED] - Browser is opened with url: ''

03-04-2024T11:02:49 - [TEST_STEP][PASSED] - navigateToUrl("https://www.indocyber.co.id/"): Navigate to 'https://www.indocyber.co.id/' successfully

03-04-2024T11:02:49 - [MESSAGE][PASSED] - Navigate to 'https://www.indocyber.co.id/' successfully

03-04-2024T11:02:49 - [TEST_STEP][PASSED] - click(findTestObject("Object Repository/contact_us/Page_Home  Indocyber/a_Contact Us")): Object: 'Object Repository/contact_us/Page_Home  Indocyber/a_Contact Us' is clicked on

03-04-2024T11:02:51 - [MESSAGE][PASSED] - Object: 'Object Repository/contact_us/Page_Home  Indocyber/a_Contact Us' is clicked on

03-04-2024T11:02:51 - [TEST_STEP][PASSED] - setText(findTestObject("Object Repository/contact_us/Page_Contact Us  Indocyber/input_What can we do for you_name"), "Faraz Septarian"): Text 'Faraz Septarian' is set on object 'Object Repository/contact_us/Page_Contact Us  Indocyber/input_What can we do for you_name'

03-04-2024T11:02:53 - [MESSAGE][PASSED] - Text 'Faraz Septarian' is set on object 'Object Repository/contact_us/Page_Contact Us  Indocyber/input_What can we do for you_name'

03-04-2024T11:02:53 - [TEST_STEP][PASSED] - setText(findTestObject("Object Repository/contact_us/Page_Contact Us  Indocyber/input_What can we do for you_email"), "faraz.nugroho@indocyber.id"): Text 'faraz.nugroho@indocyber.id' is set on object 'Object Repository/contact_us/Page_Contact Us  Indocyber/input_What can we do for you_email'

03-04-2024T11:02:54 - [MESSAGE][PASSED] - Text 'faraz.nugroho@indocyber.id' is set on object 'Object Repository/contact_us/Page_Contact Us  Indocyber/input_What can we do for you_email'

03-04-2024T11:02:54 - [TEST_STEP][PASSED] - takeScreenshotAsCheckpoint("1"): Taking screenshot successfully

03-04-2024T11:02:54 - [MESSAGE][INFO] - 0 hidden object(s)

03-04-2024T11:02:54 - [MESSAGE][PASSED] - Taking screenshot successfully
[[ATTACHMENT|keyes\keyes-1.png]]

03-04-2024T11:02:54 - [TEST_STEP][PASSED] - closeBrowser(): Browser is closed

03-04-2024T11:02:55 - [MESSAGE][PASSED] - Browser is closed]]></system-out>
         <system-err><![CDATA[]]></system-err>
      </testcase>
      <system-out><![CDATA[03-04-2024T11:02:46 - [TEST_SUITE][PASSED] - web iglo: Test Cases/Web Iglo]]></system-out>
      <system-err><![CDATA[]]></system-err>
   </testsuite>
   <testsuite name="Search Tanjung duren" tests="1" failures="0" errors="0" time="11.99" skipped="0" timestamp="03-04-2024T11:03:06" hostname="1901 - LAPTOP-LLV8UN8R.mshome.net" id="Test Suites/Search Tanjung duren">
      <properties>
         <property name="deviceName" value=""/>
         <property name="devicePlatform" value=""/>
         <property name="logFolder" value="C:\\Users\\1901\\git\\Schedule-test-katalon\\Reports\\20240403_105214\\Search Tanjung duren\\20240403_105303"/>
         <property name="logFiles" value="C:\\Users\\1901\\git\\Schedule-test-katalon\\Reports\\20240403_105214\\Search Tanjung duren\\20240403_105303\\execution0.log"/>
         <property name="attachments" value="keyes\keyes-3.png"/>
         <property name="hostName" value="1901 - LAPTOP-LLV8UN8R.mshome.net"/>
         <property name="os" value="Windows 11 64bit"/>
         <property name="katalonVersion" value="9.3.2.212"/>
         <property name="browser" value="Chrome 123.0.0.0"/>
         <property name="hostAddress" value="192.168.137.1"/>
         <property name="sessionId" value="08916f352f4bbd1ad355156616d41538"/>
         <property name="seleniumVersion" value="3.141.59"/>
         <property name="proxyInformation" value="ProxyInformation { proxyOption=NO_PROXY, proxyServerType=HTTP, username=, password=********, proxyServerAddress=, proxyServerPort=0, executionList=&quot;&quot;, isApplyToDesiredCapabilities=true }"/>
         <property name="platform" value="Windows 11"/>
      </properties>
      <testcase name="Test Cases/Search Tanjung Duren" time="11.794" classname="Test Cases/Search Tanjung Duren" status="PASSED">
         <system-out><![CDATA[03-04-2024T11:03:06 - [TEST_CASE][PASSED] - Test Cases/Search Tanjung Duren: Test Cases/Search Tanjung Duren

03-04-2024T11:03:07 - [TEST_STEP][PASSED] - openBrowser(""): Browser is opened with url: ''

03-04-2024T11:03:07 - [MESSAGE][INFO] - Starting 'Chrome' driver

03-04-2024T11:03:07 - [MESSAGE][INFO] - Action delay is set to 0 milliseconds

03-04-2024T11:03:09 - [MESSAGE][PASSED] - Browser is opened with url: ''

03-04-2024T11:03:09 - [TEST_STEP][PASSED] - navigateToUrl("https://www.google.com/"): Navigate to 'https://www.google.com/' successfully

03-04-2024T11:03:10 - [MESSAGE][PASSED] - Navigate to 'https://www.google.com/' successfully

03-04-2024T11:03:10 - [TEST_STEP][PASSED] - setText(findTestObject("Object Repository/Search Tanjung duren/Page_Google/textarea_Login_q"), "tanjung duren"): Text 'tanjung duren' is set on object 'Object Repository/Search Tanjung duren/Page_Google/textarea_Login_q'

03-04-2024T11:03:11 - [MESSAGE][PASSED] - Text 'tanjung duren' is set on object 'Object Repository/Search Tanjung duren/Page_Google/textarea_Login_q'

03-04-2024T11:03:11 - [TEST_STEP][PASSED] - click(findTestObject("Object Repository/Search Tanjung duren/Page_Google/span_Tanjung Duren Utara")): Object: 'Object Repository/Search Tanjung duren/Page_Google/span_Tanjung Duren Utara' is clicked on

03-04-2024T11:03:12 - [MESSAGE][PASSED] - Object: 'Object Repository/Search Tanjung duren/Page_Google/span_Tanjung Duren Utara' is clicked on

03-04-2024T11:03:12 - [TEST_STEP][PASSED] - click(findTestObject("Object Repository/Search Tanjung duren/Page_tanjung duren - Penelusuran Google/h3_Tanjung Duren Utara, Grogol Petamburan, _9c911c")): Object: 'Object Repository/Search Tanjung duren/Page_tanjung duren - Penelusuran Google/h3_Tanjung Duren Utara, Grogol Petamburan, _9c911c' is clicked on

03-04-2024T11:03:17 - [MESSAGE][PASSED] - Object: 'Object Repository/Search Tanjung duren/Page_tanjung duren - Penelusuran Google/h3_Tanjung Duren Utara, Grogol Petamburan, _9c911c' is clicked on

03-04-2024T11:03:17 - [TEST_STEP][PASSED] - takeScreenshotAsCheckpoint("3"): Taking screenshot successfully

03-04-2024T11:03:18 - [MESSAGE][INFO] - 0 hidden object(s)

03-04-2024T11:03:18 - [MESSAGE][PASSED] - Taking screenshot successfully
[[ATTACHMENT|keyes\keyes-3.png]]

03-04-2024T11:03:18 - [TEST_STEP][PASSED] - closeBrowser(): Browser is closed

03-04-2024T11:03:18 - [MESSAGE][PASSED] - Browser is closed]]></system-out>
         <system-err><![CDATA[]]></system-err>
      </testcase>
      <system-out><![CDATA[03-04-2024T11:03:06 - [TEST_SUITE][PASSED] - Search Tanjung duren: Test Cases/Search Tanjung Duren]]></system-out>
      <system-err><![CDATA[]]></system-err>
   </testsuite>
   <testsuite name="youtube" tests="1" failures="0" errors="0" time="11.285" skipped="0" timestamp="03-04-2024T11:03:30" hostname="1901 - LAPTOP-LLV8UN8R.mshome.net" id="Test Suites/youtube">
      <properties>
         <property name="deviceName" value=""/>
         <property name="devicePlatform" value=""/>
         <property name="logFolder" value="C:\\Users\\1901\\git\\Schedule-test-katalon\\Reports\\20240403_105214\\youtube\\20240403_105305"/>
         <property name="logFiles" value="C:\\Users\\1901\\git\\Schedule-test-katalon\\Reports\\20240403_105214\\youtube\\20240403_105305\\execution0.log"/>
         <property name="attachments" value=""/>
         <property name="hostName" value="1901 - LAPTOP-LLV8UN8R.mshome.net"/>
         <property name="os" value="Windows 11 64bit"/>
         <property name="katalonVersion" value="9.3.2.212"/>
         <property name="browser" value="Chrome 123.0.0.0"/>
         <property name="hostAddress" value="192.168.137.1"/>
         <property name="sessionId" value="77f55afa560dabb83ce735f15b7977a2"/>
         <property name="seleniumVersion" value="3.141.59"/>
         <property name="proxyInformation" value="ProxyInformation { proxyOption=NO_PROXY, proxyServerType=HTTP, username=, password=********, proxyServerAddress=, proxyServerPort=0, executionList=&quot;&quot;, isApplyToDesiredCapabilities=true }"/>
         <property name="platform" value="Windows 11"/>
      </properties>
      <testcase name="Test Cases/open youtube" time="11.079" classname="Test Cases/open youtube" status="PASSED">
         <system-out><![CDATA[03-04-2024T11:03:30 - [TEST_CASE][PASSED] - Test Cases/open youtube: Test Cases/open youtube

03-04-2024T11:03:30 - [TEST_STEP][PASSED] - openBrowser(""): Browser is opened with url: ''

03-04-2024T11:03:30 - [MESSAGE][INFO] - Starting 'Chrome' driver

03-04-2024T11:03:30 - [MESSAGE][INFO] - Action delay is set to 0 milliseconds

03-04-2024T11:03:32 - [MESSAGE][PASSED] - Browser is opened with url: ''

03-04-2024T11:03:32 - [TEST_STEP][PASSED] - navigateToUrl("https://www.youtube.com/?themeRefresh=1"): Navigate to 'https://www.youtube.com/?themeRefresh=1' successfully

03-04-2024T11:03:35 - [MESSAGE][PASSED] - Navigate to 'https://www.youtube.com/?themeRefresh=1' successfully

03-04-2024T11:03:35 - [TEST_STEP][PASSED] - setText(findTestObject("Object Repository/search youtube/Page_YouTube/input_Skip navigation_search_query"), "katalon schedule test"): Text 'katalon schedule test' is set on object 'Object Repository/search youtube/Page_YouTube/input_Skip navigation_search_query'

03-04-2024T11:03:37 - [MESSAGE][PASSED] - Text 'katalon schedule test' is set on object 'Object Repository/search youtube/Page_YouTube/input_Skip navigation_search_query'

03-04-2024T11:03:37 - [TEST_STEP][PASSED] - click(findTestObject("Object Repository/search youtube/Page_YouTube/div")): Object: 'Object Repository/search youtube/Page_YouTube/div' is clicked on

03-04-2024T11:03:41 - [MESSAGE][PASSED] - Object: 'Object Repository/search youtube/Page_YouTube/div' is clicked on

03-04-2024T11:03:41 - [TEST_STEP][PASSED] - closeBrowser(): Browser is closed

03-04-2024T11:03:41 - [MESSAGE][PASSED] - Browser is closed]]></system-out>
         <system-err><![CDATA[]]></system-err>
      </testcase>
      <system-out><![CDATA[03-04-2024T11:03:30 - [TEST_SUITE][PASSED] - youtube: Test Cases/open youtube]]></system-out>
      <system-err><![CDATA[]]></system-err>
   </testsuite>
</testsuites>
