<?xml version="1.0" encoding="UTF-8"?>
<testsuites name="Search Iglo" time="13.461" tests="1" failures="0" errors="0">
   <testsuite name="Search Iglo" tests="1" failures="0" errors="0" time="13.461" skipped="0" timestamp="02-04-2024T14:21:19" hostname="1901 - LAPTOP-LLV8UN8R.mshome.net" id="Test Suites/Search Iglo">
      <properties>
         <property name="deviceName" value=""/>
         <property name="devicePlatform" value=""/>
         <property name="logFolder" value="C:\\Users\\1901\\git\\Schedule-test-katalon\\Reports\\20240402_142107\\Search Iglo\\20240402_142108"/>
         <property name="logFiles" value="C:\\Users\\1901\\git\\Schedule-test-katalon\\Reports\\20240402_142107\\Search Iglo\\20240402_142108\\execution0.log"/>
         <property name="attachments" value="keyes\keyes-2.png"/>
         <property name="hostName" value="1901 - LAPTOP-LLV8UN8R.mshome.net"/>
         <property name="os" value="Windows 11 64bit"/>
         <property name="katalonVersion" value="9.3.2.212"/>
         <property name="browser" value="Chrome 123.0.0.0"/>
         <property name="hostAddress" value="192.168.137.1"/>
         <property name="sessionId" value="6832dd4956bef94fb3442591ead17861"/>
         <property name="seleniumVersion" value="3.141.59"/>
         <property name="proxyInformation" value="ProxyInformation { proxyOption=NO_PROXY, proxyServerType=HTTP, username=, password=********, proxyServerAddress=, proxyServerPort=0, executionList=&quot;&quot;, isApplyToDesiredCapabilities=true }"/>
         <property name="platform" value="Windows 11"/>
      </properties>
      <testcase name="Test Cases/Search Indocyber" time="13.006" classname="Test Cases/Search Indocyber" status="PASSED">
         <system-out><![CDATA[02-04-2024T14:21:19 - [TEST_CASE][PASSED] - Test Cases/Search Indocyber: Test Cases/Search Indocyber

02-04-2024T14:21:20 - [TEST_STEP][PASSED] - openBrowser(""): Browser is opened with url: ''

02-04-2024T14:21:21 - [MESSAGE][INFO] - Starting 'Chrome' driver

02-04-2024T14:21:21 - [MESSAGE][INFO] - Action delay is set to 0 milliseconds

02-04-2024T14:21:23 - [MESSAGE][PASSED] - Browser is opened with url: ''

02-04-2024T14:21:23 - [TEST_STEP][PASSED] - navigateToUrl("https://www.google.com/"): Navigate to 'https://www.google.com/' successfully

02-04-2024T14:21:25 - [MESSAGE][PASSED] - Navigate to 'https://www.google.com/' successfully

02-04-2024T14:21:25 - [TEST_STEP][PASSED] - setText(findTestObject("Object Repository/Search Iglo/Page_Google/textarea_Login_q"), "indocyber"): Text 'indocyber' is set on object 'Object Repository/Search Iglo/Page_Google/textarea_Login_q'

02-04-2024T14:21:26 - [MESSAGE][PASSED] - Text 'indocyber' is set on object 'Object Repository/Search Iglo/Page_Google/textarea_Login_q'

02-04-2024T14:21:26 - [TEST_STEP][PASSED] - click(findTestObject("Object Repository/Search Iglo/Page_Google/span_Indocyber Global Teknologi")): Object: 'Object Repository/Search Iglo/Page_Google/span_Indocyber Global Teknologi' is clicked on

02-04-2024T14:21:27 - [MESSAGE][PASSED] - Object: 'Object Repository/Search Iglo/Page_Google/span_Indocyber Global Teknologi' is clicked on

02-04-2024T14:21:27 - [TEST_STEP][PASSED] - takeScreenshotAsCheckpoint("2"): Taking screenshot successfully

02-04-2024T14:21:31 - [MESSAGE][INFO] - 0 hidden object(s)

02-04-2024T14:21:31 - [MESSAGE][PASSED] - Taking screenshot successfully
[[ATTACHMENT|keyes\keyes-2.png]]

02-04-2024T14:21:31 - [TEST_STEP][PASSED] - click(findTestObject("Object Repository/Search Iglo/Page_indocyber global teknologi - Penelusur_63e8c8/h3_Indocyber Home")): Object: 'Object Repository/Search Iglo/Page_indocyber global teknologi - Penelusur_63e8c8/h3_Indocyber Home' is clicked on

02-04-2024T14:21:32 - [MESSAGE][PASSED] - Object: 'Object Repository/Search Iglo/Page_indocyber global teknologi - Penelusur_63e8c8/h3_Indocyber Home' is clicked on

02-04-2024T14:21:32 - [TEST_STEP][PASSED] - closeBrowser(): Browser is closed

02-04-2024T14:21:32 - [MESSAGE][PASSED] - Browser is closed]]></system-out>
         <system-err><![CDATA[]]></system-err>
      </testcase>
      <system-out><![CDATA[02-04-2024T14:21:19 - [TEST_SUITE][PASSED] - Search Iglo: Test Cases/Search Indocyber]]></system-out>
      <system-err><![CDATA[]]></system-err>
   </testsuite>
</testsuites>
