<?xml version="1.0" encoding="UTF-8"?>
<testsuites name="web iglo" time="12.122" tests="1" failures="0" errors="0">
   <testsuite name="web iglo" tests="1" failures="0" errors="0" time="12.122" skipped="0" timestamp="01-04-2024T15:00:47" hostname="1901 - LAPTOP-LLV8UN8R.mshome.net" id="Test Suites/web iglo">
      <properties>
         <property name="deviceName" value=""/>
         <property name="devicePlatform" value=""/>
         <property name="logFolder" value="C:\\Users\\1901\\git\\Schedule-test-katalon\\Reports\\20240401_150030\\web iglo\\20240401_150032"/>
         <property name="logFiles" value="C:\\Users\\1901\\git\\Schedule-test-katalon\\Reports\\20240401_150030\\web iglo\\20240401_150032\\execution0.log"/>
         <property name="attachments" value="keyes\keyes-1.png"/>
         <property name="hostName" value="1901 - LAPTOP-LLV8UN8R.mshome.net"/>
         <property name="os" value="Windows 11 64bit"/>
         <property name="katalonVersion" value="9.3.2.212"/>
         <property name="browser" value="Chrome 123.0.0.0"/>
         <property name="hostAddress" value="192.168.137.1"/>
         <property name="sessionId" value="747b8d29ac6a8eae8a81dfef6a81b622"/>
         <property name="seleniumVersion" value="3.141.59"/>
         <property name="proxyInformation" value="ProxyInformation { proxyOption=NO_PROXY, proxyServerType=HTTP, username=, password=********, proxyServerAddress=, proxyServerPort=0, executionList=&quot;&quot;, isApplyToDesiredCapabilities=true }"/>
         <property name="platform" value="Windows 11"/>
      </properties>
      <testcase name="Test Cases/Web Iglo" time="11.817" classname="Test Cases/Web Iglo" status="PASSED">
         <system-out><![CDATA[01-04-2024T15:00:47 - [TEST_CASE][PASSED] - Test Cases/Web Iglo: Test Cases/Web Iglo

01-04-2024T15:00:48 - [TEST_STEP][PASSED] - openBrowser(""): Browser is opened with url: ''

01-04-2024T15:00:48 - [MESSAGE][INFO] - Starting 'Chrome' driver

01-04-2024T15:00:49 - [MESSAGE][INFO] - Action delay is set to 0 milliseconds

01-04-2024T15:00:51 - [MESSAGE][PASSED] - Browser is opened with url: ''

01-04-2024T15:00:51 - [TEST_STEP][PASSED] - navigateToUrl("https://www.indocyber.co.id/"): Navigate to 'https://www.indocyber.co.id/' successfully

01-04-2024T15:00:51 - [MESSAGE][PASSED] - Navigate to 'https://www.indocyber.co.id/' successfully

01-04-2024T15:00:51 - [TEST_STEP][PASSED] - click(findTestObject("Object Repository/contact_us/Page_Home  Indocyber/a_Contact Us")): Object: 'Object Repository/contact_us/Page_Home  Indocyber/a_Contact Us' is clicked on

01-04-2024T15:00:54 - [MESSAGE][PASSED] - Object: 'Object Repository/contact_us/Page_Home  Indocyber/a_Contact Us' is clicked on

01-04-2024T15:00:54 - [TEST_STEP][PASSED] - setText(findTestObject("Object Repository/contact_us/Page_Contact Us  Indocyber/input_What can we do for you_name"), "Faraz Septarian"): Text 'Faraz Septarian' is set on object 'Object Repository/contact_us/Page_Contact Us  Indocyber/input_What can we do for you_name'

01-04-2024T15:00:56 - [MESSAGE][PASSED] - Text 'Faraz Septarian' is set on object 'Object Repository/contact_us/Page_Contact Us  Indocyber/input_What can we do for you_name'

01-04-2024T15:00:56 - [TEST_STEP][PASSED] - setText(findTestObject("Object Repository/contact_us/Page_Contact Us  Indocyber/input_What can we do for you_email"), "faraz.nugroho@indocyber.id"): Text 'faraz.nugroho@indocyber.id' is set on object 'Object Repository/contact_us/Page_Contact Us  Indocyber/input_What can we do for you_email'

01-04-2024T15:00:57 - [MESSAGE][PASSED] - Text 'faraz.nugroho@indocyber.id' is set on object 'Object Repository/contact_us/Page_Contact Us  Indocyber/input_What can we do for you_email'

01-04-2024T15:00:57 - [TEST_STEP][PASSED] - takeScreenshotAsCheckpoint("1"): Taking screenshot successfully

01-04-2024T15:00:58 - [MESSAGE][INFO] - 0 hidden object(s)

01-04-2024T15:00:58 - [MESSAGE][PASSED] - Taking screenshot successfully
[[ATTACHMENT|keyes\keyes-1.png]]

01-04-2024T15:00:58 - [TEST_STEP][PASSED] - closeBrowser(): Browser is closed

01-04-2024T15:00:59 - [MESSAGE][PASSED] - Browser is closed]]></system-out>
         <system-err><![CDATA[]]></system-err>
      </testcase>
      <system-out><![CDATA[01-04-2024T15:00:47 - [TEST_SUITE][PASSED] - web iglo: Test Cases/Web Iglo]]></system-out>
      <system-err><![CDATA[]]></system-err>
   </testsuite>
</testsuites>
