<?xml version="1.0" encoding="UTF-8"?>
<testsuites name="Open web" time="180.645" tests="7" failures="0" errors="0">
   <testsuite name="BC Iglo" tests="1" failures="0" errors="0" time="9.811" skipped="0" timestamp="03-04-2024T12:08:14" hostname="1901 - LAPTOP-LLV8UN8R.mshome.net" id="Test Suites/BC Iglo">
      <properties>
         <property name="deviceName" value=""/>
         <property name="devicePlatform" value=""/>
         <property name="logFolder" value="C:\\Users\\1901\\git\\Schedule-test-katalon\\Reports\\20240403_120752\\BC Iglo\\20240403_120753"/>
         <property name="logFiles" value="C:\\Users\\1901\\git\\Schedule-test-katalon\\Reports\\20240403_120752\\BC Iglo\\20240403_120753\\execution0.log"/>
         <property name="attachments" value=""/>
         <property name="hostName" value="1901 - LAPTOP-LLV8UN8R.mshome.net"/>
         <property name="os" value="Windows 11 64bit"/>
         <property name="katalonVersion" value="9.3.2.212"/>
         <property name="browser" value="Chrome 123.0.0.0"/>
         <property name="hostAddress" value="192.168.137.1"/>
         <property name="sessionId" value="5bd4fa73786c188961111c4cd8a3cfca"/>
         <property name="seleniumVersion" value="3.141.59"/>
         <property name="proxyInformation" value="ProxyInformation { proxyOption=NO_PROXY, proxyServerType=HTTP, username=, password=********, proxyServerAddress=, proxyServerPort=0, executionList=&quot;&quot;, isApplyToDesiredCapabilities=true }"/>
         <property name="platform" value="Windows 11"/>
      </properties>
      <testcase name="Test Cases/BC Iglo" time="9.603" classname="Test Cases/BC Iglo" status="PASSED">
         <system-out><![CDATA[03-04-2024T12:08:14 - [TEST_CASE][PASSED] - Test Cases/BC Iglo: Test Cases/BC Iglo

03-04-2024T12:08:15 - [TEST_STEP][PASSED] - openBrowser(""): Browser is opened with url: ''

03-04-2024T12:08:15 - [MESSAGE][INFO] - Starting 'Chrome' driver

03-04-2024T12:08:15 - [MESSAGE][INFO] - Action delay is set to 0 milliseconds

03-04-2024T12:08:17 - [MESSAGE][PASSED] - Browser is opened with url: ''

03-04-2024T12:08:17 - [TEST_STEP][PASSED] - navigateToUrl("https://www.indocyber.co.id/"): Navigate to 'https://www.indocyber.co.id/' successfully

03-04-2024T12:08:17 - [MESSAGE][PASSED] - Navigate to 'https://www.indocyber.co.id/' successfully

03-04-2024T12:08:17 - [TEST_STEP][PASSED] - click(findTestObject("Object Repository/BC Iglo/Page_Home  Indocyber/a_Bootcamp")): Object: 'Object Repository/BC Iglo/Page_Home  Indocyber/a_Bootcamp' is clicked on

03-04-2024T12:08:19 - [MESSAGE][PASSED] - Object: 'Object Repository/BC Iglo/Page_Home  Indocyber/a_Bootcamp' is clicked on

03-04-2024T12:08:19 - [TEST_STEP][PASSED] - click(findTestObject("Object Repository/BC Iglo/Page_Join Bootcamp at Indocyber  Indocyber/button_Apply Now")): Object: 'Object Repository/BC Iglo/Page_Join Bootcamp at Indocyber  Indocyber/button_Apply Now' is clicked on

03-04-2024T12:08:21 - [MESSAGE][PASSED] - Object: 'Object Repository/BC Iglo/Page_Join Bootcamp at Indocyber  Indocyber/button_Apply Now' is clicked on

03-04-2024T12:08:21 - [TEST_STEP][PASSED] - setText(findTestObject("Object Repository/BC Iglo/Page_Join Bootcamp at Indocyber  Indocyber/input_JOIN NOW_name"), "Faraz Septarian Adi Nugroho"): Text 'Faraz Septarian Adi Nugroho' is set on object 'Object Repository/BC Iglo/Page_Join Bootcamp at Indocyber  Indocyber/input_JOIN NOW_name'

03-04-2024T12:08:22 - [MESSAGE][PASSED] - Text 'Faraz Septarian Adi Nugroho' is set on object 'Object Repository/BC Iglo/Page_Join Bootcamp at Indocyber  Indocyber/input_JOIN NOW_name'

03-04-2024T12:08:22 - [TEST_STEP][PASSED] - setText(findTestObject("Object Repository/BC Iglo/Page_Join Bootcamp at Indocyber  Indocyber/input_JOIN NOW_email"), "faraz.spt@indocyber.id"): Text 'faraz.spt@indocyber.id' is set on object 'Object Repository/BC Iglo/Page_Join Bootcamp at Indocyber  Indocyber/input_JOIN NOW_email'

03-04-2024T12:08:22 - [MESSAGE][PASSED] - Text 'faraz.spt@indocyber.id' is set on object 'Object Repository/BC Iglo/Page_Join Bootcamp at Indocyber  Indocyber/input_JOIN NOW_email'

03-04-2024T12:08:22 - [TEST_STEP][PASSED] - setText(findTestObject("Object Repository/BC Iglo/Page_Join Bootcamp at Indocyber  Indocyber/input_JOIN NOW_handphone"), "0812345678"): Text '0812345678' is set on object 'Object Repository/BC Iglo/Page_Join Bootcamp at Indocyber  Indocyber/input_JOIN NOW_handphone'

03-04-2024T12:08:23 - [MESSAGE][PASSED] - Text '0812345678' is set on object 'Object Repository/BC Iglo/Page_Join Bootcamp at Indocyber  Indocyber/input_JOIN NOW_handphone'

03-04-2024T12:08:23 - [TEST_STEP][PASSED] - click(findTestObject("Object Repository/BC Iglo/Page_Join Bootcamp at Indocyber  Indocyber/div_OracleSQL Server.NETJavaMagicJOIN NOWRe_425abe")): Object: 'Object Repository/BC Iglo/Page_Join Bootcamp at Indocyber  Indocyber/div_OracleSQL Server.NETJavaMagicJOIN NOWRe_425abe' is clicked on

03-04-2024T12:08:24 - [MESSAGE][PASSED] - Object: 'Object Repository/BC Iglo/Page_Join Bootcamp at Indocyber  Indocyber/div_OracleSQL Server.NETJavaMagicJOIN NOWRe_425abe' is clicked on

03-04-2024T12:08:24 - [TEST_STEP][PASSED] - closeBrowser(): Browser is closed

03-04-2024T12:08:24 - [MESSAGE][PASSED] - Browser is closed]]></system-out>
         <system-err><![CDATA[]]></system-err>
      </testcase>
      <system-out><![CDATA[03-04-2024T12:08:14 - [TEST_SUITE][PASSED] - BC Iglo: Test Cases/BC Iglo]]></system-out>
      <system-err><![CDATA[]]></system-err>
   </testsuite>
   <testsuite name="Search Iglo" tests="1" failures="0" errors="0" time="8.688" skipped="0" timestamp="03-04-2024T12:08:36" hostname="1901 - LAPTOP-LLV8UN8R.mshome.net" id="Test Suites/Search Iglo">
      <properties>
         <property name="deviceName" value=""/>
         <property name="devicePlatform" value=""/>
         <property name="logFolder" value="C:\\Users\\1901\\git\\Schedule-test-katalon\\Reports\\20240403_120752\\Search Iglo\\20240403_120755"/>
         <property name="logFiles" value="C:\\Users\\1901\\git\\Schedule-test-katalon\\Reports\\20240403_120752\\Search Iglo\\20240403_120755\\execution0.log"/>
         <property name="attachments" value="keyes\keyes-2.png"/>
         <property name="hostName" value="1901 - LAPTOP-LLV8UN8R.mshome.net"/>
         <property name="os" value="Windows 11 64bit"/>
         <property name="katalonVersion" value="9.3.2.212"/>
         <property name="browser" value="Chrome 123.0.0.0"/>
         <property name="hostAddress" value="192.168.137.1"/>
         <property name="sessionId" value="41fac7263eca1561544669947aec8de4"/>
         <property name="seleniumVersion" value="3.141.59"/>
         <property name="proxyInformation" value="ProxyInformation { proxyOption=NO_PROXY, proxyServerType=HTTP, username=, password=********, proxyServerAddress=, proxyServerPort=0, executionList=&quot;&quot;, isApplyToDesiredCapabilities=true }"/>
         <property name="platform" value="Windows 11"/>
      </properties>
      <testcase name="Test Cases/Search Indocyber" time="8.481" classname="Test Cases/Search Indocyber" status="PASSED">
         <system-out><![CDATA[03-04-2024T12:08:36 - [TEST_CASE][PASSED] - Test Cases/Search Indocyber: Test Cases/Search Indocyber

03-04-2024T12:08:37 - [TEST_STEP][PASSED] - openBrowser(""): Browser is opened with url: ''

03-04-2024T12:08:37 - [MESSAGE][INFO] - Starting 'Chrome' driver

03-04-2024T12:08:37 - [MESSAGE][INFO] - Action delay is set to 0 milliseconds

03-04-2024T12:08:39 - [MESSAGE][PASSED] - Browser is opened with url: ''

03-04-2024T12:08:39 - [TEST_STEP][PASSED] - navigateToUrl("https://www.google.com/"): Navigate to 'https://www.google.com/' successfully

03-04-2024T12:08:40 - [MESSAGE][PASSED] - Navigate to 'https://www.google.com/' successfully

03-04-2024T12:08:40 - [TEST_STEP][PASSED] - setText(findTestObject("Object Repository/Search Iglo/Page_Google/textarea_Login_q"), "indocyber"): Text 'indocyber' is set on object 'Object Repository/Search Iglo/Page_Google/textarea_Login_q'

03-04-2024T12:08:41 - [MESSAGE][PASSED] - Text 'indocyber' is set on object 'Object Repository/Search Iglo/Page_Google/textarea_Login_q'

03-04-2024T12:08:41 - [TEST_STEP][PASSED] - click(findTestObject("Object Repository/Search Iglo/Page_Google/span_Indocyber Global Teknologi")): Object: 'Object Repository/Search Iglo/Page_Google/span_Indocyber Global Teknologi' is clicked on

03-04-2024T12:08:41 - [MESSAGE][PASSED] - Object: 'Object Repository/Search Iglo/Page_Google/span_Indocyber Global Teknologi' is clicked on

03-04-2024T12:08:41 - [TEST_STEP][PASSED] - takeScreenshotAsCheckpoint("2"): Taking screenshot successfully

03-04-2024T12:08:44 - [MESSAGE][INFO] - 0 hidden object(s)

03-04-2024T12:08:44 - [MESSAGE][PASSED] - Taking screenshot successfully
[[ATTACHMENT|keyes\keyes-2.png]]

03-04-2024T12:08:44 - [TEST_STEP][PASSED] - click(findTestObject("Object Repository/Search Iglo/Page_indocyber global teknologi - Penelusur_63e8c8/h3_Indocyber Home")): Object: 'Object Repository/Search Iglo/Page_indocyber global teknologi - Penelusur_63e8c8/h3_Indocyber Home' is clicked on

03-04-2024T12:08:45 - [MESSAGE][PASSED] - Object: 'Object Repository/Search Iglo/Page_indocyber global teknologi - Penelusur_63e8c8/h3_Indocyber Home' is clicked on

03-04-2024T12:08:45 - [TEST_STEP][PASSED] - closeBrowser(): Browser is closed

03-04-2024T12:08:45 - [MESSAGE][PASSED] - Browser is closed]]></system-out>
         <system-err><![CDATA[]]></system-err>
      </testcase>
      <system-out><![CDATA[03-04-2024T12:08:36 - [TEST_SUITE][PASSED] - Search Iglo: Test Cases/Search Indocyber]]></system-out>
      <system-err><![CDATA[]]></system-err>
   </testsuite>
   <testsuite name="Search Tanjung duren" tests="1" failures="0" errors="0" time="9.424" skipped="0" timestamp="03-04-2024T12:08:57" hostname="1901 - LAPTOP-LLV8UN8R.mshome.net" id="Test Suites/Search Tanjung duren">
      <properties>
         <property name="deviceName" value=""/>
         <property name="devicePlatform" value=""/>
         <property name="logFolder" value="C:\\Users\\1901\\git\\Schedule-test-katalon\\Reports\\20240403_120752\\Search Tanjung duren\\20240403_120757"/>
         <property name="logFiles" value="C:\\Users\\1901\\git\\Schedule-test-katalon\\Reports\\20240403_120752\\Search Tanjung duren\\20240403_120757\\execution0.log"/>
         <property name="attachments" value="keyes\keyes-3.png"/>
         <property name="hostName" value="1901 - LAPTOP-LLV8UN8R.mshome.net"/>
         <property name="os" value="Windows 11 64bit"/>
         <property name="katalonVersion" value="9.3.2.212"/>
         <property name="browser" value="Chrome 123.0.0.0"/>
         <property name="hostAddress" value="192.168.137.1"/>
         <property name="sessionId" value="8a0700def92201ab42816cfde2e77b04"/>
         <property name="seleniumVersion" value="3.141.59"/>
         <property name="proxyInformation" value="ProxyInformation { proxyOption=NO_PROXY, proxyServerType=HTTP, username=, password=********, proxyServerAddress=, proxyServerPort=0, executionList=&quot;&quot;, isApplyToDesiredCapabilities=true }"/>
         <property name="platform" value="Windows 11"/>
      </properties>
      <testcase name="Test Cases/Search Tanjung Duren" time="9.211" classname="Test Cases/Search Tanjung Duren" status="PASSED">
         <system-out><![CDATA[03-04-2024T12:08:57 - [TEST_CASE][PASSED] - Test Cases/Search Tanjung Duren: Test Cases/Search Tanjung Duren

03-04-2024T12:08:57 - [TEST_STEP][PASSED] - openBrowser(""): Browser is opened with url: ''

03-04-2024T12:08:58 - [MESSAGE][INFO] - Starting 'Chrome' driver

03-04-2024T12:08:58 - [MESSAGE][INFO] - Action delay is set to 0 milliseconds

03-04-2024T12:08:59 - [MESSAGE][PASSED] - Browser is opened with url: ''

03-04-2024T12:08:59 - [TEST_STEP][PASSED] - navigateToUrl("https://www.google.com/"): Navigate to 'https://www.google.com/' successfully

03-04-2024T12:09:00 - [MESSAGE][PASSED] - Navigate to 'https://www.google.com/' successfully

03-04-2024T12:09:00 - [TEST_STEP][PASSED] - setText(findTestObject("Object Repository/Search Tanjung duren/Page_Google/textarea_Login_q"), "tanjung duren"): Text 'tanjung duren' is set on object 'Object Repository/Search Tanjung duren/Page_Google/textarea_Login_q'

03-04-2024T12:09:01 - [MESSAGE][PASSED] - Text 'tanjung duren' is set on object 'Object Repository/Search Tanjung duren/Page_Google/textarea_Login_q'

03-04-2024T12:09:01 - [TEST_STEP][PASSED] - click(findTestObject("Object Repository/Search Tanjung duren/Page_Google/span_Tanjung Duren Utara")): Object: 'Object Repository/Search Tanjung duren/Page_Google/span_Tanjung Duren Utara' is clicked on

03-04-2024T12:09:02 - [MESSAGE][PASSED] - Object: 'Object Repository/Search Tanjung duren/Page_Google/span_Tanjung Duren Utara' is clicked on

03-04-2024T12:09:02 - [TEST_STEP][PASSED] - click(findTestObject("Object Repository/Search Tanjung duren/Page_tanjung duren - Penelusuran Google/h3_Tanjung Duren Utara, Grogol Petamburan, _9c911c")): Object: 'Object Repository/Search Tanjung duren/Page_tanjung duren - Penelusuran Google/h3_Tanjung Duren Utara, Grogol Petamburan, _9c911c' is clicked on

03-04-2024T12:09:05 - [MESSAGE][PASSED] - Object: 'Object Repository/Search Tanjung duren/Page_tanjung duren - Penelusuran Google/h3_Tanjung Duren Utara, Grogol Petamburan, _9c911c' is clicked on

03-04-2024T12:09:05 - [TEST_STEP][PASSED] - takeScreenshotAsCheckpoint("3"): Taking screenshot successfully

03-04-2024T12:09:06 - [MESSAGE][INFO] - 0 hidden object(s)

03-04-2024T12:09:06 - [MESSAGE][PASSED] - Taking screenshot successfully
[[ATTACHMENT|keyes\keyes-3.png]]

03-04-2024T12:09:06 - [TEST_STEP][PASSED] - closeBrowser(): Browser is closed

03-04-2024T12:09:06 - [MESSAGE][PASSED] - Browser is closed]]></system-out>
         <system-err><![CDATA[]]></system-err>
      </testcase>
      <system-out><![CDATA[03-04-2024T12:08:57 - [TEST_SUITE][PASSED] - Search Tanjung duren: Test Cases/Search Tanjung Duren]]></system-out>
      <system-err><![CDATA[]]></system-err>
   </testsuite>
   <testsuite name="web iglo" tests="1" failures="0" errors="0" time="8.73" skipped="0" timestamp="03-04-2024T12:09:17" hostname="1901 - LAPTOP-LLV8UN8R.mshome.net" id="Test Suites/web iglo">
      <properties>
         <property name="deviceName" value=""/>
         <property name="devicePlatform" value=""/>
         <property name="logFolder" value="C:\\Users\\1901\\git\\Schedule-test-katalon\\Reports\\20240403_120752\\web iglo\\20240403_120759"/>
         <property name="logFiles" value="C:\\Users\\1901\\git\\Schedule-test-katalon\\Reports\\20240403_120752\\web iglo\\20240403_120759\\execution0.log"/>
         <property name="attachments" value="keyes\keyes-1.png"/>
         <property name="hostName" value="1901 - LAPTOP-LLV8UN8R.mshome.net"/>
         <property name="os" value="Windows 11 64bit"/>
         <property name="katalonVersion" value="9.3.2.212"/>
         <property name="browser" value="Chrome 123.0.0.0"/>
         <property name="hostAddress" value="192.168.137.1"/>
         <property name="sessionId" value="2ea514ccdc420af36f5503682fd28648"/>
         <property name="seleniumVersion" value="3.141.59"/>
         <property name="proxyInformation" value="ProxyInformation { proxyOption=NO_PROXY, proxyServerType=HTTP, username=, password=********, proxyServerAddress=, proxyServerPort=0, executionList=&quot;&quot;, isApplyToDesiredCapabilities=true }"/>
         <property name="platform" value="Windows 11"/>
      </properties>
      <testcase name="Test Cases/Web Iglo" time="8.469" classname="Test Cases/Web Iglo" status="PASSED">
         <system-out><![CDATA[03-04-2024T12:09:17 - [TEST_CASE][PASSED] - Test Cases/Web Iglo: Test Cases/Web Iglo

03-04-2024T12:09:17 - [TEST_STEP][PASSED] - openBrowser(""): Browser is opened with url: ''

03-04-2024T12:09:18 - [MESSAGE][INFO] - Starting 'Chrome' driver

03-04-2024T12:09:18 - [MESSAGE][INFO] - Action delay is set to 0 milliseconds

03-04-2024T12:09:20 - [MESSAGE][PASSED] - Browser is opened with url: ''

03-04-2024T12:09:20 - [TEST_STEP][PASSED] - navigateToUrl("https://www.indocyber.co.id/"): Navigate to 'https://www.indocyber.co.id/' successfully

03-04-2024T12:09:20 - [MESSAGE][PASSED] - Navigate to 'https://www.indocyber.co.id/' successfully

03-04-2024T12:09:20 - [TEST_STEP][PASSED] - click(findTestObject("Object Repository/contact_us/Page_Home  Indocyber/a_Contact Us")): Object: 'Object Repository/contact_us/Page_Home  Indocyber/a_Contact Us' is clicked on

03-04-2024T12:09:22 - [MESSAGE][PASSED] - Object: 'Object Repository/contact_us/Page_Home  Indocyber/a_Contact Us' is clicked on

03-04-2024T12:09:22 - [TEST_STEP][PASSED] - setText(findTestObject("Object Repository/contact_us/Page_Contact Us  Indocyber/input_What can we do for you_name"), "Faraz Septarian"): Text 'Faraz Septarian' is set on object 'Object Repository/contact_us/Page_Contact Us  Indocyber/input_What can we do for you_name'

03-04-2024T12:09:24 - [MESSAGE][PASSED] - Text 'Faraz Septarian' is set on object 'Object Repository/contact_us/Page_Contact Us  Indocyber/input_What can we do for you_name'

03-04-2024T12:09:24 - [TEST_STEP][PASSED] - setText(findTestObject("Object Repository/contact_us/Page_Contact Us  Indocyber/input_What can we do for you_email"), "faraz.nugroho@indocyber.id"): Text 'faraz.nugroho@indocyber.id' is set on object 'Object Repository/contact_us/Page_Contact Us  Indocyber/input_What can we do for you_email'

03-04-2024T12:09:25 - [MESSAGE][PASSED] - Text 'faraz.nugroho@indocyber.id' is set on object 'Object Repository/contact_us/Page_Contact Us  Indocyber/input_What can we do for you_email'

03-04-2024T12:09:25 - [TEST_STEP][PASSED] - takeScreenshotAsCheckpoint("1"): Taking screenshot successfully

03-04-2024T12:09:25 - [MESSAGE][INFO] - 0 hidden object(s)

03-04-2024T12:09:25 - [MESSAGE][PASSED] - Taking screenshot successfully
[[ATTACHMENT|keyes\keyes-1.png]]

03-04-2024T12:09:25 - [TEST_STEP][PASSED] - closeBrowser(): Browser is closed

03-04-2024T12:09:25 - [MESSAGE][PASSED] - Browser is closed]]></system-out>
         <system-err><![CDATA[]]></system-err>
      </testcase>
      <system-out><![CDATA[03-04-2024T12:09:17 - [TEST_SUITE][PASSED] - web iglo: Test Cases/Web Iglo]]></system-out>
      <system-err><![CDATA[]]></system-err>
   </testsuite>
   <testsuite name="youtube" tests="1" failures="0" errors="0" time="10.605" skipped="0" timestamp="03-04-2024T12:09:36" hostname="1901 - LAPTOP-LLV8UN8R.mshome.net" id="Test Suites/youtube">
      <properties>
         <property name="deviceName" value=""/>
         <property name="devicePlatform" value=""/>
         <property name="logFolder" value="C:\\Users\\1901\\git\\Schedule-test-katalon\\Reports\\20240403_120752\\youtube\\20240403_120801"/>
         <property name="logFiles" value="C:\\Users\\1901\\git\\Schedule-test-katalon\\Reports\\20240403_120752\\youtube\\20240403_120801\\execution0.log"/>
         <property name="attachments" value=""/>
         <property name="hostName" value="1901 - LAPTOP-LLV8UN8R.mshome.net"/>
         <property name="os" value="Windows 11 64bit"/>
         <property name="katalonVersion" value="9.3.2.212"/>
         <property name="browser" value="Chrome 123.0.0.0"/>
         <property name="hostAddress" value="192.168.137.1"/>
         <property name="sessionId" value="b6cccc0be1bddbe611e2393c501930d3"/>
         <property name="seleniumVersion" value="3.141.59"/>
         <property name="proxyInformation" value="ProxyInformation { proxyOption=NO_PROXY, proxyServerType=HTTP, username=, password=********, proxyServerAddress=, proxyServerPort=0, executionList=&quot;&quot;, isApplyToDesiredCapabilities=true }"/>
         <property name="platform" value="Windows 11"/>
      </properties>
      <testcase name="Test Cases/open youtube" time="10.406" classname="Test Cases/open youtube" status="PASSED">
         <system-out><![CDATA[03-04-2024T12:09:36 - [TEST_CASE][PASSED] - Test Cases/open youtube: Test Cases/open youtube

03-04-2024T12:09:37 - [TEST_STEP][PASSED] - openBrowser(""): Browser is opened with url: ''

03-04-2024T12:09:37 - [MESSAGE][INFO] - Starting 'Chrome' driver

03-04-2024T12:09:37 - [MESSAGE][INFO] - Action delay is set to 0 milliseconds

03-04-2024T12:09:38 - [MESSAGE][PASSED] - Browser is opened with url: ''

03-04-2024T12:09:38 - [TEST_STEP][PASSED] - navigateToUrl("https://www.youtube.com/?themeRefresh=1"): Navigate to 'https://www.youtube.com/?themeRefresh=1' successfully

03-04-2024T12:09:42 - [MESSAGE][PASSED] - Navigate to 'https://www.youtube.com/?themeRefresh=1' successfully

03-04-2024T12:09:42 - [TEST_STEP][PASSED] - setText(findTestObject("Object Repository/search youtube/Page_YouTube/input_Skip navigation_search_query"), "katalon schedule test"): Text 'katalon schedule test' is set on object 'Object Repository/search youtube/Page_YouTube/input_Skip navigation_search_query'

03-04-2024T12:09:44 - [MESSAGE][PASSED] - Text 'katalon schedule test' is set on object 'Object Repository/search youtube/Page_YouTube/input_Skip navigation_search_query'

03-04-2024T12:09:44 - [TEST_STEP][PASSED] - click(findTestObject("Object Repository/search youtube/Page_YouTube/div")): Object: 'Object Repository/search youtube/Page_YouTube/div' is clicked on

03-04-2024T12:09:46 - [MESSAGE][PASSED] - Object: 'Object Repository/search youtube/Page_YouTube/div' is clicked on

03-04-2024T12:09:46 - [TEST_STEP][PASSED] - closeBrowser(): Browser is closed

03-04-2024T12:09:47 - [MESSAGE][PASSED] - Browser is closed]]></system-out>
         <system-err><![CDATA[]]></system-err>
      </testcase>
      <system-out><![CDATA[03-04-2024T12:09:36 - [TEST_SUITE][PASSED] - youtube: Test Cases/open youtube]]></system-out>
      <system-err><![CDATA[]]></system-err>
   </testsuite>
   <testsuite name="Search Hasil Pemilu" tests="1" failures="0" errors="0" time="19.71" skipped="0" timestamp="03-04-2024T12:09:57" hostname="1901 - LAPTOP-LLV8UN8R.mshome.net" id="Test Suites/Search Hasil Pemilu">
      <properties>
         <property name="deviceName" value=""/>
         <property name="devicePlatform" value=""/>
         <property name="logFolder" value="C:\\Users\\1901\\git\\Schedule-test-katalon\\Reports\\20240403_120752\\Search Hasil Pemilu\\20240403_120803"/>
         <property name="logFiles" value="C:\\Users\\1901\\git\\Schedule-test-katalon\\Reports\\20240403_120752\\Search Hasil Pemilu\\20240403_120803\\execution0.log"/>
         <property name="attachments" value="keyes\keyes-1.png"/>
         <property name="hostName" value="1901 - LAPTOP-LLV8UN8R.mshome.net"/>
         <property name="os" value="Windows 11 64bit"/>
         <property name="katalonVersion" value="9.3.2.212"/>
         <property name="browser" value="Chrome 123.0.0.0"/>
         <property name="hostAddress" value="192.168.137.1"/>
         <property name="sessionId" value="bb7fd2930d0387ca498c509deb1fb9b4"/>
         <property name="seleniumVersion" value="3.141.59"/>
         <property name="proxyInformation" value="ProxyInformation { proxyOption=NO_PROXY, proxyServerType=HTTP, username=, password=********, proxyServerAddress=, proxyServerPort=0, executionList=&quot;&quot;, isApplyToDesiredCapabilities=true }"/>
         <property name="platform" value="Windows 11"/>
      </properties>
      <testcase name="Test Cases/Search Hasil Pemilu" time="19.526" classname="Test Cases/Search Hasil Pemilu" status="PASSED">
         <system-out><![CDATA[03-04-2024T12:09:57 - [TEST_CASE][PASSED] - Test Cases/Search Hasil Pemilu: Test Cases/Search Hasil Pemilu

03-04-2024T12:09:58 - [TEST_STEP][PASSED] - openBrowser(""): Browser is opened with url: ''

03-04-2024T12:09:58 - [MESSAGE][INFO] - Starting 'Chrome' driver

03-04-2024T12:09:58 - [MESSAGE][INFO] - Action delay is set to 0 milliseconds

03-04-2024T12:10:00 - [MESSAGE][PASSED] - Browser is opened with url: ''

03-04-2024T12:10:00 - [TEST_STEP][PASSED] - navigateToUrl("https://www.google.com/"): Navigate to 'https://www.google.com/' successfully

03-04-2024T12:10:01 - [MESSAGE][PASSED] - Navigate to 'https://www.google.com/' successfully

03-04-2024T12:10:01 - [TEST_STEP][PASSED] - setText(findTestObject("Object Repository/Search hasil pemilu/Page_Google/textarea_Login_q"), "hasil pemilu"): Text 'hasil pemilu' is set on object 'Object Repository/Search hasil pemilu/Page_Google/textarea_Login_q'

03-04-2024T12:10:02 - [MESSAGE][PASSED] - Text 'hasil pemilu' is set on object 'Object Repository/Search hasil pemilu/Page_Google/textarea_Login_q'

03-04-2024T12:10:02 - [TEST_STEP][PASSED] - click(findTestObject("Object Repository/Search hasil pemilu/Page_Google/span_hasil pemilu 2024")): Object: 'Object Repository/Search hasil pemilu/Page_Google/span_hasil pemilu 2024' is clicked on

03-04-2024T12:10:02 - [MESSAGE][PASSED] - Object: 'Object Repository/Search hasil pemilu/Page_Google/span_hasil pemilu 2024' is clicked on

03-04-2024T12:10:02 - [TEST_STEP][PASSED] - click(findTestObject("Object Repository/Search hasil pemilu/Page_hasil pemilu 2024 - Penelusuran Google/h3_Info Publik Pemilu 2024")): Object: 'Object Repository/Search hasil pemilu/Page_hasil pemilu 2024 - Penelusuran Google/h3_Info Publik Pemilu 2024' is clicked on

03-04-2024T12:10:06 - [MESSAGE][PASSED] - Object: 'Object Repository/Search hasil pemilu/Page_hasil pemilu 2024 - Penelusuran Google/h3_Info Publik Pemilu 2024' is clicked on

03-04-2024T12:10:06 - [TEST_STEP][PASSED] - click(findTestObject("Object Repository/Search hasil pemilu/Page_Info Publik Pemilu 2024/a_BANTEN")): Object: 'Object Repository/Search hasil pemilu/Page_Info Publik Pemilu 2024/a_BANTEN' is clicked on

03-04-2024T12:10:07 - [MESSAGE][PASSED] - Object: 'Object Repository/Search hasil pemilu/Page_Info Publik Pemilu 2024/a_BANTEN' is clicked on

03-04-2024T12:10:07 - [TEST_STEP][PASSED] - click(findTestObject("Object Repository/Search hasil pemilu/Page_Info Publik Pemilu 2024/a_KOTA TANGERANG SELATAN")): Object: 'Object Repository/Search hasil pemilu/Page_Info Publik Pemilu 2024/a_KOTA TANGERANG SELATAN' is clicked on

03-04-2024T12:10:07 - [MESSAGE][PASSED] - Object: 'Object Repository/Search hasil pemilu/Page_Info Publik Pemilu 2024/a_KOTA TANGERANG SELATAN' is clicked on

03-04-2024T12:10:07 - [TEST_STEP][PASSED] - click(findTestObject("Object Repository/Search hasil pemilu/Page_Info Publik Pemilu 2024/a_PAMULANG")): Object: 'Object Repository/Search hasil pemilu/Page_Info Publik Pemilu 2024/a_PAMULANG' is clicked on

03-04-2024T12:10:10 - [MESSAGE][PASSED] - Object: 'Object Repository/Search hasil pemilu/Page_Info Publik Pemilu 2024/a_PAMULANG' is clicked on

03-04-2024T12:10:10 - [TEST_STEP][PASSED] - click(findTestObject("Object Repository/Search hasil pemilu/Page_Info Publik Pemilu 2024/a_KEDAUNG")): Object: 'Object Repository/Search hasil pemilu/Page_Info Publik Pemilu 2024/a_KEDAUNG' is clicked on

03-04-2024T12:10:13 - [MESSAGE][PASSED] - Object: 'Object Repository/Search hasil pemilu/Page_Info Publik Pemilu 2024/a_KEDAUNG' is clicked on

03-04-2024T12:10:13 - [TEST_STEP][PASSED] - click(findTestObject("Object Repository/Search hasil pemilu/Page_Info Publik Pemilu 2024/a_TPS 017")): Object: 'Object Repository/Search hasil pemilu/Page_Info Publik Pemilu 2024/a_TPS 017' is clicked on

03-04-2024T12:10:16 - [MESSAGE][PASSED] - Object: 'Object Repository/Search hasil pemilu/Page_Info Publik Pemilu 2024/a_TPS 017' is clicked on

03-04-2024T12:10:16 - [TEST_STEP][PASSED] - takeScreenshotAsCheckpoint("1"): Taking screenshot successfully

03-04-2024T12:10:16 - [MESSAGE][INFO] - 0 hidden object(s)

03-04-2024T12:10:17 - [MESSAGE][PASSED] - Taking screenshot successfully
[[ATTACHMENT|keyes\keyes-1.png]]

03-04-2024T12:10:17 - [TEST_STEP][PASSED] - closeBrowser(): Browser is closed

03-04-2024T12:10:17 - [MESSAGE][PASSED] - Browser is closed]]></system-out>
         <system-err><![CDATA[]]></system-err>
      </testcase>
      <system-out><![CDATA[03-04-2024T12:09:57 - [TEST_SUITE][PASSED] - Search Hasil Pemilu: Test Cases/Search Hasil Pemilu]]></system-out>
      <system-err><![CDATA[]]></system-err>
   </testsuite>
   <testsuite name="Search Kawal Pemilu" tests="1" failures="0" errors="0" time="41.852" skipped="0" timestamp="03-04-2024T12:10:28" hostname="1901 - LAPTOP-LLV8UN8R.mshome.net" id="Test Suites/Search Kawal Pemilu">
      <properties>
         <property name="deviceName" value=""/>
         <property name="devicePlatform" value=""/>
         <property name="logFolder" value="C:\\Users\\1901\\git\\Schedule-test-katalon\\Reports\\20240403_120752\\Search Kawal Pemilu\\20240403_120805"/>
         <property name="logFiles" value="C:\\Users\\1901\\git\\Schedule-test-katalon\\Reports\\20240403_120752\\Search Kawal Pemilu\\20240403_120805\\execution0.log"/>
         <property name="attachments" value="keyes\keyes-1.png"/>
         <property name="hostName" value="1901 - LAPTOP-LLV8UN8R.mshome.net"/>
         <property name="os" value="Windows 11 64bit"/>
         <property name="katalonVersion" value="9.3.2.212"/>
         <property name="browser" value="Chrome 123.0.0.0"/>
         <property name="hostAddress" value="192.168.137.1"/>
         <property name="sessionId" value="7e449778bd618d4050c552428acdc419"/>
         <property name="seleniumVersion" value="3.141.59"/>
         <property name="proxyInformation" value="ProxyInformation { proxyOption=NO_PROXY, proxyServerType=HTTP, username=, password=********, proxyServerAddress=, proxyServerPort=0, executionList=&quot;&quot;, isApplyToDesiredCapabilities=true }"/>
         <property name="platform" value="Windows 11"/>
      </properties>
      <testcase name="Test Cases/Search Kawal Pemilu" time="41.662" classname="Test Cases/Search Kawal Pemilu" status="PASSED">
         <system-out><![CDATA[03-04-2024T12:10:29 - [TEST_CASE][PASSED] - Test Cases/Search Kawal Pemilu: Test Cases/Search Kawal Pemilu

03-04-2024T12:10:29 - [TEST_STEP][PASSED] - openBrowser(""): Browser is opened with url: ''

03-04-2024T12:10:29 - [MESSAGE][INFO] - Starting 'Chrome' driver

03-04-2024T12:10:29 - [MESSAGE][INFO] - Action delay is set to 0 milliseconds

03-04-2024T12:10:31 - [MESSAGE][PASSED] - Browser is opened with url: ''

03-04-2024T12:10:31 - [TEST_STEP][PASSED] - navigateToUrl("https://www.google.com/"): Navigate to 'https://www.google.com/' successfully

03-04-2024T12:10:32 - [MESSAGE][PASSED] - Navigate to 'https://www.google.com/' successfully

03-04-2024T12:10:32 - [TEST_STEP][PASSED] - setText(findTestObject("Object Repository/Search kawal pemilu/Page_Google/textarea_Login_q"), "kawal pemilu"): Text 'kawal pemilu' is set on object 'Object Repository/Search kawal pemilu/Page_Google/textarea_Login_q'

03-04-2024T12:10:33 - [MESSAGE][PASSED] - Text 'kawal pemilu' is set on object 'Object Repository/Search kawal pemilu/Page_Google/textarea_Login_q'

03-04-2024T12:10:33 - [TEST_STEP][PASSED] - click(findTestObject("Object Repository/Search kawal pemilu/Page_Google/span_kawal pemilu")): Object: 'Object Repository/Search kawal pemilu/Page_Google/span_kawal pemilu' is clicked on

03-04-2024T12:10:33 - [MESSAGE][PASSED] - Object: 'Object Repository/Search kawal pemilu/Page_Google/span_kawal pemilu' is clicked on

03-04-2024T12:10:33 - [TEST_STEP][PASSED] - click(findTestObject("Object Repository/Search kawal pemilu/Page_kawal pemilu - Penelusuran Google/h3_KawalPemilu 2024")): Object: 'Object Repository/Search kawal pemilu/Page_kawal pemilu - Penelusuran Google/h3_KawalPemilu 2024' is clicked on

03-04-2024T12:11:05 - [MESSAGE][INFO] - Unable to find the element located by 'By.xpath: //div[@id='rso']/div/div/div/div/div/div/div/div/div/span/a/h3'. Please recheck the objects properties to make sure the desired element is located. 

03-04-2024T12:11:05 - [MESSAGE][WARNING] - [SELF-HEALING] Failed to find element with id 'Object Repository/Search kawal pemilu/Page_kawal pemilu - Penelusuran Google/h3_KawalPemilu 2024'. Try using Self-healing.

03-04-2024T12:11:05 - [MESSAGE][INFO] - [SELF-HEALING] Failed Locator: '//div[@id='rso']/div/div/div/div/div/div/div/div/div/span/a/h3'.

03-04-2024T12:11:05 - [MESSAGE][INFO] - [SELF-HEALING] Working Locator: '(.//*[normalize-space(text()) and normalize-space(.)='Hasil Web dengan Sitelink'])[1]/following::h3[1]'.

03-04-2024T12:11:05 - [MESSAGE][INFO] - [SELF-HEALING] Screenshot: C:/Users/1901/git/Schedule-test-katalon/Reports/Self-healing/Object Repository/Search kawal pemilu/Page_kawal pemilu - Penelusuran Google/h3_KawalPemilu 2024_neighbor.png

03-04-2024T12:11:05 - [MESSAGE][WARNING] - [SELF-HEALING] The current locator of test object 'Object Repository/Search kawal pemilu/Page_kawal pemilu - Penelusuran Google/h3_KawalPemilu 2024' was broken. Propose an alternative one: '(.//*[normalize-space(text()) and normalize-space(.)='Hasil Web dengan Sitelink'])[1]/following::h3[1]'.

03-04-2024T12:11:06 - [MESSAGE][PASSED] - Object: 'Object Repository/Search kawal pemilu/Page_kawal pemilu - Penelusuran Google/h3_KawalPemilu 2024' is clicked on

03-04-2024T12:11:06 - [TEST_STEP][PASSED] - click(findTestObject("Object Repository/Search kawal pemilu/Page_KawalPemilu 2024/a_BANTEN")): Object: 'Object Repository/Search kawal pemilu/Page_KawalPemilu 2024/a_BANTEN' is clicked on

03-04-2024T12:11:07 - [MESSAGE][PASSED] - Object: 'Object Repository/Search kawal pemilu/Page_KawalPemilu 2024/a_BANTEN' is clicked on

03-04-2024T12:11:07 - [TEST_STEP][PASSED] - click(findTestObject("Object Repository/Search kawal pemilu/Page_KawalPemilu 2024/a_KOTA TANGERANG SELATAN")): Object: 'Object Repository/Search kawal pemilu/Page_KawalPemilu 2024/a_KOTA TANGERANG SELATAN' is clicked on

03-04-2024T12:11:08 - [MESSAGE][PASSED] - Object: 'Object Repository/Search kawal pemilu/Page_KawalPemilu 2024/a_KOTA TANGERANG SELATAN' is clicked on

03-04-2024T12:11:08 - [TEST_STEP][PASSED] - click(findTestObject("Object Repository/Search kawal pemilu/Page_KawalPemilu 2024/a_PAMULANG")): Object: 'Object Repository/Search kawal pemilu/Page_KawalPemilu 2024/a_PAMULANG' is clicked on

03-04-2024T12:11:08 - [MESSAGE][PASSED] - Object: 'Object Repository/Search kawal pemilu/Page_KawalPemilu 2024/a_PAMULANG' is clicked on

03-04-2024T12:11:08 - [TEST_STEP][PASSED] - click(findTestObject("Object Repository/Search kawal pemilu/Page_KawalPemilu 2024/a_KEDAUNG")): Object: 'Object Repository/Search kawal pemilu/Page_KawalPemilu 2024/a_KEDAUNG' is clicked on

03-04-2024T12:11:09 - [MESSAGE][PASSED] - Object: 'Object Repository/Search kawal pemilu/Page_KawalPemilu 2024/a_KEDAUNG' is clicked on

03-04-2024T12:11:09 - [TEST_STEP][PASSED] - takeScreenshotAsCheckpoint("1"): Taking screenshot successfully

03-04-2024T12:11:10 - [MESSAGE][INFO] - 0 hidden object(s)

03-04-2024T12:11:10 - [MESSAGE][PASSED] - Taking screenshot successfully
[[ATTACHMENT|keyes\keyes-1.png]]

03-04-2024T12:11:10 - [TEST_STEP][PASSED] - closeBrowser(): Browser is closed

03-04-2024T12:11:10 - [MESSAGE][PASSED] - Browser is closed]]></system-out>
         <system-err><![CDATA[]]></system-err>
      </testcase>
      <system-out><![CDATA[03-04-2024T12:10:28 - [TEST_SUITE][PASSED] - Search Kawal Pemilu: Test Cases/Search Kawal Pemilu]]></system-out>
      <system-err><![CDATA[]]></system-err>
   </testsuite>
</testsuites>
